{"@t":"2025-12-15T05:02:35.0192933Z","@mt":"Failed to load 'Assets/LANGUAGE\\StringResources.ko.xaml' -> IOException: 'assets/language/stringresources.ko.xaml' 리소스가 없습니다.","@l":"Debug","Member":"LoadDictionaryForCulture()","SourceFile":"LocalizationService.cs:163"}
{"@t":"2025-12-15T05:02:35.1143571Z","@mt":"Failed to load 'Assets/LANGUAGE\\StringResources.xaml' -> IOException: 'assets/language/stringresources.xaml' 리소스가 없습니다.","@l":"Debug","Member":"LoadDictionaryForCulture()","SourceFile":"LocalizationService.cs:163"}
{"@t":"2025-12-15T05:02:36.1035773Z","@mt":"[Init] DB Connecting ...","Member":"Update()","SourceFile":"AppInitializer.cs:102"}
{"@t":"2025-12-15T05:02:36.9825904Z","@mt":"[Init] Cache Loading ...","Member":"Update()","SourceFile":"AppInitializer.cs:102"}
{"@t":"2025-12-15T05:02:37.8514243Z","@mt":"[Init] Language Loading ...","Member":"Update()","SourceFile":"AppInitializer.cs:102"}
{"@t":"2025-12-15T05:02:38.1551427Z","@mt":"[Init] Devices Loading...","Member":"Update()","SourceFile":"AppInitializer.cs:102"}
{"@t":"2025-12-15T05:02:41.3735740Z","@mt":"[Init] Audio Preloading...","Member":"Update()","SourceFile":"AppInitializer.cs:102"}
{"@t":"2025-12-15T05:02:41.4941489Z","@mt":"Cached audio loaded: Bill.wav (338696 bytes). Total cache bytes: 899056","Member":"GetOrLoadCachedSound()","SourceFile":"AudioPlayService.cs:119"}
{"@t":"2025-12-15T05:02:41.4941513Z","@mt":"Cached audio loaded: Coin.wav (560360 bytes). Total cache bytes: 899056","Member":"GetOrLoadCachedSound()","SourceFile":"AudioPlayService.cs:119"}
{"@t":"2025-12-15T05:02:41.5060260Z","@mt":"Cached audio loaded: Click.wav (175360 bytes). Total cache bytes: 1074416","Member":"GetOrLoadCachedSound()","SourceFile":"AudioPlayService.cs:119"}
{"@t":"2025-12-15T05:02:41.8126933Z","@mt":"[Init] Initialize Complete","Member":"Update()","SourceFile":"AppInitializer.cs:102"}
{"@t":"2025-12-15T05:02:41.8323865Z","@mt":"BackgroundTaskService starting.","Member":"StartAsync()","SourceFile":"BackgroundTaskService.cs:47"}
{"@t":"2025-12-15T05:02:41.8372749Z","@mt":"BackgroundTaskService ExecuteAsync loop started.","Member":"ExecuteAsync()","SourceFile":"BackgroundTaskService.cs:75"}
{"@t":"2025-12-15T05:02:42.9618297Z","@mt":"Background Task Excute  >> [SENT_CEMS_TX_RESULT]","Member":"RunJobSafe()","SourceFile":"BackgroundTaskService.cs:166"}
{"@t":"2025-12-15T05:02:43.1235934Z","@mt":"Background Task Excute  >> [UPDATE_EXCHANGE_RATE]","Member":"RunJobSafe()","SourceFile":"BackgroundTaskService.cs:166"}
{"@t":"2025-12-15T05:51:11.6760534Z","@mt":"Failed to load 'Assets/LANGUAGE\\StringResources.ko.xaml' -> IOException: 'assets/language/stringresources.ko.xaml' 리소스가 없습니다.","@l":"Debug","Member":"LoadDictionaryForCulture()","SourceFile":"LocalizationService.cs:163"}
{"@t":"2025-12-15T05:51:11.7534501Z","@mt":"Failed to load 'Assets/LANGUAGE\\StringResources.xaml' -> IOException: 'assets/language/stringresources.xaml' 리소스가 없습니다.","@l":"Debug","Member":"LoadDictionaryForCulture()","SourceFile":"LocalizationService.cs:163"}
{"@t":"2025-12-15T05:51:12.6838109Z","@mt":"[Init] DB Connecting ...","Member":"Update()","SourceFile":"AppInitializer.cs:102"}
{"@t":"2025-12-15T05:51:13.2900781Z","@mt":"[Init] Cache Loading ...","Member":"Update()","SourceFile":"AppInitializer.cs:102"}
{"@t":"2025-12-15T05:51:14.2184720Z","@mt":"[Init] Language Loading ...","Member":"Update()","SourceFile":"AppInitializer.cs:102"}
{"@t":"2025-12-15T05:51:14.5232969Z","@mt":"[Init] Devices Loading...","Member":"Update()","SourceFile":"AppInitializer.cs:102"}
{"@t":"2025-12-15T05:51:16.7401878Z","@mt":"[Init] Audio Preloading...","Member":"Update()","SourceFile":"AppInitializer.cs:102"}
{"@t":"2025-12-15T05:51:16.7942219Z","@mt":"Cached audio loaded: Bill.wav (338696 bytes). Total cache bytes: 338696","Member":"GetOrLoadCachedSound()","SourceFile":"AudioPlayService.cs:119"}
{"@t":"2025-12-15T05:51:16.7957054Z","@mt":"Cached audio loaded: Coin.wav (560360 bytes). Total cache bytes: 899056","Member":"GetOrLoadCachedSound()","SourceFile":"AudioPlayService.cs:119"}
{"@t":"2025-12-15T05:51:16.8103696Z","@mt":"Cached audio loaded: Click.wav (175360 bytes). Total cache bytes: 1074416","Member":"GetOrLoadCachedSound()","SourceFile":"AudioPlayService.cs:119"}
{"@t":"2025-12-15T05:51:17.1148598Z","@mt":"[Init] Initialize Complete","Member":"Update()","SourceFile":"AppInitializer.cs:102"}
{"@t":"2025-12-15T05:51:17.1333785Z","@mt":"BackgroundTaskService starting.","Member":"StartAsync()","SourceFile":"BackgroundTaskService.cs:47"}
{"@t":"2025-12-15T05:51:17.1369207Z","@mt":"BackgroundTaskService ExecuteAsync loop started.","Member":"ExecuteAsync()","SourceFile":"BackgroundTaskService.cs:75"}
{"@t":"2025-12-15T05:51:18.2038477Z","@mt":"Background Task Excute  >> [SENT_CEMS_TX_RESULT]","Member":"RunJobSafe()","SourceFile":"BackgroundTaskService.cs:166"}
{"@t":"2025-12-15T05:51:18.3797848Z","@mt":"Background Task Excute  >> [UPDATE_EXCHANGE_RATE]","Member":"RunJobSafe()","SourceFile":"BackgroundTaskService.cs:166"}
{"@t":"2025-12-15T05:51:49.1456604Z","@mt":"Background Task Excute  >> [SENT_CEMS_TX_RESULT]","Member":"RunJobSafe()","SourceFile":"BackgroundTaskService.cs:166"}
{"@t":"2025-12-15T05:51:49.2210792Z","@mt":"Background Task Excute  >> [UPDATE_EXCHANGE_RATE]","Member":"RunJobSafe()","SourceFile":"BackgroundTaskService.cs:166"}
{"@t":"2025-12-15T05:52:20.1458224Z","@mt":"Background Task Excute  >> [SENT_CEMS_TX_RESULT]","Member":"RunJobSafe()","SourceFile":"BackgroundTaskService.cs:166"}
{"@t":"2025-12-15T05:52:20.1978325Z","@mt":"Background Task Excute  >> [UPDATE_EXCHANGE_RATE]","Member":"RunJobSafe()","SourceFile":"BackgroundTaskService.cs:166"}
