{"@t":"2025-12-11T08:13:21.6467519Z","@mt":"Failed to load 'Assets/LANGUAGE\\StringResources.ko.xaml' -> IOException: 'assets/language/stringresources.ko.xaml' 리소스가 없습니다.","@l":"Debug","Member":"LoadDictionaryForCulture()","SourceFile":"LocalizationService.cs:163"}
{"@t":"2025-12-11T08:13:21.7988364Z","@mt":"Failed to load 'Assets/LANGUAGE\\StringResources.xaml' -> IOException: 'assets/language/stringresources.xaml' 리소스가 없습니다.","@l":"Debug","Member":"LoadDictionaryForCulture()","SourceFile":"LocalizationService.cs:163"}
{"@t":"2025-12-11T08:13:23.1784454Z","@mt":"[Init] DB Connecting ...","Member":"Update()","SourceFile":"AppInitializer.cs:102"}
{"@t":"2025-12-11T08:13:23.9783664Z","@mt":"[Init] Cache Loading ...","Member":"Update()","SourceFile":"AppInitializer.cs:102"}
{"@t":"2025-12-11T08:13:24.7755849Z","@mt":"[Init] Language Loading ...","Member":"Update()","SourceFile":"AppInitializer.cs:102"}
{"@t":"2025-12-11T08:13:25.0797579Z","@mt":"[Init] Devices Loading...","Member":"Update()","SourceFile":"AppInitializer.cs:102"}
{"@t":"2025-12-11T08:13:28.0239499Z","@mt":"[Init] Audio Preloading...","Member":"Update()","SourceFile":"AppInitializer.cs:102"}
{"@t":"2025-12-11T08:13:28.1171498Z","@mt":"Cached audio loaded: Coin.wav (560360 bytes). Total cache bytes: 899056","Member":"GetOrLoadCachedSound()","SourceFile":"AudioPlayService.cs:119"}
{"@t":"2025-12-11T08:13:28.1171497Z","@mt":"Cached audio loaded: Bill.wav (338696 bytes). Total cache bytes: 899056","Member":"GetOrLoadCachedSound()","SourceFile":"AudioPlayService.cs:119"}
{"@t":"2025-12-11T08:13:28.1240767Z","@mt":"Cached audio loaded: Click.wav (175360 bytes). Total cache bytes: 1074416","Member":"GetOrLoadCachedSound()","SourceFile":"AudioPlayService.cs:119"}
{"@t":"2025-12-11T08:13:28.4354511Z","@mt":"[Init] Initialize Complete","Member":"Update()","SourceFile":"AppInitializer.cs:102"}
{"@t":"2025-12-11T08:13:28.4510056Z","@mt":"BackgroundTaskService starting.","Member":"StartAsync()","SourceFile":"BackgroundTaskService.cs:47"}
{"@t":"2025-12-11T08:13:28.4542360Z","@mt":"BackgroundTaskService ExecuteAsync loop started.","Member":"ExecuteAsync()","SourceFile":"BackgroundTaskService.cs:75"}
{"@t":"2025-12-11T08:13:29.5381584Z","@mt":"Background Task Excute  >> [SENT_CEMS_TX_RESULT]","Member":"RunJobSafe()","SourceFile":"BackgroundTaskService.cs:166"}
{"@t":"2025-12-11T08:13:29.7476773Z","@mt":"Background Task Excute  >> [UPDATE_EXCHANGE_RATE]","Member":"RunJobSafe()","SourceFile":"BackgroundTaskService.cs:166"}
{"@t":"2025-12-11T08:14:00.4604297Z","@mt":"Background Task Excute  >> [SENT_CEMS_TX_RESULT]","Member":"RunJobSafe()","SourceFile":"BackgroundTaskService.cs:166"}
{"@t":"2025-12-11T08:14:00.5094169Z","@mt":"Background Task Excute  >> [UPDATE_EXCHANGE_RATE]","Member":"RunJobSafe()","SourceFile":"BackgroundTaskService.cs:166"}
{"@t":"2025-12-11T08:14:31.4656014Z","@mt":"Background Task Excute  >> [SENT_CEMS_TX_RESULT]","Member":"RunJobSafe()","SourceFile":"BackgroundTaskService.cs:166"}
{"@t":"2025-12-11T08:14:31.5182917Z","@mt":"Background Task Excute  >> [UPDATE_EXCHANGE_RATE]","Member":"RunJobSafe()","SourceFile":"BackgroundTaskService.cs:166"}
{"@t":"2025-12-11T08:15:02.4603371Z","@mt":"Background Task Excute  >> [SENT_CEMS_TX_RESULT]","Member":"RunJobSafe()","SourceFile":"BackgroundTaskService.cs:166"}
{"@t":"2025-12-11T08:15:02.5086662Z","@mt":"Background Task Excute  >> [UPDATE_EXCHANGE_RATE]","Member":"RunJobSafe()","SourceFile":"BackgroundTaskService.cs:166"}
{"@t":"2025-12-11T08:15:33.4614836Z","@mt":"Background Task Excute  >> [SENT_CEMS_TX_RESULT]","Member":"RunJobSafe()","SourceFile":"BackgroundTaskService.cs:166"}
{"@t":"2025-12-11T08:15:33.5299669Z","@mt":"Background Task Excute  >> [UPDATE_EXCHANGE_RATE]","Member":"RunJobSafe()","SourceFile":"BackgroundTaskService.cs:166"}
{"@t":"2025-12-11T08:15:55.1557242Z","@mt":"Play Audio (sync): Click.wav","Member":"Play()","SourceFile":"AudioPlayService.cs:184"}
{"@t":"2025-12-11T08:15:55.2534083Z","@mt":"Start -> Language via Next","Member":".ctor()","SourceFile":"ExchangeSellStateMachine.cs:51"}
{"@t":"2025-12-11T08:16:04.4611553Z","@mt":"Background Task Excute  >> [SENT_CEMS_TX_RESULT]","Member":"RunJobSafe()","SourceFile":"BackgroundTaskService.cs:166"}
{"@t":"2025-12-11T08:16:04.5054099Z","@mt":"Background Task Excute  >> [UPDATE_EXCHANGE_RATE]","Member":"RunJobSafe()","SourceFile":"BackgroundTaskService.cs:166"}
{"@t":"2025-12-11T08:16:34.5595499Z","@mt":"Language -> Currency via Next","Member":".ctor()","SourceFile":"ExchangeSellStateMachine.cs:51"}
{"@t":"2025-12-11T08:16:35.4628044Z","@mt":"Background Task Excute  >> [SENT_CEMS_TX_RESULT]","Member":"RunJobSafe()","SourceFile":"BackgroundTaskService.cs:166"}
{"@t":"2025-12-11T08:16:35.5062994Z","@mt":"Background Task Excute  >> [UPDATE_EXCHANGE_RATE]","Member":"RunJobSafe()","SourceFile":"BackgroundTaskService.cs:166"}
{"@t":"2025-12-11T08:16:49.5496741Z","@mt":"Currency -> Terms via Next","Member":".ctor()","SourceFile":"ExchangeSellStateMachine.cs:51"}
{"@t":"2025-12-11T08:16:57.0525849Z","@mt":"Terms -> IDScan via Next","Member":".ctor()","SourceFile":"ExchangeSellStateMachine.cs:51"}
{"@t":"2025-12-11T08:17:06.4611001Z","@mt":"Background Task Excute  >> [SENT_CEMS_TX_RESULT]","Member":"RunJobSafe()","SourceFile":"BackgroundTaskService.cs:166"}
{"@t":"2025-12-11T08:17:06.5075819Z","@mt":"Background Task Excute  >> [UPDATE_EXCHANGE_RATE]","Member":"RunJobSafe()","SourceFile":"BackgroundTaskService.cs:166"}
{"@t":"2025-12-11T08:17:12.5839153Z","@mt":"IDScan -> Exit via Exit","Member":".ctor()","SourceFile":"ExchangeSellStateMachine.cs:51"}
{"@t":"2025-12-11T08:17:13.3941225Z","@mt":"Play Audio (sync): Click.wav","Member":"Play()","SourceFile":"AudioPlayService.cs:184"}
{"@t":"2025-12-11T08:17:13.4154747Z","@mt":"Start -> Language via Next","Member":".ctor()","SourceFile":"GtfStateMachine.cs:66"}
{"@t":"2025-12-11T08:17:14.1872022Z","@mt":"Language -> IdScanConsent via Next","Member":".ctor()","SourceFile":"GtfStateMachine.cs:66"}
{"@t":"2025-12-11T08:17:15.7651208Z","@mt":"IdScanConsent -> IdScanGuide via Next","Member":".ctor()","SourceFile":"GtfStateMachine.cs:66"}
{"@t":"2025-12-11T08:17:21.0010306Z","@mt":"IdScanGuide -> Exit via Exit","Member":".ctor()","SourceFile":"GtfStateMachine.cs:66"}
{"@t":"2025-12-11T08:17:23.9156845Z","@mt":"Play Audio (sync): Click.wav","Member":"Play()","SourceFile":"AudioPlayService.cs:184"}
{"@t":"2025-12-11T08:17:23.9179591Z","@mt":"Start -> Language via Next","Member":".ctor()","SourceFile":"ExchangeSellStateMachine.cs:51"}
{"@t":"2025-12-11T08:17:24.8388096Z","@mt":"Language -> Currency via Next","Member":".ctor()","SourceFile":"ExchangeSellStateMachine.cs:51"}
{"@t":"2025-12-11T08:17:31.8175925Z","@mt":"Currency -> Exit via Exit","Member":".ctor()","SourceFile":"ExchangeSellStateMachine.cs:51"}
{"@t":"2025-12-11T08:17:32.8332473Z","@mt":"Play Audio (sync): Click.wav","Member":"Play()","SourceFile":"AudioPlayService.cs:184"}
{"@t":"2025-12-11T08:17:32.8358223Z","@mt":"Start -> Language via Next","Member":".ctor()","SourceFile":"GtfStateMachine.cs:66"}
{"@t":"2025-12-11T08:17:37.4607115Z","@mt":"Background Task Excute  >> [SENT_CEMS_TX_RESULT]","Member":"RunJobSafe()","SourceFile":"BackgroundTaskService.cs:166"}
{"@t":"2025-12-11T08:17:37.5283398Z","@mt":"Background Task Excute  >> [UPDATE_EXCHANGE_RATE]","Member":"RunJobSafe()","SourceFile":"BackgroundTaskService.cs:166"}
{"@t":"2025-12-11T08:17:52.6747647Z","@mt":"Language -> Exit via Exit","Member":".ctor()","SourceFile":"GtfStateMachine.cs:66"}
{"@t":"2025-12-11T08:17:53.7600809Z","@mt":"Play Audio (sync): Click.wav","Member":"Play()","SourceFile":"AudioPlayService.cs:184"}
{"@t":"2025-12-11T08:17:53.7635912Z","@mt":"Start -> Language via Next","Member":".ctor()","SourceFile":"GtfStateMachine.cs:66"}
{"@t":"2025-12-11T08:17:55.9040427Z","@mt":"Language -> Exit via Exit","Member":".ctor()","SourceFile":"GtfStateMachine.cs:66"}
{"@t":"2025-12-11T08:17:56.5940914Z","@mt":"Play Audio (sync): Click.wav","Member":"Play()","SourceFile":"AudioPlayService.cs:184"}
{"@t":"2025-12-11T08:17:56.5972758Z","@mt":"Start -> Language via Next","Member":".ctor()","SourceFile":"ExchangeSellStateMachine.cs:51"}
{"@t":"2025-12-11T08:17:57.4818349Z","@mt":"Language -> Currency via Next","Member":".ctor()","SourceFile":"ExchangeSellStateMachine.cs:51"}
{"@t":"2025-12-11T08:18:07.4670749Z","@mt":"Background Task Excute  >> [SENT_CEMS_TX_RESULT]","Member":"RunJobSafe()","SourceFile":"BackgroundTaskService.cs:166"}
{"@t":"2025-12-11T08:18:08.4955703Z","@mt":"Background Task Excute  >> [UPDATE_EXCHANGE_RATE]","Member":"RunJobSafe()","SourceFile":"BackgroundTaskService.cs:166"}
{"@t":"2025-12-11T08:18:38.4607807Z","@mt":"Background Task Excute  >> [SENT_CEMS_TX_RESULT]","Member":"RunJobSafe()","SourceFile":"BackgroundTaskService.cs:166"}
{"@t":"2025-12-11T08:18:39.5163582Z","@mt":"Background Task Excute  >> [UPDATE_EXCHANGE_RATE]","Member":"RunJobSafe()","SourceFile":"BackgroundTaskService.cs:166"}
{"@t":"2025-12-11T08:19:09.4600958Z","@mt":"Background Task Excute  >> [SENT_CEMS_TX_RESULT]","Member":"RunJobSafe()","SourceFile":"BackgroundTaskService.cs:166"}
{"@t":"2025-12-11T08:19:10.4977024Z","@mt":"Background Task Excute  >> [UPDATE_EXCHANGE_RATE]","Member":"RunJobSafe()","SourceFile":"BackgroundTaskService.cs:166"}
{"@t":"2025-12-11T08:19:40.4613580Z","@mt":"Background Task Excute  >> [SENT_CEMS_TX_RESULT]","Member":"RunJobSafe()","SourceFile":"BackgroundTaskService.cs:166"}
{"@t":"2025-12-11T08:19:41.5448991Z","@mt":"Background Task Excute  >> [UPDATE_EXCHANGE_RATE]","Member":"RunJobSafe()","SourceFile":"BackgroundTaskService.cs:166"}
{"@t":"2025-12-11T08:20:11.4606161Z","@mt":"Background Task Excute  >> [SENT_CEMS_TX_RESULT]","Member":"RunJobSafe()","SourceFile":"BackgroundTaskService.cs:166"}
{"@t":"2025-12-11T08:20:12.4970489Z","@mt":"Background Task Excute  >> [UPDATE_EXCHANGE_RATE]","Member":"RunJobSafe()","SourceFile":"BackgroundTaskService.cs:166"}
{"@t":"2025-12-11T08:20:42.4623165Z","@mt":"Background Task Excute  >> [SENT_CEMS_TX_RESULT]","Member":"RunJobSafe()","SourceFile":"BackgroundTaskService.cs:166"}
{"@t":"2025-12-11T08:20:43.4986383Z","@mt":"Background Task Excute  >> [UPDATE_EXCHANGE_RATE]","Member":"RunJobSafe()","SourceFile":"BackgroundTaskService.cs:166"}
{"@t":"2025-12-11T08:21:13.4610040Z","@mt":"Background Task Excute  >> [SENT_CEMS_TX_RESULT]","Member":"RunJobSafe()","SourceFile":"BackgroundTaskService.cs:166"}
{"@t":"2025-12-11T08:21:14.5008253Z","@mt":"Background Task Excute  >> [UPDATE_EXCHANGE_RATE]","Member":"RunJobSafe()","SourceFile":"BackgroundTaskService.cs:166"}
{"@t":"2025-12-11T08:21:44.4607952Z","@mt":"Background Task Excute  >> [SENT_CEMS_TX_RESULT]","Member":"RunJobSafe()","SourceFile":"BackgroundTaskService.cs:166"}
{"@t":"2025-12-11T08:21:45.5250283Z","@mt":"Background Task Excute  >> [UPDATE_EXCHANGE_RATE]","Member":"RunJobSafe()","SourceFile":"BackgroundTaskService.cs:166"}
{"@t":"2025-12-11T08:22:15.4618213Z","@mt":"Background Task Excute  >> [SENT_CEMS_TX_RESULT]","Member":"RunJobSafe()","SourceFile":"BackgroundTaskService.cs:166"}
{"@t":"2025-12-11T08:22:16.4950211Z","@mt":"Background Task Excute  >> [UPDATE_EXCHANGE_RATE]","Member":"RunJobSafe()","SourceFile":"BackgroundTaskService.cs:166"}
{"@t":"2025-12-11T08:22:46.4670107Z","@mt":"Background Task Excute  >> [SENT_CEMS_TX_RESULT]","Member":"RunJobSafe()","SourceFile":"BackgroundTaskService.cs:166"}
{"@t":"2025-12-11T08:22:47.4962756Z","@mt":"Background Task Excute  >> [UPDATE_EXCHANGE_RATE]","Member":"RunJobSafe()","SourceFile":"BackgroundTaskService.cs:166"}
{"@t":"2025-12-11T08:23:17.4688595Z","@mt":"Background Task Excute  >> [SENT_CEMS_TX_RESULT]","Member":"RunJobSafe()","SourceFile":"BackgroundTaskService.cs:166"}
{"@t":"2025-12-11T08:23:18.4955657Z","@mt":"Background Task Excute  >> [UPDATE_EXCHANGE_RATE]","Member":"RunJobSafe()","SourceFile":"BackgroundTaskService.cs:166"}
{"@t":"2025-12-11T08:23:48.4609815Z","@mt":"Background Task Excute  >> [SENT_CEMS_TX_RESULT]","Member":"RunJobSafe()","SourceFile":"BackgroundTaskService.cs:166"}
{"@t":"2025-12-11T08:23:49.5188252Z","@mt":"Background Task Excute  >> [UPDATE_EXCHANGE_RATE]","Member":"RunJobSafe()","SourceFile":"BackgroundTaskService.cs:166"}
{"@t":"2025-12-11T08:24:19.4611688Z","@mt":"Background Task Excute  >> [SENT_CEMS_TX_RESULT]","Member":"RunJobSafe()","SourceFile":"BackgroundTaskService.cs:166"}
{"@t":"2025-12-11T08:24:20.4961450Z","@mt":"Background Task Excute  >> [UPDATE_EXCHANGE_RATE]","Member":"RunJobSafe()","SourceFile":"BackgroundTaskService.cs:166"}
{"@t":"2025-12-11T08:24:50.4621347Z","@mt":"Background Task Excute  >> [SENT_CEMS_TX_RESULT]","Member":"RunJobSafe()","SourceFile":"BackgroundTaskService.cs:166"}
{"@t":"2025-12-11T08:24:51.5050993Z","@mt":"Background Task Excute  >> [UPDATE_EXCHANGE_RATE]","Member":"RunJobSafe()","SourceFile":"BackgroundTaskService.cs:166"}
{"@t":"2025-12-11T08:25:21.4613763Z","@mt":"Background Task Excute  >> [SENT_CEMS_TX_RESULT]","Member":"RunJobSafe()","SourceFile":"BackgroundTaskService.cs:166"}
{"@t":"2025-12-11T08:25:22.4945035Z","@mt":"Background Task Excute  >> [UPDATE_EXCHANGE_RATE]","Member":"RunJobSafe()","SourceFile":"BackgroundTaskService.cs:166"}
{"@t":"2025-12-11T08:25:52.4616703Z","@mt":"Background Task Excute  >> [SENT_CEMS_TX_RESULT]","Member":"RunJobSafe()","SourceFile":"BackgroundTaskService.cs:166"}
{"@t":"2025-12-11T08:25:53.5172776Z","@mt":"Background Task Excute  >> [UPDATE_EXCHANGE_RATE]","Member":"RunJobSafe()","SourceFile":"BackgroundTaskService.cs:166"}
{"@t":"2025-12-11T08:26:23.4603628Z","@mt":"Background Task Excute  >> [SENT_CEMS_TX_RESULT]","Member":"RunJobSafe()","SourceFile":"BackgroundTaskService.cs:166"}
{"@t":"2025-12-11T08:26:24.4935633Z","@mt":"Background Task Excute  >> [UPDATE_EXCHANGE_RATE]","Member":"RunJobSafe()","SourceFile":"BackgroundTaskService.cs:166"}
{"@t":"2025-12-11T08:26:54.4607910Z","@mt":"Background Task Excute  >> [SENT_CEMS_TX_RESULT]","Member":"RunJobSafe()","SourceFile":"BackgroundTaskService.cs:166"}
{"@t":"2025-12-11T08:26:55.4977980Z","@mt":"Background Task Excute  >> [UPDATE_EXCHANGE_RATE]","Member":"RunJobSafe()","SourceFile":"BackgroundTaskService.cs:166"}
{"@t":"2025-12-11T08:27:25.4607786Z","@mt":"Background Task Excute  >> [SENT_CEMS_TX_RESULT]","Member":"RunJobSafe()","SourceFile":"BackgroundTaskService.cs:166"}
{"@t":"2025-12-11T08:27:26.4993708Z","@mt":"Background Task Excute  >> [UPDATE_EXCHANGE_RATE]","Member":"RunJobSafe()","SourceFile":"BackgroundTaskService.cs:166"}
{"@t":"2025-12-11T08:27:56.4614639Z","@mt":"Background Task Excute  >> [SENT_CEMS_TX_RESULT]","Member":"RunJobSafe()","SourceFile":"BackgroundTaskService.cs:166"}
{"@t":"2025-12-11T08:27:57.5194981Z","@mt":"Background Task Excute  >> [UPDATE_EXCHANGE_RATE]","Member":"RunJobSafe()","SourceFile":"BackgroundTaskService.cs:166"}
{"@t":"2025-12-11T08:28:27.4630058Z","@mt":"Background Task Excute  >> [SENT_CEMS_TX_RESULT]","Member":"RunJobSafe()","SourceFile":"BackgroundTaskService.cs:166"}
{"@t":"2025-12-11T08:28:28.4953919Z","@mt":"Background Task Excute  >> [UPDATE_EXCHANGE_RATE]","Member":"RunJobSafe()","SourceFile":"BackgroundTaskService.cs:166"}
{"@t":"2025-12-11T08:28:58.4616771Z","@mt":"Background Task Excute  >> [SENT_CEMS_TX_RESULT]","Member":"RunJobSafe()","SourceFile":"BackgroundTaskService.cs:166"}
{"@t":"2025-12-11T08:28:59.4969146Z","@mt":"Background Task Excute  >> [UPDATE_EXCHANGE_RATE]","Member":"RunJobSafe()","SourceFile":"BackgroundTaskService.cs:166"}
{"@t":"2025-12-11T08:29:29.4618810Z","@mt":"Background Task Excute  >> [SENT_CEMS_TX_RESULT]","Member":"RunJobSafe()","SourceFile":"BackgroundTaskService.cs:166"}
{"@t":"2025-12-11T08:29:30.4990940Z","@mt":"Background Task Excute  >> [UPDATE_EXCHANGE_RATE]","Member":"RunJobSafe()","SourceFile":"BackgroundTaskService.cs:166"}
{"@t":"2025-12-11T08:30:00.4617742Z","@mt":"Background Task Excute  >> [SENT_CEMS_TX_RESULT]","Member":"RunJobSafe()","SourceFile":"BackgroundTaskService.cs:166"}
{"@t":"2025-12-11T08:30:01.5840318Z","@mt":"Background Task Excute  >> [UPDATE_EXCHANGE_RATE]","Member":"RunJobSafe()","SourceFile":"BackgroundTaskService.cs:166"}
{"@t":"2025-12-11T08:30:31.4605744Z","@mt":"Background Task Excute  >> [SENT_CEMS_TX_RESULT]","Member":"RunJobSafe()","SourceFile":"BackgroundTaskService.cs:166"}
{"@t":"2025-12-11T08:30:32.4962514Z","@mt":"Background Task Excute  >> [UPDATE_EXCHANGE_RATE]","Member":"RunJobSafe()","SourceFile":"BackgroundTaskService.cs:166"}
{"@t":"2025-12-11T08:31:02.4616729Z","@mt":"Background Task Excute  >> [SENT_CEMS_TX_RESULT]","Member":"RunJobSafe()","SourceFile":"BackgroundTaskService.cs:166"}
{"@t":"2025-12-11T08:31:03.5041860Z","@mt":"Background Task Excute  >> [UPDATE_EXCHANGE_RATE]","Member":"RunJobSafe()","SourceFile":"BackgroundTaskService.cs:166"}
{"@t":"2025-12-11T08:31:33.4621937Z","@mt":"Background Task Excute  >> [SENT_CEMS_TX_RESULT]","Member":"RunJobSafe()","SourceFile":"BackgroundTaskService.cs:166"}
{"@t":"2025-12-11T08:31:34.4941388Z","@mt":"Background Task Excute  >> [UPDATE_EXCHANGE_RATE]","Member":"RunJobSafe()","SourceFile":"BackgroundTaskService.cs:166"}
{"@t":"2025-12-11T08:32:04.4601886Z","@mt":"Background Task Excute  >> [SENT_CEMS_TX_RESULT]","Member":"RunJobSafe()","SourceFile":"BackgroundTaskService.cs:166"}
{"@t":"2025-12-11T08:32:05.5180962Z","@mt":"Background Task Excute  >> [UPDATE_EXCHANGE_RATE]","Member":"RunJobSafe()","SourceFile":"BackgroundTaskService.cs:166"}
{"@t":"2025-12-11T08:32:35.4673994Z","@mt":"Background Task Excute  >> [SENT_CEMS_TX_RESULT]","Member":"RunJobSafe()","SourceFile":"BackgroundTaskService.cs:166"}
{"@t":"2025-12-11T08:32:36.4952041Z","@mt":"Background Task Excute  >> [UPDATE_EXCHANGE_RATE]","Member":"RunJobSafe()","SourceFile":"BackgroundTaskService.cs:166"}
{"@t":"2025-12-11T08:33:06.4601754Z","@mt":"Background Task Excute  >> [SENT_CEMS_TX_RESULT]","Member":"RunJobSafe()","SourceFile":"BackgroundTaskService.cs:166"}
{"@t":"2025-12-11T08:33:07.4941270Z","@mt":"Background Task Excute  >> [UPDATE_EXCHANGE_RATE]","Member":"RunJobSafe()","SourceFile":"BackgroundTaskService.cs:166"}
{"@t":"2025-12-11T08:33:37.4605479Z","@mt":"Background Task Excute  >> [SENT_CEMS_TX_RESULT]","Member":"RunJobSafe()","SourceFile":"BackgroundTaskService.cs:166"}
{"@t":"2025-12-11T08:33:38.5011984Z","@mt":"Background Task Excute  >> [UPDATE_EXCHANGE_RATE]","Member":"RunJobSafe()","SourceFile":"BackgroundTaskService.cs:166"}
{"@t":"2025-12-11T08:34:08.4598511Z","@mt":"Background Task Excute  >> [SENT_CEMS_TX_RESULT]","Member":"RunJobSafe()","SourceFile":"BackgroundTaskService.cs:166"}
{"@t":"2025-12-11T08:34:09.5222075Z","@mt":"Background Task Excute  >> [UPDATE_EXCHANGE_RATE]","Member":"RunJobSafe()","SourceFile":"BackgroundTaskService.cs:166"}
{"@t":"2025-12-11T08:34:39.4605345Z","@mt":"Background Task Excute  >> [SENT_CEMS_TX_RESULT]","Member":"RunJobSafe()","SourceFile":"BackgroundTaskService.cs:166"}
{"@t":"2025-12-11T08:34:40.4985208Z","@mt":"Background Task Excute  >> [UPDATE_EXCHANGE_RATE]","Member":"RunJobSafe()","SourceFile":"BackgroundTaskService.cs:166"}
{"@t":"2025-12-11T08:35:10.4614668Z","@mt":"Background Task Excute  >> [SENT_CEMS_TX_RESULT]","Member":"RunJobSafe()","SourceFile":"BackgroundTaskService.cs:166"}
{"@t":"2025-12-11T08:35:11.5006763Z","@mt":"Background Task Excute  >> [UPDATE_EXCHANGE_RATE]","Member":"RunJobSafe()","SourceFile":"BackgroundTaskService.cs:166"}
{"@t":"2025-12-11T08:35:41.4599895Z","@mt":"Background Task Excute  >> [SENT_CEMS_TX_RESULT]","Member":"RunJobSafe()","SourceFile":"BackgroundTaskService.cs:166"}
{"@t":"2025-12-11T08:35:42.5041014Z","@mt":"Background Task Excute  >> [UPDATE_EXCHANGE_RATE]","Member":"RunJobSafe()","SourceFile":"BackgroundTaskService.cs:166"}
{"@t":"2025-12-11T08:36:05.6487825Z","@mt":"Currency -> Terms via Next","Member":".ctor()","SourceFile":"ExchangeSellStateMachine.cs:51"}
{"@t":"2025-12-11T08:36:12.4618490Z","@mt":"Background Task Excute  >> [SENT_CEMS_TX_RESULT]","Member":"RunJobSafe()","SourceFile":"BackgroundTaskService.cs:166"}
{"@t":"2025-12-11T08:36:13.5245857Z","@mt":"Background Task Excute  >> [UPDATE_EXCHANGE_RATE]","Member":"RunJobSafe()","SourceFile":"BackgroundTaskService.cs:166"}
{"@t":"2025-12-11T08:36:43.4607328Z","@mt":"Background Task Excute  >> [SENT_CEMS_TX_RESULT]","Member":"RunJobSafe()","SourceFile":"BackgroundTaskService.cs:166"}
{"@t":"2025-12-11T08:36:44.5201528Z","@mt":"Background Task Excute  >> [UPDATE_EXCHANGE_RATE]","Member":"RunJobSafe()","SourceFile":"BackgroundTaskService.cs:166"}
{"@t":"2025-12-11T08:37:14.4663656Z","@mt":"Background Task Excute  >> [SENT_CEMS_TX_RESULT]","Member":"RunJobSafe()","SourceFile":"BackgroundTaskService.cs:166"}
{"@t":"2025-12-11T08:37:15.4954753Z","@mt":"Background Task Excute  >> [UPDATE_EXCHANGE_RATE]","Member":"RunJobSafe()","SourceFile":"BackgroundTaskService.cs:166"}
{"@t":"2025-12-11T08:37:45.4617420Z","@mt":"Background Task Excute  >> [SENT_CEMS_TX_RESULT]","Member":"RunJobSafe()","SourceFile":"BackgroundTaskService.cs:166"}
{"@t":"2025-12-11T08:37:46.5055890Z","@mt":"Background Task Excute  >> [UPDATE_EXCHANGE_RATE]","Member":"RunJobSafe()","SourceFile":"BackgroundTaskService.cs:166"}
{"@t":"2025-12-11T08:38:16.4622208Z","@mt":"Background Task Excute  >> [SENT_CEMS_TX_RESULT]","Member":"RunJobSafe()","SourceFile":"BackgroundTaskService.cs:166"}
{"@t":"2025-12-11T08:38:17.5198050Z","@mt":"Background Task Excute  >> [UPDATE_EXCHANGE_RATE]","Member":"RunJobSafe()","SourceFile":"BackgroundTaskService.cs:166"}
{"@t":"2025-12-11T08:38:47.4615672Z","@mt":"Background Task Excute  >> [SENT_CEMS_TX_RESULT]","Member":"RunJobSafe()","SourceFile":"BackgroundTaskService.cs:166"}
{"@t":"2025-12-11T08:38:48.4973757Z","@mt":"Background Task Excute  >> [UPDATE_EXCHANGE_RATE]","Member":"RunJobSafe()","SourceFile":"BackgroundTaskService.cs:166"}
{"@t":"2025-12-11T08:39:18.4613859Z","@mt":"Background Task Excute  >> [SENT_CEMS_TX_RESULT]","Member":"RunJobSafe()","SourceFile":"BackgroundTaskService.cs:166"}
{"@t":"2025-12-11T08:39:19.4980500Z","@mt":"Background Task Excute  >> [UPDATE_EXCHANGE_RATE]","Member":"RunJobSafe()","SourceFile":"BackgroundTaskService.cs:166"}
{"@t":"2025-12-11T08:39:49.4630751Z","@mt":"Background Task Excute  >> [SENT_CEMS_TX_RESULT]","Member":"RunJobSafe()","SourceFile":"BackgroundTaskService.cs:166"}
{"@t":"2025-12-11T08:39:50.4986599Z","@mt":"Background Task Excute  >> [UPDATE_EXCHANGE_RATE]","Member":"RunJobSafe()","SourceFile":"BackgroundTaskService.cs:166"}
{"@t":"2025-12-11T08:40:20.4647547Z","@mt":"Background Task Excute  >> [SENT_CEMS_TX_RESULT]","Member":"RunJobSafe()","SourceFile":"BackgroundTaskService.cs:166"}
{"@t":"2025-12-11T08:40:21.5270232Z","@mt":"Background Task Excute  >> [UPDATE_EXCHANGE_RATE]","Member":"RunJobSafe()","SourceFile":"BackgroundTaskService.cs:166"}
{"@t":"2025-12-11T08:40:50.5656172Z","@mt":"Background Task Excute  >> [SENT_CEMS_TX_RESULT]","Member":"RunJobSafe()","SourceFile":"BackgroundTaskService.cs:166"}
{"@t":"2025-12-11T08:40:51.6033210Z","@mt":"Background Task Excute  >> [UPDATE_EXCHANGE_RATE]","Member":"RunJobSafe()","SourceFile":"BackgroundTaskService.cs:166"}
{"@t":"2025-12-11T08:41:21.5672916Z","@mt":"Background Task Excute  >> [SENT_CEMS_TX_RESULT]","Member":"RunJobSafe()","SourceFile":"BackgroundTaskService.cs:166"}
{"@t":"2025-12-11T08:41:22.6059579Z","@mt":"Background Task Excute  >> [UPDATE_EXCHANGE_RATE]","Member":"RunJobSafe()","SourceFile":"BackgroundTaskService.cs:166"}
{"@t":"2025-12-11T08:41:52.5645429Z","@mt":"Background Task Excute  >> [SENT_CEMS_TX_RESULT]","Member":"RunJobSafe()","SourceFile":"BackgroundTaskService.cs:166"}
{"@t":"2025-12-11T08:41:53.6189488Z","@mt":"Background Task Excute  >> [UPDATE_EXCHANGE_RATE]","Member":"RunJobSafe()","SourceFile":"BackgroundTaskService.cs:166"}
{"@t":"2025-12-11T08:42:23.5639148Z","@mt":"Background Task Excute  >> [SENT_CEMS_TX_RESULT]","Member":"RunJobSafe()","SourceFile":"BackgroundTaskService.cs:166"}
{"@t":"2025-12-11T08:42:24.6193157Z","@mt":"Background Task Excute  >> [UPDATE_EXCHANGE_RATE]","Member":"RunJobSafe()","SourceFile":"BackgroundTaskService.cs:166"}
{"@t":"2025-12-11T08:42:54.5661034Z","@mt":"Background Task Excute  >> [SENT_CEMS_TX_RESULT]","Member":"RunJobSafe()","SourceFile":"BackgroundTaskService.cs:166"}
{"@t":"2025-12-11T08:42:55.6016632Z","@mt":"Background Task Excute  >> [UPDATE_EXCHANGE_RATE]","Member":"RunJobSafe()","SourceFile":"BackgroundTaskService.cs:166"}
{"@t":"2025-12-11T08:43:25.5659796Z","@mt":"Background Task Excute  >> [SENT_CEMS_TX_RESULT]","Member":"RunJobSafe()","SourceFile":"BackgroundTaskService.cs:166"}
{"@t":"2025-12-11T08:43:26.6034939Z","@mt":"Background Task Excute  >> [UPDATE_EXCHANGE_RATE]","Member":"RunJobSafe()","SourceFile":"BackgroundTaskService.cs:166"}
{"@t":"2025-12-11T08:43:56.5644307Z","@mt":"Background Task Excute  >> [SENT_CEMS_TX_RESULT]","Member":"RunJobSafe()","SourceFile":"BackgroundTaskService.cs:166"}
{"@t":"2025-12-11T08:43:57.6020234Z","@mt":"Background Task Excute  >> [UPDATE_EXCHANGE_RATE]","Member":"RunJobSafe()","SourceFile":"BackgroundTaskService.cs:166"}
{"@t":"2025-12-11T08:44:27.5652839Z","@mt":"Background Task Excute  >> [SENT_CEMS_TX_RESULT]","Member":"RunJobSafe()","SourceFile":"BackgroundTaskService.cs:166"}
{"@t":"2025-12-11T08:44:28.6256521Z","@mt":"Background Task Excute  >> [UPDATE_EXCHANGE_RATE]","Member":"RunJobSafe()","SourceFile":"BackgroundTaskService.cs:166"}
{"@t":"2025-12-11T08:44:58.5641969Z","@mt":"Background Task Excute  >> [SENT_CEMS_TX_RESULT]","Member":"RunJobSafe()","SourceFile":"BackgroundTaskService.cs:166"}
{"@t":"2025-12-11T08:44:59.6055243Z","@mt":"Background Task Excute  >> [UPDATE_EXCHANGE_RATE]","Member":"RunJobSafe()","SourceFile":"BackgroundTaskService.cs:166"}
{"@t":"2025-12-11T08:45:29.5673987Z","@mt":"Background Task Excute  >> [SENT_CEMS_TX_RESULT]","Member":"RunJobSafe()","SourceFile":"BackgroundTaskService.cs:166"}
{"@t":"2025-12-11T08:45:30.6038688Z","@mt":"Background Task Excute  >> [UPDATE_EXCHANGE_RATE]","Member":"RunJobSafe()","SourceFile":"BackgroundTaskService.cs:166"}
{"@t":"2025-12-11T08:46:00.5641795Z","@mt":"Background Task Excute  >> [SENT_CEMS_TX_RESULT]","Member":"RunJobSafe()","SourceFile":"BackgroundTaskService.cs:166"}
{"@t":"2025-12-11T08:46:01.6202932Z","@mt":"Background Task Excute  >> [UPDATE_EXCHANGE_RATE]","Member":"RunJobSafe()","SourceFile":"BackgroundTaskService.cs:166"}
{"@t":"2025-12-11T08:46:31.5644778Z","@mt":"Background Task Excute  >> [SENT_CEMS_TX_RESULT]","Member":"RunJobSafe()","SourceFile":"BackgroundTaskService.cs:166"}
{"@t":"2025-12-11T08:46:32.7585986Z","@mt":"Background Task Excute  >> [UPDATE_EXCHANGE_RATE]","Member":"RunJobSafe()","SourceFile":"BackgroundTaskService.cs:166"}
{"@t":"2025-12-11T08:47:02.5665674Z","@mt":"Background Task Excute  >> [SENT_CEMS_TX_RESULT]","Member":"RunJobSafe()","SourceFile":"BackgroundTaskService.cs:166"}
{"@t":"2025-12-11T08:47:03.6199143Z","@mt":"Background Task Excute  >> [UPDATE_EXCHANGE_RATE]","Member":"RunJobSafe()","SourceFile":"BackgroundTaskService.cs:166"}
{"@t":"2025-12-11T08:47:33.5649032Z","@mt":"Background Task Excute  >> [SENT_CEMS_TX_RESULT]","Member":"RunJobSafe()","SourceFile":"BackgroundTaskService.cs:166"}
{"@t":"2025-12-11T08:47:34.5978590Z","@mt":"Background Task Excute  >> [UPDATE_EXCHANGE_RATE]","Member":"RunJobSafe()","SourceFile":"BackgroundTaskService.cs:166"}
{"@t":"2025-12-11T08:48:04.5648654Z","@mt":"Background Task Excute  >> [SENT_CEMS_TX_RESULT]","Member":"RunJobSafe()","SourceFile":"BackgroundTaskService.cs:166"}
{"@t":"2025-12-11T08:48:05.6042147Z","@mt":"Background Task Excute  >> [UPDATE_EXCHANGE_RATE]","Member":"RunJobSafe()","SourceFile":"BackgroundTaskService.cs:166"}
{"@t":"2025-12-11T08:48:35.5656743Z","@mt":"Background Task Excute  >> [SENT_CEMS_TX_RESULT]","Member":"RunJobSafe()","SourceFile":"BackgroundTaskService.cs:166"}
{"@t":"2025-12-11T08:48:36.6278859Z","@mt":"Background Task Excute  >> [UPDATE_EXCHANGE_RATE]","Member":"RunJobSafe()","SourceFile":"BackgroundTaskService.cs:166"}
{"@t":"2025-12-11T08:49:06.5640817Z","@mt":"Background Task Excute  >> [SENT_CEMS_TX_RESULT]","Member":"RunJobSafe()","SourceFile":"BackgroundTaskService.cs:166"}
{"@t":"2025-12-11T08:49:07.6189253Z","@mt":"Background Task Excute  >> [UPDATE_EXCHANGE_RATE]","Member":"RunJobSafe()","SourceFile":"BackgroundTaskService.cs:166"}
{"@t":"2025-12-11T08:49:36.5753576Z","@mt":"Background Task Excute  >> [SENT_CEMS_TX_RESULT]","Member":"RunJobSafe()","SourceFile":"BackgroundTaskService.cs:166"}
{"@t":"2025-12-11T08:49:38.5997291Z","@mt":"Background Task Excute  >> [UPDATE_EXCHANGE_RATE]","Member":"RunJobSafe()","SourceFile":"BackgroundTaskService.cs:166"}
{"@t":"2025-12-11T08:50:07.5659492Z","@mt":"Background Task Excute  >> [SENT_CEMS_TX_RESULT]","Member":"RunJobSafe()","SourceFile":"BackgroundTaskService.cs:166"}
{"@t":"2025-12-11T08:50:09.6027605Z","@mt":"Background Task Excute  >> [UPDATE_EXCHANGE_RATE]","Member":"RunJobSafe()","SourceFile":"BackgroundTaskService.cs:166"}
{"@t":"2025-12-11T08:50:38.5647785Z","@mt":"Background Task Excute  >> [SENT_CEMS_TX_RESULT]","Member":"RunJobSafe()","SourceFile":"BackgroundTaskService.cs:166"}
{"@t":"2025-12-11T08:50:40.6204865Z","@mt":"Background Task Excute  >> [UPDATE_EXCHANGE_RATE]","Member":"RunJobSafe()","SourceFile":"BackgroundTaskService.cs:166"}
{"@t":"2025-12-11T08:51:09.5650426Z","@mt":"Background Task Excute  >> [SENT_CEMS_TX_RESULT]","Member":"RunJobSafe()","SourceFile":"BackgroundTaskService.cs:166"}
{"@t":"2025-12-11T08:51:11.6006880Z","@mt":"Background Task Excute  >> [UPDATE_EXCHANGE_RATE]","Member":"RunJobSafe()","SourceFile":"BackgroundTaskService.cs:166"}
{"@t":"2025-12-11T08:51:32.3501031Z","@mt":"Terms -> IDScan via Next","Member":".ctor()","SourceFile":"ExchangeSellStateMachine.cs:51"}
{"@t":"2025-12-11T08:51:34.6151067Z","@mt":"IDScan -> Exit via Exit","Member":".ctor()","SourceFile":"ExchangeSellStateMachine.cs:51"}
{"@t":"2025-12-11T08:51:35.3283409Z","@mt":"Play Audio (sync): Click.wav","Member":"Play()","SourceFile":"AudioPlayService.cs:184"}
{"@t":"2025-12-11T08:51:35.3308791Z","@mt":"Start -> Language via Next","Member":".ctor()","SourceFile":"ExchangeSellStateMachine.cs:51"}
{"@t":"2025-12-11T08:51:36.1106871Z","@mt":"Language -> Currency via Next","Member":".ctor()","SourceFile":"ExchangeSellStateMachine.cs:51"}
{"@t":"2025-12-11T08:51:37.5372150Z","@mt":"Currency -> Terms via Next","Member":".ctor()","SourceFile":"ExchangeSellStateMachine.cs:51"}
{"@t":"2025-12-11T08:51:40.5641067Z","@mt":"Background Task Excute  >> [SENT_CEMS_TX_RESULT]","Member":"RunJobSafe()","SourceFile":"BackgroundTaskService.cs:166"}
{"@t":"2025-12-11T08:51:42.6020910Z","@mt":"Background Task Excute  >> [UPDATE_EXCHANGE_RATE]","Member":"RunJobSafe()","SourceFile":"BackgroundTaskService.cs:166"}
{"@t":"2025-12-11T08:52:11.5643061Z","@mt":"Background Task Excute  >> [SENT_CEMS_TX_RESULT]","Member":"RunJobSafe()","SourceFile":"BackgroundTaskService.cs:166"}
{"@t":"2025-12-11T08:52:13.5992100Z","@mt":"Background Task Excute  >> [UPDATE_EXCHANGE_RATE]","Member":"RunJobSafe()","SourceFile":"BackgroundTaskService.cs:166"}
{"@t":"2025-12-11T08:52:42.5695967Z","@mt":"Background Task Excute  >> [SENT_CEMS_TX_RESULT]","Member":"RunJobSafe()","SourceFile":"BackgroundTaskService.cs:166"}
{"@t":"2025-12-11T08:52:44.6206016Z","@mt":"Background Task Excute  >> [UPDATE_EXCHANGE_RATE]","Member":"RunJobSafe()","SourceFile":"BackgroundTaskService.cs:166"}
{"@t":"2025-12-11T08:53:13.5639883Z","@mt":"Background Task Excute  >> [SENT_CEMS_TX_RESULT]","Member":"RunJobSafe()","SourceFile":"BackgroundTaskService.cs:166"}
{"@t":"2025-12-11T08:53:14.9601665Z","@mt":"Terms -> IDScan via Next","Member":".ctor()","SourceFile":"ExchangeSellStateMachine.cs:51"}
{"@t":"2025-12-11T08:53:15.6075851Z","@mt":"Background Task Excute  >> [UPDATE_EXCHANGE_RATE]","Member":"RunJobSafe()","SourceFile":"BackgroundTaskService.cs:166"}
{"@t":"2025-12-11T08:53:23.1730069Z","@mt":"IDScan -> IDScanning via Next","Member":".ctor()","SourceFile":"ExchangeSellStateMachine.cs:51"}
{"@t":"2025-12-11T08:53:26.4609046Z","@mt":"IDScanning -> IDScanningComplete via Next","Member":".ctor()","SourceFile":"ExchangeSellStateMachine.cs:51"}
{"@t":"2025-12-11T08:53:33.0077491Z","@mt":"IDScanningComplete -> Deposit via Next","Member":".ctor()","SourceFile":"ExchangeSellStateMachine.cs:51"}
{"@t":"2025-12-11T08:53:42.8780370Z","@mt":"Deposit -> Withdrawal via Next","Member":".ctor()","SourceFile":"ExchangeSellStateMachine.cs:51"}
{"@t":"2025-12-11T08:53:42.9686137Z","@mt":"Withdrawal -> Result via Next","Member":".ctor()","SourceFile":"ExchangeSellStateMachine.cs:51"}
{"@t":"2025-12-11T08:53:43.1308554Z","@mt":"invalid transition: 다른 스레드가 이 개체를 소유하고 있어 호출 스레드가 해당 개체에 액세스할 수 없습니다.","@l":"Error","@x":"System.InvalidOperationException: 다른 스레드가 이 개체를 소유하고 있어 호출 스레드가 해당 개체에 액세스할 수 없습니다.\r\n   at System.Windows.Threading.Dispatcher.<VerifyAccess>g__ThrowVerifyAccess|7_0()\r\n   at System.Windows.Freezable.WritePreamble()\r\n   at System.Windows.Media.MediaPlayer.Stop()\r\n   at KIOSK.Infrastructure.Media.VideoPlayService.Dispose() in C:\\Users\\niaci\\RiderProjects\\MONEYBOX_2\\KIOSK\\Infrastructure\\Media\\VideoPlayService.cs:line 122\r\n   at Microsoft.Extensions.DependencyInjection.ServiceLookup.ServiceProviderEngineScope.Dispose()\r\n   at KIOSK.Infrastructure.UI.Navigation.Services.NavigationService.NavigateTo[TView](Action`1 init, Object parameter) in C:\\Users\\niaci\\RiderProjects\\MONEYBOX_2\\KIOSK\\Infrastructure\\UI\\Navigation\\Services\\NavigationService.cs:line 121\r\n   at KIOSK.FSM.ExchangeSellStateMachine.<ConfigureStates>b__12_17() in C:\\Users\\niaci\\RiderProjects\\MONEYBOX_2\\KIOSK\\Modules\\Features\\Exchange\\StateMachine\\ExchangeSellStateMachine.cs:line 332\r\n   at Stateless.StateMachine`2.StateRepresentation.ExecuteEntryActionsAsync(Transition transition, Object[] entryArgs)\r\n   at Stateless.StateMachine`2.StateRepresentation.EnterAsync(Transition transition, Object[] entryArgs)\r\n   at Stateless.StateMachine`2.EnterStateAsync(StateRepresentation representation, Transition transition, Object[] args)\r\n   at Stateless.StateMachine`2.HandleTransitioningTriggerAsync(Object[] args, StateRepresentation representativeState, Transition transition)\r\n   at Stateless.StateMachine`2.ProcessHandler[TTriggerBehaviour](TTriggerBehaviour triggerBehaviour, TTrigger trigger, Object[] args)\r\n   at Stateless.StateMachine`2.InternalFireOneAsync(TTrigger trigger, Object[] args)\r\n   at Stateless.StateMachine`2.InternalFireQueuedAsync(TTrigger trigger, Object[] args)\r\n   at Stateless.StateMachine`2.InternalFireAsync(TTrigger trigger, Object[] args)\r\n   at KIOSK.FSM.ExchangeSellStateMachine.FireAsyncSafe(StateMachineTrigger trigger) in C:\\Users\\niaci\\RiderProjects\\MONEYBOX_2\\KIOSK\\Modules\\Features\\Exchange\\StateMachine\\ExchangeSellStateMachine.cs:line 77","Member":"FireAsyncSafe()","SourceFile":"ExchangeSellStateMachine.cs:81"}
{"@t":"2025-12-11T08:53:44.6379814Z","@mt":"Background Task Excute  >> [SENT_CEMS_TX_RESULT]","Member":"RunJobSafe()","SourceFile":"BackgroundTaskService.cs:166"}
{"@t":"2025-12-11T08:53:46.6233967Z","@mt":"Background Task Excute  >> [UPDATE_EXCHANGE_RATE]","Member":"RunJobSafe()","SourceFile":"BackgroundTaskService.cs:166"}
