{"@t":"2026-01-02T07:10:16.5386615Z","@mt":"Failed to load 'Assets/LANGUAGE\\StringResources.ko.xaml' -> IOException: 'assets/language/stringresources.ko.xaml' 리소스가 없습니다.","@l":"Debug","Member":"LoadDictionaryForCulture()","SourceFile":"LocalizationService.cs:163"}
{"@t":"2026-01-02T07:10:16.5895935Z","@mt":"Failed to load 'Assets/LANGUAGE\\StringResources.xaml' -> IOException: 'assets/language/stringresources.xaml' 리소스가 없습니다.","@l":"Debug","Member":"LoadDictionaryForCulture()","SourceFile":"LocalizationService.cs:163"}
{"@t":"2026-01-02T07:10:17.3187384Z","@mt":"[Init] DB Connecting ...","Member":"Update()","SourceFile":"AppInitializer.cs:103"}
{"@t":"2026-01-02T07:10:18.1904031Z","@mt":"[Init] Cache Loading ...","Member":"Update()","SourceFile":"AppInitializer.cs:103"}
{"@t":"2026-01-02T07:10:19.2475636Z","@mt":"[Init] Language Loading ...","Member":"Update()","SourceFile":"AppInitializer.cs:103"}
{"@t":"2026-01-02T07:10:19.5514071Z","@mt":"[Init] Devices Loading...","Member":"Update()","SourceFile":"AppInitializer.cs:103"}
{"@t":"2026-01-02T07:10:22.4255510Z","@mt":"[Init] Audio Preloading...","Member":"Update()","SourceFile":"AppInitializer.cs:103"}
{"@t":"2026-01-02T07:10:22.4678046Z","@mt":"Cached audio loaded: Bill.wav (338696 bytes). Total cache bytes: 338696","Member":"GetOrLoadCachedSound()","SourceFile":"AudioPlayService.cs:119"}
{"@t":"2026-01-02T07:10:22.4691027Z","@mt":"Cached audio loaded: Coin.wav (560360 bytes). Total cache bytes: 899056","Member":"GetOrLoadCachedSound()","SourceFile":"AudioPlayService.cs:119"}
{"@t":"2026-01-02T07:10:22.4782721Z","@mt":"Cached audio loaded: Click.wav (175360 bytes). Total cache bytes: 1074416","Member":"GetOrLoadCachedSound()","SourceFile":"AudioPlayService.cs:119"}
{"@t":"2026-01-02T07:10:22.7821159Z","@mt":"[Init] Initialize Complete","Member":"Update()","SourceFile":"AppInitializer.cs:103"}
{"@t":"2026-01-02T07:10:22.7991308Z","@mt":"BackgroundTaskService starting.","Member":"StartAsync()","SourceFile":"BackgroundTaskService.cs:47"}
{"@t":"2026-01-02T07:10:22.8035290Z","@mt":"BackgroundTaskService ExecuteAsync loop started.","Member":"ExecuteAsync()","SourceFile":"BackgroundTaskService.cs:75"}
{"@t":"2026-01-02T07:10:23.8383646Z","@mt":"Background Task Excute  >> [SENT_CEMS_TX_RESULT]","Member":"RunJobSafe()","SourceFile":"BackgroundTaskService.cs:166"}
{"@t":"2026-01-02T07:10:24.0210878Z","@mt":"Background Task Excute  >> [UPDATE_EXCHANGE_RATE]","Member":"RunJobSafe()","SourceFile":"BackgroundTaskService.cs:166"}
{"@t":"2026-01-02T07:10:26.8778204Z","@mt":"Play Audio (sync): Click.wav","Member":"Play()","SourceFile":"AudioPlayService.cs:184"}
{"@t":"2026-01-02T07:10:26.9123962Z","@mt":"Start -> Language via Next","Member":".ctor()","SourceFile":"ExchangeSellStateMachine.cs:51"}
{"@t":"2026-01-02T07:10:28.4962578Z","@mt":"Language -> Currency via Next","Member":".ctor()","SourceFile":"ExchangeSellStateMachine.cs:51"}
{"@t":"2026-01-02T07:10:29.6185383Z","@mt":"Currency -> Terms via Next","Member":".ctor()","SourceFile":"ExchangeSellStateMachine.cs:51"}
{"@t":"2026-01-02T07:10:32.1938685Z","@mt":"Terms -> IDScan via Next","Member":".ctor()","SourceFile":"ExchangeSellStateMachine.cs:51"}
{"@t":"2026-01-02T07:10:51.6482595Z","@mt":"IDScan -> Terms via Previous","Member":".ctor()","SourceFile":"ExchangeSellStateMachine.cs:51"}
{"@t":"2026-01-02T07:10:54.8167738Z","@mt":"Background Task Excute  >> [SENT_CEMS_TX_RESULT]","Member":"RunJobSafe()","SourceFile":"BackgroundTaskService.cs:166"}
{"@t":"2026-01-02T07:10:54.8699316Z","@mt":"Background Task Excute  >> [UPDATE_EXCHANGE_RATE]","Member":"RunJobSafe()","SourceFile":"BackgroundTaskService.cs:166"}
{"@t":"2026-01-02T07:10:56.3198575Z","@mt":"Terms -> IDScan via Next","Member":".ctor()","SourceFile":"ExchangeSellStateMachine.cs:51"}
{"@t":"2026-01-02T07:11:03.4031379Z","@mt":"IDScan -> IDScanning via Next","Member":".ctor()","SourceFile":"ExchangeSellStateMachine.cs:51"}
{"@t":"2026-01-02T07:11:06.6516177Z","@mt":"IDScanning -> IDScanningComplete via Next","Member":".ctor()","SourceFile":"ExchangeSellStateMachine.cs:51"}
{"@t":"2026-01-02T07:43:44.0350397Z","@mt":"Failed to load 'Assets/LANGUAGE\\StringResources.ko.xaml' -> IOException: 'assets/language/stringresources.ko.xaml' 리소스가 없습니다.","@l":"Debug","Member":"LoadDictionaryForCulture()","SourceFile":"LocalizationService.cs:163"}
{"@t":"2026-01-02T07:43:44.0948203Z","@mt":"Failed to load 'Assets/LANGUAGE\\StringResources.xaml' -> IOException: 'assets/language/stringresources.xaml' 리소스가 없습니다.","@l":"Debug","Member":"LoadDictionaryForCulture()","SourceFile":"LocalizationService.cs:163"}
{"@t":"2026-01-02T07:43:44.7471216Z","@mt":"[Init] DB Connecting ...","Member":"Update()","SourceFile":"AppInitializer.cs:103"}
{"@t":"2026-01-02T07:43:45.3447155Z","@mt":"[Init] Cache Loading ...","Member":"Update()","SourceFile":"AppInitializer.cs:103"}
{"@t":"2026-01-02T07:43:46.2243284Z","@mt":"[Init] Language Loading ...","Member":"Update()","SourceFile":"AppInitializer.cs:103"}
{"@t":"2026-01-02T07:43:46.5274506Z","@mt":"[Init] Devices Loading...","Member":"Update()","SourceFile":"AppInitializer.cs:103"}
{"@t":"2026-01-02T07:43:48.7583289Z","@mt":"[Init] Audio Preloading...","Member":"Update()","SourceFile":"AppInitializer.cs:103"}
{"@t":"2026-01-02T07:43:48.8001851Z","@mt":"Cached audio loaded: Bill.wav (338696 bytes). Total cache bytes: 899056","Member":"GetOrLoadCachedSound()","SourceFile":"AudioPlayService.cs:119"}
{"@t":"2026-01-02T07:43:48.8002101Z","@mt":"Cached audio loaded: Coin.wav (560360 bytes). Total cache bytes: 899056","Member":"GetOrLoadCachedSound()","SourceFile":"AudioPlayService.cs:119"}
{"@t":"2026-01-02T07:43:48.8126888Z","@mt":"Cached audio loaded: Click.wav (175360 bytes). Total cache bytes: 1074416","Member":"GetOrLoadCachedSound()","SourceFile":"AudioPlayService.cs:119"}
{"@t":"2026-01-02T07:43:49.1211153Z","@mt":"[Init] Initialize Complete","Member":"Update()","SourceFile":"AppInitializer.cs:103"}
{"@t":"2026-01-02T07:43:49.1372966Z","@mt":"BackgroundTaskService starting.","Member":"StartAsync()","SourceFile":"BackgroundTaskService.cs:47"}
{"@t":"2026-01-02T07:43:49.1404815Z","@mt":"BackgroundTaskService ExecuteAsync loop started.","Member":"ExecuteAsync()","SourceFile":"BackgroundTaskService.cs:75"}
{"@t":"2026-01-02T07:43:50.1685887Z","@mt":"Background Task Excute  >> [SENT_CEMS_TX_RESULT]","Member":"RunJobSafe()","SourceFile":"BackgroundTaskService.cs:166"}
{"@t":"2026-01-02T07:43:50.3375948Z","@mt":"Background Task Excute  >> [UPDATE_EXCHANGE_RATE]","Member":"RunJobSafe()","SourceFile":"BackgroundTaskService.cs:166"}
{"@t":"2026-01-02T07:44:21.1520375Z","@mt":"Background Task Excute  >> [SENT_CEMS_TX_RESULT]","Member":"RunJobSafe()","SourceFile":"BackgroundTaskService.cs:166"}
{"@t":"2026-01-02T07:44:21.2091923Z","@mt":"Background Task Excute  >> [UPDATE_EXCHANGE_RATE]","Member":"RunJobSafe()","SourceFile":"BackgroundTaskService.cs:166"}
{"@t":"2026-01-02T07:44:52.1511782Z","@mt":"Background Task Excute  >> [SENT_CEMS_TX_RESULT]","Member":"RunJobSafe()","SourceFile":"BackgroundTaskService.cs:166"}
{"@t":"2026-01-02T07:44:52.2011478Z","@mt":"Background Task Excute  >> [UPDATE_EXCHANGE_RATE]","Member":"RunJobSafe()","SourceFile":"BackgroundTaskService.cs:166"}
{"@t":"2026-01-02T07:45:23.1508563Z","@mt":"Background Task Excute  >> [SENT_CEMS_TX_RESULT]","Member":"RunJobSafe()","SourceFile":"BackgroundTaskService.cs:166"}
{"@t":"2026-01-02T07:45:23.2016989Z","@mt":"Background Task Excute  >> [UPDATE_EXCHANGE_RATE]","Member":"RunJobSafe()","SourceFile":"BackgroundTaskService.cs:166"}
{"@t":"2026-01-02T07:45:54.1532118Z","@mt":"Background Task Excute  >> [SENT_CEMS_TX_RESULT]","Member":"RunJobSafe()","SourceFile":"BackgroundTaskService.cs:166"}
{"@t":"2026-01-02T07:45:54.5341956Z","@mt":"Background Task Excute  >> [UPDATE_EXCHANGE_RATE]","Member":"RunJobSafe()","SourceFile":"BackgroundTaskService.cs:166"}
{"@t":"2026-01-02T07:46:25.1533134Z","@mt":"Background Task Excute  >> [SENT_CEMS_TX_RESULT]","Member":"RunJobSafe()","SourceFile":"BackgroundTaskService.cs:166"}
{"@t":"2026-01-02T07:46:25.2047161Z","@mt":"Background Task Excute  >> [UPDATE_EXCHANGE_RATE]","Member":"RunJobSafe()","SourceFile":"BackgroundTaskService.cs:166"}
{"@t":"2026-01-02T07:46:56.1505904Z","@mt":"Background Task Excute  >> [SENT_CEMS_TX_RESULT]","Member":"RunJobSafe()","SourceFile":"BackgroundTaskService.cs:166"}
{"@t":"2026-01-02T07:46:56.2030082Z","@mt":"Background Task Excute  >> [UPDATE_EXCHANGE_RATE]","Member":"RunJobSafe()","SourceFile":"BackgroundTaskService.cs:166"}
{"@t":"2026-01-02T07:47:27.1582319Z","@mt":"Background Task Excute  >> [SENT_CEMS_TX_RESULT]","Member":"RunJobSafe()","SourceFile":"BackgroundTaskService.cs:166"}
{"@t":"2026-01-02T07:47:27.2098072Z","@mt":"Background Task Excute  >> [UPDATE_EXCHANGE_RATE]","Member":"RunJobSafe()","SourceFile":"BackgroundTaskService.cs:166"}
{"@t":"2026-01-02T07:47:58.1528600Z","@mt":"Background Task Excute  >> [SENT_CEMS_TX_RESULT]","Member":"RunJobSafe()","SourceFile":"BackgroundTaskService.cs:166"}
{"@t":"2026-01-02T07:47:58.2728804Z","@mt":"Background Task Excute  >> [UPDATE_EXCHANGE_RATE]","Member":"RunJobSafe()","SourceFile":"BackgroundTaskService.cs:166"}
{"@t":"2026-01-02T07:48:29.1530156Z","@mt":"Background Task Excute  >> [SENT_CEMS_TX_RESULT]","Member":"RunJobSafe()","SourceFile":"BackgroundTaskService.cs:166"}
{"@t":"2026-01-02T07:48:29.2187361Z","@mt":"Background Task Excute  >> [UPDATE_EXCHANGE_RATE]","Member":"RunJobSafe()","SourceFile":"BackgroundTaskService.cs:166"}
{"@t":"2026-01-02T07:49:00.1551033Z","@mt":"Background Task Excute  >> [SENT_CEMS_TX_RESULT]","Member":"RunJobSafe()","SourceFile":"BackgroundTaskService.cs:166"}
{"@t":"2026-01-02T07:49:00.2085712Z","@mt":"Background Task Excute  >> [UPDATE_EXCHANGE_RATE]","Member":"RunJobSafe()","SourceFile":"BackgroundTaskService.cs:166"}
{"@t":"2026-01-02T07:49:31.1500068Z","@mt":"Background Task Excute  >> [SENT_CEMS_TX_RESULT]","Member":"RunJobSafe()","SourceFile":"BackgroundTaskService.cs:166"}
{"@t":"2026-01-02T07:49:31.1968477Z","@mt":"Background Task Excute  >> [UPDATE_EXCHANGE_RATE]","Member":"RunJobSafe()","SourceFile":"BackgroundTaskService.cs:166"}
{"@t":"2026-01-02T07:50:02.1518385Z","@mt":"Background Task Excute  >> [SENT_CEMS_TX_RESULT]","Member":"RunJobSafe()","SourceFile":"BackgroundTaskService.cs:166"}
{"@t":"2026-01-02T07:50:02.3408038Z","@mt":"Background Task Excute  >> [UPDATE_EXCHANGE_RATE]","Member":"RunJobSafe()","SourceFile":"BackgroundTaskService.cs:166"}
{"@t":"2026-01-02T07:50:33.1519009Z","@mt":"Background Task Excute  >> [SENT_CEMS_TX_RESULT]","Member":"RunJobSafe()","SourceFile":"BackgroundTaskService.cs:166"}
{"@t":"2026-01-02T07:50:33.2052102Z","@mt":"Background Task Excute  >> [UPDATE_EXCHANGE_RATE]","Member":"RunJobSafe()","SourceFile":"BackgroundTaskService.cs:166"}
{"@t":"2026-01-02T07:51:04.1515033Z","@mt":"Background Task Excute  >> [SENT_CEMS_TX_RESULT]","Member":"RunJobSafe()","SourceFile":"BackgroundTaskService.cs:166"}
{"@t":"2026-01-02T07:51:04.2138730Z","@mt":"Background Task Excute  >> [UPDATE_EXCHANGE_RATE]","Member":"RunJobSafe()","SourceFile":"BackgroundTaskService.cs:166"}
{"@t":"2026-01-02T07:51:35.1543181Z","@mt":"Background Task Excute  >> [SENT_CEMS_TX_RESULT]","Member":"RunJobSafe()","SourceFile":"BackgroundTaskService.cs:166"}
{"@t":"2026-01-02T07:51:35.2061320Z","@mt":"Background Task Excute  >> [UPDATE_EXCHANGE_RATE]","Member":"RunJobSafe()","SourceFile":"BackgroundTaskService.cs:166"}
{"@t":"2026-01-02T07:52:06.1592220Z","@mt":"Background Task Excute  >> [SENT_CEMS_TX_RESULT]","Member":"RunJobSafe()","SourceFile":"BackgroundTaskService.cs:166"}
{"@t":"2026-01-02T07:52:06.2946646Z","@mt":"Background Task Excute  >> [UPDATE_EXCHANGE_RATE]","Member":"RunJobSafe()","SourceFile":"BackgroundTaskService.cs:166"}
{"@t":"2026-01-02T07:52:37.1496044Z","@mt":"Background Task Excute  >> [SENT_CEMS_TX_RESULT]","Member":"RunJobSafe()","SourceFile":"BackgroundTaskService.cs:166"}
{"@t":"2026-01-02T07:52:37.2020603Z","@mt":"Background Task Excute  >> [UPDATE_EXCHANGE_RATE]","Member":"RunJobSafe()","SourceFile":"BackgroundTaskService.cs:166"}
{"@t":"2026-01-02T07:53:08.1574828Z","@mt":"Background Task Excute  >> [SENT_CEMS_TX_RESULT]","Member":"RunJobSafe()","SourceFile":"BackgroundTaskService.cs:166"}
{"@t":"2026-01-02T07:53:08.2104988Z","@mt":"Background Task Excute  >> [UPDATE_EXCHANGE_RATE]","Member":"RunJobSafe()","SourceFile":"BackgroundTaskService.cs:166"}
{"@t":"2026-01-02T07:53:39.1549440Z","@mt":"Background Task Excute  >> [SENT_CEMS_TX_RESULT]","Member":"RunJobSafe()","SourceFile":"BackgroundTaskService.cs:166"}
{"@t":"2026-01-02T07:53:39.2081953Z","@mt":"Background Task Excute  >> [UPDATE_EXCHANGE_RATE]","Member":"RunJobSafe()","SourceFile":"BackgroundTaskService.cs:166"}
{"@t":"2026-01-02T07:54:10.1534655Z","@mt":"Background Task Excute  >> [SENT_CEMS_TX_RESULT]","Member":"RunJobSafe()","SourceFile":"BackgroundTaskService.cs:166"}
{"@t":"2026-01-02T07:54:10.3296098Z","@mt":"Background Task Excute  >> [UPDATE_EXCHANGE_RATE]","Member":"RunJobSafe()","SourceFile":"BackgroundTaskService.cs:166"}
{"@t":"2026-01-02T07:54:41.1514685Z","@mt":"Background Task Excute  >> [SENT_CEMS_TX_RESULT]","Member":"RunJobSafe()","SourceFile":"BackgroundTaskService.cs:166"}
{"@t":"2026-01-02T07:54:41.2162089Z","@mt":"Background Task Excute  >> [UPDATE_EXCHANGE_RATE]","Member":"RunJobSafe()","SourceFile":"BackgroundTaskService.cs:166"}
{"@t":"2026-01-02T07:55:12.1681439Z","@mt":"Background Task Excute  >> [SENT_CEMS_TX_RESULT]","Member":"RunJobSafe()","SourceFile":"BackgroundTaskService.cs:166"}
{"@t":"2026-01-02T07:55:12.2389333Z","@mt":"Background Task Excute  >> [UPDATE_EXCHANGE_RATE]","Member":"RunJobSafe()","SourceFile":"BackgroundTaskService.cs:166"}
{"@t":"2026-01-02T07:55:43.2294274Z","@mt":"Background Task Excute  >> [SENT_CEMS_TX_RESULT]","Member":"RunJobSafe()","SourceFile":"BackgroundTaskService.cs:166"}
{"@t":"2026-01-02T07:55:43.3489114Z","@mt":"Background Task Excute  >> [UPDATE_EXCHANGE_RATE]","Member":"RunJobSafe()","SourceFile":"BackgroundTaskService.cs:166"}
{"@t":"2026-01-02T07:56:14.1530787Z","@mt":"Background Task Excute  >> [SENT_CEMS_TX_RESULT]","Member":"RunJobSafe()","SourceFile":"BackgroundTaskService.cs:166"}
{"@t":"2026-01-02T07:56:14.2848476Z","@mt":"Background Task Excute  >> [UPDATE_EXCHANGE_RATE]","Member":"RunJobSafe()","SourceFile":"BackgroundTaskService.cs:166"}
{"@t":"2026-01-02T07:56:45.1600664Z","@mt":"Background Task Excute  >> [SENT_CEMS_TX_RESULT]","Member":"RunJobSafe()","SourceFile":"BackgroundTaskService.cs:166"}
{"@t":"2026-01-02T07:56:45.2385919Z","@mt":"Background Task Excute  >> [UPDATE_EXCHANGE_RATE]","Member":"RunJobSafe()","SourceFile":"BackgroundTaskService.cs:166"}
{"@t":"2026-01-02T07:57:16.1536698Z","@mt":"Background Task Excute  >> [SENT_CEMS_TX_RESULT]","Member":"RunJobSafe()","SourceFile":"BackgroundTaskService.cs:166"}
{"@t":"2026-01-02T07:57:16.1989270Z","@mt":"Background Task Excute  >> [UPDATE_EXCHANGE_RATE]","Member":"RunJobSafe()","SourceFile":"BackgroundTaskService.cs:166"}
{"@t":"2026-01-02T07:57:47.1534612Z","@mt":"Background Task Excute  >> [SENT_CEMS_TX_RESULT]","Member":"RunJobSafe()","SourceFile":"BackgroundTaskService.cs:166"}
{"@t":"2026-01-02T07:57:47.2123975Z","@mt":"Background Task Excute  >> [UPDATE_EXCHANGE_RATE]","Member":"RunJobSafe()","SourceFile":"BackgroundTaskService.cs:166"}
{"@t":"2026-01-02T07:58:18.1519748Z","@mt":"Background Task Excute  >> [SENT_CEMS_TX_RESULT]","Member":"RunJobSafe()","SourceFile":"BackgroundTaskService.cs:166"}
{"@t":"2026-01-02T07:58:18.2455790Z","@mt":"Background Task Excute  >> [UPDATE_EXCHANGE_RATE]","Member":"RunJobSafe()","SourceFile":"BackgroundTaskService.cs:166"}
{"@t":"2026-01-02T07:58:49.1617700Z","@mt":"Background Task Excute  >> [SENT_CEMS_TX_RESULT]","Member":"RunJobSafe()","SourceFile":"BackgroundTaskService.cs:166"}
{"@t":"2026-01-02T07:58:49.2194117Z","@mt":"Background Task Excute  >> [UPDATE_EXCHANGE_RATE]","Member":"RunJobSafe()","SourceFile":"BackgroundTaskService.cs:166"}
{"@t":"2026-01-02T07:59:20.1551638Z","@mt":"Background Task Excute  >> [SENT_CEMS_TX_RESULT]","Member":"RunJobSafe()","SourceFile":"BackgroundTaskService.cs:166"}
{"@t":"2026-01-02T07:59:20.2031252Z","@mt":"Background Task Excute  >> [UPDATE_EXCHANGE_RATE]","Member":"RunJobSafe()","SourceFile":"BackgroundTaskService.cs:166"}
{"@t":"2026-01-02T07:59:51.1543192Z","@mt":"Background Task Excute  >> [SENT_CEMS_TX_RESULT]","Member":"RunJobSafe()","SourceFile":"BackgroundTaskService.cs:166"}
{"@t":"2026-01-02T07:59:51.2051749Z","@mt":"Background Task Excute  >> [UPDATE_EXCHANGE_RATE]","Member":"RunJobSafe()","SourceFile":"BackgroundTaskService.cs:166"}
{"@t":"2026-01-02T08:00:22.1514902Z","@mt":"Background Task Excute  >> [SENT_CEMS_TX_RESULT]","Member":"RunJobSafe()","SourceFile":"BackgroundTaskService.cs:166"}
{"@t":"2026-01-02T08:00:22.2874848Z","@mt":"Background Task Excute  >> [UPDATE_EXCHANGE_RATE]","Member":"RunJobSafe()","SourceFile":"BackgroundTaskService.cs:166"}
{"@t":"2026-01-02T08:00:53.1525992Z","@mt":"Background Task Excute  >> [SENT_CEMS_TX_RESULT]","Member":"RunJobSafe()","SourceFile":"BackgroundTaskService.cs:166"}
{"@t":"2026-01-02T08:00:53.2113071Z","@mt":"Background Task Excute  >> [UPDATE_EXCHANGE_RATE]","Member":"RunJobSafe()","SourceFile":"BackgroundTaskService.cs:166"}
{"@t":"2026-01-02T08:01:24.2055167Z","@mt":"Background Task Excute  >> [SENT_CEMS_TX_RESULT]","Member":"RunJobSafe()","SourceFile":"BackgroundTaskService.cs:166"}
{"@t":"2026-01-02T08:01:24.2597537Z","@mt":"Background Task Excute  >> [UPDATE_EXCHANGE_RATE]","Member":"RunJobSafe()","SourceFile":"BackgroundTaskService.cs:166"}
{"@t":"2026-01-02T08:01:55.1581370Z","@mt":"Background Task Excute  >> [SENT_CEMS_TX_RESULT]","Member":"RunJobSafe()","SourceFile":"BackgroundTaskService.cs:166"}
{"@t":"2026-01-02T08:01:55.2212066Z","@mt":"Background Task Excute  >> [UPDATE_EXCHANGE_RATE]","Member":"RunJobSafe()","SourceFile":"BackgroundTaskService.cs:166"}
{"@t":"2026-01-02T08:02:26.1641137Z","@mt":"Background Task Excute  >> [SENT_CEMS_TX_RESULT]","Member":"RunJobSafe()","SourceFile":"BackgroundTaskService.cs:166"}
{"@t":"2026-01-02T08:02:26.2610272Z","@mt":"Background Task Excute  >> [UPDATE_EXCHANGE_RATE]","Member":"RunJobSafe()","SourceFile":"BackgroundTaskService.cs:166"}
{"@t":"2026-01-02T08:02:57.1556384Z","@mt":"Background Task Excute  >> [SENT_CEMS_TX_RESULT]","Member":"RunJobSafe()","SourceFile":"BackgroundTaskService.cs:166"}
{"@t":"2026-01-02T08:02:57.2052023Z","@mt":"Background Task Excute  >> [UPDATE_EXCHANGE_RATE]","Member":"RunJobSafe()","SourceFile":"BackgroundTaskService.cs:166"}
{"@t":"2026-01-02T08:03:28.2258513Z","@mt":"Background Task Excute  >> [SENT_CEMS_TX_RESULT]","Member":"RunJobSafe()","SourceFile":"BackgroundTaskService.cs:166"}
{"@t":"2026-01-02T08:03:28.2770417Z","@mt":"Background Task Excute  >> [UPDATE_EXCHANGE_RATE]","Member":"RunJobSafe()","SourceFile":"BackgroundTaskService.cs:166"}
{"@t":"2026-01-02T08:03:59.1768709Z","@mt":"Background Task Excute  >> [SENT_CEMS_TX_RESULT]","Member":"RunJobSafe()","SourceFile":"BackgroundTaskService.cs:166"}
{"@t":"2026-01-02T08:03:59.2514213Z","@mt":"Background Task Excute  >> [UPDATE_EXCHANGE_RATE]","Member":"RunJobSafe()","SourceFile":"BackgroundTaskService.cs:166"}
{"@t":"2026-01-02T08:04:30.1567780Z","@mt":"Background Task Excute  >> [SENT_CEMS_TX_RESULT]","Member":"RunJobSafe()","SourceFile":"BackgroundTaskService.cs:166"}
{"@t":"2026-01-02T08:04:30.2484361Z","@mt":"Background Task Excute  >> [UPDATE_EXCHANGE_RATE]","Member":"RunJobSafe()","SourceFile":"BackgroundTaskService.cs:166"}
{"@t":"2026-01-02T08:05:01.1555888Z","@mt":"Background Task Excute  >> [SENT_CEMS_TX_RESULT]","Member":"RunJobSafe()","SourceFile":"BackgroundTaskService.cs:166"}
{"@t":"2026-01-02T08:05:01.2099914Z","@mt":"Background Task Excute  >> [UPDATE_EXCHANGE_RATE]","Member":"RunJobSafe()","SourceFile":"BackgroundTaskService.cs:166"}
{"@t":"2026-01-02T08:05:32.1624897Z","@mt":"Background Task Excute  >> [SENT_CEMS_TX_RESULT]","Member":"RunJobSafe()","SourceFile":"BackgroundTaskService.cs:166"}
{"@t":"2026-01-02T08:05:32.2339920Z","@mt":"Background Task Excute  >> [UPDATE_EXCHANGE_RATE]","Member":"RunJobSafe()","SourceFile":"BackgroundTaskService.cs:166"}
{"@t":"2026-01-02T08:06:03.1524756Z","@mt":"Background Task Excute  >> [SENT_CEMS_TX_RESULT]","Member":"RunJobSafe()","SourceFile":"BackgroundTaskService.cs:166"}
{"@t":"2026-01-02T08:06:03.2345696Z","@mt":"Background Task Excute  >> [UPDATE_EXCHANGE_RATE]","Member":"RunJobSafe()","SourceFile":"BackgroundTaskService.cs:166"}
{"@t":"2026-01-02T08:06:34.1534193Z","@mt":"Background Task Excute  >> [SENT_CEMS_TX_RESULT]","Member":"RunJobSafe()","SourceFile":"BackgroundTaskService.cs:166"}
{"@t":"2026-01-02T08:06:34.2977576Z","@mt":"Background Task Excute  >> [UPDATE_EXCHANGE_RATE]","Member":"RunJobSafe()","SourceFile":"BackgroundTaskService.cs:166"}
{"@t":"2026-01-02T08:07:05.1539680Z","@mt":"Background Task Excute  >> [SENT_CEMS_TX_RESULT]","Member":"RunJobSafe()","SourceFile":"BackgroundTaskService.cs:166"}
{"@t":"2026-01-02T08:07:05.2061276Z","@mt":"Background Task Excute  >> [UPDATE_EXCHANGE_RATE]","Member":"RunJobSafe()","SourceFile":"BackgroundTaskService.cs:166"}
{"@t":"2026-01-02T08:07:36.1533381Z","@mt":"Background Task Excute  >> [SENT_CEMS_TX_RESULT]","Member":"RunJobSafe()","SourceFile":"BackgroundTaskService.cs:166"}
{"@t":"2026-01-02T08:07:36.2045164Z","@mt":"Background Task Excute  >> [UPDATE_EXCHANGE_RATE]","Member":"RunJobSafe()","SourceFile":"BackgroundTaskService.cs:166"}
{"@t":"2026-01-02T08:08:07.1591913Z","@mt":"Background Task Excute  >> [SENT_CEMS_TX_RESULT]","Member":"RunJobSafe()","SourceFile":"BackgroundTaskService.cs:166"}
{"@t":"2026-01-02T08:08:07.2157521Z","@mt":"Background Task Excute  >> [UPDATE_EXCHANGE_RATE]","Member":"RunJobSafe()","SourceFile":"BackgroundTaskService.cs:166"}
{"@t":"2026-01-02T08:08:38.1569932Z","@mt":"Background Task Excute  >> [SENT_CEMS_TX_RESULT]","Member":"RunJobSafe()","SourceFile":"BackgroundTaskService.cs:166"}
{"@t":"2026-01-02T08:08:38.2616591Z","@mt":"Background Task Excute  >> [UPDATE_EXCHANGE_RATE]","Member":"RunJobSafe()","SourceFile":"BackgroundTaskService.cs:166"}
{"@t":"2026-01-02T08:09:09.1533916Z","@mt":"Background Task Excute  >> [SENT_CEMS_TX_RESULT]","Member":"RunJobSafe()","SourceFile":"BackgroundTaskService.cs:166"}
{"@t":"2026-01-02T08:09:09.2166191Z","@mt":"Background Task Excute  >> [UPDATE_EXCHANGE_RATE]","Member":"RunJobSafe()","SourceFile":"BackgroundTaskService.cs:166"}
{"@t":"2026-01-02T08:09:40.1502377Z","@mt":"Background Task Excute  >> [SENT_CEMS_TX_RESULT]","Member":"RunJobSafe()","SourceFile":"BackgroundTaskService.cs:166"}
{"@t":"2026-01-02T08:09:40.2056816Z","@mt":"Background Task Excute  >> [UPDATE_EXCHANGE_RATE]","Member":"RunJobSafe()","SourceFile":"BackgroundTaskService.cs:166"}
{"@t":"2026-01-02T08:10:11.1500663Z","@mt":"Background Task Excute  >> [SENT_CEMS_TX_RESULT]","Member":"RunJobSafe()","SourceFile":"BackgroundTaskService.cs:166"}
{"@t":"2026-01-02T08:10:11.2060428Z","@mt":"Background Task Excute  >> [UPDATE_EXCHANGE_RATE]","Member":"RunJobSafe()","SourceFile":"BackgroundTaskService.cs:166"}
{"@t":"2026-01-02T08:10:42.1519888Z","@mt":"Background Task Excute  >> [SENT_CEMS_TX_RESULT]","Member":"RunJobSafe()","SourceFile":"BackgroundTaskService.cs:166"}
{"@t":"2026-01-02T08:10:42.2343368Z","@mt":"Background Task Excute  >> [UPDATE_EXCHANGE_RATE]","Member":"RunJobSafe()","SourceFile":"BackgroundTaskService.cs:166"}
{"@t":"2026-01-02T08:11:13.1548872Z","@mt":"Background Task Excute  >> [SENT_CEMS_TX_RESULT]","Member":"RunJobSafe()","SourceFile":"BackgroundTaskService.cs:166"}
{"@t":"2026-01-02T08:11:13.2609213Z","@mt":"Background Task Excute  >> [UPDATE_EXCHANGE_RATE]","Member":"RunJobSafe()","SourceFile":"BackgroundTaskService.cs:166"}
{"@t":"2026-01-02T08:11:44.2718892Z","@mt":"Background Task Excute  >> [SENT_CEMS_TX_RESULT]","Member":"RunJobSafe()","SourceFile":"BackgroundTaskService.cs:166"}
{"@t":"2026-01-02T08:11:44.3354947Z","@mt":"Background Task Excute  >> [UPDATE_EXCHANGE_RATE]","Member":"RunJobSafe()","SourceFile":"BackgroundTaskService.cs:166"}
{"@t":"2026-01-02T08:12:15.1812102Z","@mt":"Background Task Excute  >> [SENT_CEMS_TX_RESULT]","Member":"RunJobSafe()","SourceFile":"BackgroundTaskService.cs:166"}
{"@t":"2026-01-02T08:12:15.2383911Z","@mt":"Background Task Excute  >> [UPDATE_EXCHANGE_RATE]","Member":"RunJobSafe()","SourceFile":"BackgroundTaskService.cs:166"}
{"@t":"2026-01-02T08:12:46.1560071Z","@mt":"Background Task Excute  >> [SENT_CEMS_TX_RESULT]","Member":"RunJobSafe()","SourceFile":"BackgroundTaskService.cs:166"}
{"@t":"2026-01-02T08:12:46.3469346Z","@mt":"Background Task Excute  >> [UPDATE_EXCHANGE_RATE]","Member":"RunJobSafe()","SourceFile":"BackgroundTaskService.cs:166"}
{"@t":"2026-01-02T08:13:17.1511027Z","@mt":"Background Task Excute  >> [SENT_CEMS_TX_RESULT]","Member":"RunJobSafe()","SourceFile":"BackgroundTaskService.cs:166"}
{"@t":"2026-01-02T08:13:17.2053684Z","@mt":"Background Task Excute  >> [UPDATE_EXCHANGE_RATE]","Member":"RunJobSafe()","SourceFile":"BackgroundTaskService.cs:166"}
{"@t":"2026-01-02T08:13:48.1497219Z","@mt":"Background Task Excute  >> [SENT_CEMS_TX_RESULT]","Member":"RunJobSafe()","SourceFile":"BackgroundTaskService.cs:166"}
{"@t":"2026-01-02T08:13:48.2102432Z","@mt":"Background Task Excute  >> [UPDATE_EXCHANGE_RATE]","Member":"RunJobSafe()","SourceFile":"BackgroundTaskService.cs:166"}
{"@t":"2026-01-02T08:14:19.1582832Z","@mt":"Background Task Excute  >> [SENT_CEMS_TX_RESULT]","Member":"RunJobSafe()","SourceFile":"BackgroundTaskService.cs:166"}
{"@t":"2026-01-02T08:14:19.2959624Z","@mt":"Background Task Excute  >> [UPDATE_EXCHANGE_RATE]","Member":"RunJobSafe()","SourceFile":"BackgroundTaskService.cs:166"}
{"@t":"2026-01-02T08:14:50.1531432Z","@mt":"Background Task Excute  >> [SENT_CEMS_TX_RESULT]","Member":"RunJobSafe()","SourceFile":"BackgroundTaskService.cs:166"}
{"@t":"2026-01-02T08:14:50.2390157Z","@mt":"Background Task Excute  >> [UPDATE_EXCHANGE_RATE]","Member":"RunJobSafe()","SourceFile":"BackgroundTaskService.cs:166"}
{"@t":"2026-01-02T08:15:21.1533294Z","@mt":"Background Task Excute  >> [SENT_CEMS_TX_RESULT]","Member":"RunJobSafe()","SourceFile":"BackgroundTaskService.cs:166"}
{"@t":"2026-01-02T08:15:21.2063453Z","@mt":"Background Task Excute  >> [UPDATE_EXCHANGE_RATE]","Member":"RunJobSafe()","SourceFile":"BackgroundTaskService.cs:166"}
{"@t":"2026-01-02T08:15:52.1522009Z","@mt":"Background Task Excute  >> [SENT_CEMS_TX_RESULT]","Member":"RunJobSafe()","SourceFile":"BackgroundTaskService.cs:166"}
{"@t":"2026-01-02T08:15:52.2049369Z","@mt":"Background Task Excute  >> [UPDATE_EXCHANGE_RATE]","Member":"RunJobSafe()","SourceFile":"BackgroundTaskService.cs:166"}
{"@t":"2026-01-02T08:16:23.1519643Z","@mt":"Background Task Excute  >> [SENT_CEMS_TX_RESULT]","Member":"RunJobSafe()","SourceFile":"BackgroundTaskService.cs:166"}
{"@t":"2026-01-02T08:16:23.2038142Z","@mt":"Background Task Excute  >> [UPDATE_EXCHANGE_RATE]","Member":"RunJobSafe()","SourceFile":"BackgroundTaskService.cs:166"}
{"@t":"2026-01-02T08:16:54.1512125Z","@mt":"Background Task Excute  >> [SENT_CEMS_TX_RESULT]","Member":"RunJobSafe()","SourceFile":"BackgroundTaskService.cs:166"}
{"@t":"2026-01-02T08:16:54.2577252Z","@mt":"Background Task Excute  >> [UPDATE_EXCHANGE_RATE]","Member":"RunJobSafe()","SourceFile":"BackgroundTaskService.cs:166"}
{"@t":"2026-01-02T08:17:25.1712071Z","@mt":"Background Task Excute  >> [SENT_CEMS_TX_RESULT]","Member":"RunJobSafe()","SourceFile":"BackgroundTaskService.cs:166"}
{"@t":"2026-01-02T08:17:25.2248994Z","@mt":"Background Task Excute  >> [UPDATE_EXCHANGE_RATE]","Member":"RunJobSafe()","SourceFile":"BackgroundTaskService.cs:166"}
{"@t":"2026-01-02T08:17:56.1556638Z","@mt":"Background Task Excute  >> [SENT_CEMS_TX_RESULT]","Member":"RunJobSafe()","SourceFile":"BackgroundTaskService.cs:166"}
{"@t":"2026-01-02T08:17:56.2091518Z","@mt":"Background Task Excute  >> [UPDATE_EXCHANGE_RATE]","Member":"RunJobSafe()","SourceFile":"BackgroundTaskService.cs:166"}
{"@t":"2026-01-02T08:18:27.1529633Z","@mt":"Background Task Excute  >> [SENT_CEMS_TX_RESULT]","Member":"RunJobSafe()","SourceFile":"BackgroundTaskService.cs:166"}
{"@t":"2026-01-02T08:18:27.2038013Z","@mt":"Background Task Excute  >> [UPDATE_EXCHANGE_RATE]","Member":"RunJobSafe()","SourceFile":"BackgroundTaskService.cs:166"}
{"@t":"2026-01-02T08:18:58.1524118Z","@mt":"Background Task Excute  >> [SENT_CEMS_TX_RESULT]","Member":"RunJobSafe()","SourceFile":"BackgroundTaskService.cs:166"}
{"@t":"2026-01-02T08:18:58.2509106Z","@mt":"Background Task Excute  >> [UPDATE_EXCHANGE_RATE]","Member":"RunJobSafe()","SourceFile":"BackgroundTaskService.cs:166"}
{"@t":"2026-01-02T08:19:29.1566360Z","@mt":"Background Task Excute  >> [SENT_CEMS_TX_RESULT]","Member":"RunJobSafe()","SourceFile":"BackgroundTaskService.cs:166"}
{"@t":"2026-01-02T08:19:29.2099879Z","@mt":"Background Task Excute  >> [UPDATE_EXCHANGE_RATE]","Member":"RunJobSafe()","SourceFile":"BackgroundTaskService.cs:166"}
{"@t":"2026-01-02T08:20:00.1537397Z","@mt":"Background Task Excute  >> [SENT_CEMS_TX_RESULT]","Member":"RunJobSafe()","SourceFile":"BackgroundTaskService.cs:166"}
{"@t":"2026-01-02T08:20:00.2007771Z","@mt":"Background Task Excute  >> [UPDATE_EXCHANGE_RATE]","Member":"RunJobSafe()","SourceFile":"BackgroundTaskService.cs:166"}
{"@t":"2026-01-02T08:20:31.1533340Z","@mt":"Background Task Excute  >> [SENT_CEMS_TX_RESULT]","Member":"RunJobSafe()","SourceFile":"BackgroundTaskService.cs:166"}
{"@t":"2026-01-02T08:20:31.2006395Z","@mt":"Background Task Excute  >> [UPDATE_EXCHANGE_RATE]","Member":"RunJobSafe()","SourceFile":"BackgroundTaskService.cs:166"}
{"@t":"2026-01-02T08:21:02.1604469Z","@mt":"Background Task Excute  >> [SENT_CEMS_TX_RESULT]","Member":"RunJobSafe()","SourceFile":"BackgroundTaskService.cs:166"}
{"@t":"2026-01-02T08:21:02.2913962Z","@mt":"Background Task Excute  >> [UPDATE_EXCHANGE_RATE]","Member":"RunJobSafe()","SourceFile":"BackgroundTaskService.cs:166"}
{"@t":"2026-01-02T08:21:33.1506358Z","@mt":"Background Task Excute  >> [SENT_CEMS_TX_RESULT]","Member":"RunJobSafe()","SourceFile":"BackgroundTaskService.cs:166"}
{"@t":"2026-01-02T08:21:33.2019392Z","@mt":"Background Task Excute  >> [UPDATE_EXCHANGE_RATE]","Member":"RunJobSafe()","SourceFile":"BackgroundTaskService.cs:166"}
{"@t":"2026-01-02T08:22:04.1527177Z","@mt":"Background Task Excute  >> [SENT_CEMS_TX_RESULT]","Member":"RunJobSafe()","SourceFile":"BackgroundTaskService.cs:166"}
{"@t":"2026-01-02T08:22:04.2101324Z","@mt":"Background Task Excute  >> [UPDATE_EXCHANGE_RATE]","Member":"RunJobSafe()","SourceFile":"BackgroundTaskService.cs:166"}
{"@t":"2026-01-02T08:22:35.1537280Z","@mt":"Background Task Excute  >> [SENT_CEMS_TX_RESULT]","Member":"RunJobSafe()","SourceFile":"BackgroundTaskService.cs:166"}
{"@t":"2026-01-02T08:22:35.2024916Z","@mt":"Background Task Excute  >> [UPDATE_EXCHANGE_RATE]","Member":"RunJobSafe()","SourceFile":"BackgroundTaskService.cs:166"}
{"@t":"2026-01-02T08:23:06.1701121Z","@mt":"Background Task Excute  >> [SENT_CEMS_TX_RESULT]","Member":"RunJobSafe()","SourceFile":"BackgroundTaskService.cs:166"}
{"@t":"2026-01-02T08:23:06.2782085Z","@mt":"Background Task Excute  >> [UPDATE_EXCHANGE_RATE]","Member":"RunJobSafe()","SourceFile":"BackgroundTaskService.cs:166"}
{"@t":"2026-01-02T08:23:37.1510415Z","@mt":"Background Task Excute  >> [SENT_CEMS_TX_RESULT]","Member":"RunJobSafe()","SourceFile":"BackgroundTaskService.cs:166"}
{"@t":"2026-01-02T08:23:37.2056004Z","@mt":"Background Task Excute  >> [UPDATE_EXCHANGE_RATE]","Member":"RunJobSafe()","SourceFile":"BackgroundTaskService.cs:166"}
{"@t":"2026-01-02T08:24:08.1531609Z","@mt":"Background Task Excute  >> [SENT_CEMS_TX_RESULT]","Member":"RunJobSafe()","SourceFile":"BackgroundTaskService.cs:166"}
{"@t":"2026-01-02T08:24:08.2033523Z","@mt":"Background Task Excute  >> [UPDATE_EXCHANGE_RATE]","Member":"RunJobSafe()","SourceFile":"BackgroundTaskService.cs:166"}
{"@t":"2026-01-02T08:24:39.1568785Z","@mt":"Background Task Excute  >> [SENT_CEMS_TX_RESULT]","Member":"RunJobSafe()","SourceFile":"BackgroundTaskService.cs:166"}
{"@t":"2026-01-02T08:24:39.2743626Z","@mt":"Background Task Excute  >> [UPDATE_EXCHANGE_RATE]","Member":"RunJobSafe()","SourceFile":"BackgroundTaskService.cs:166"}
{"@t":"2026-01-02T08:25:10.1528425Z","@mt":"Background Task Excute  >> [SENT_CEMS_TX_RESULT]","Member":"RunJobSafe()","SourceFile":"BackgroundTaskService.cs:166"}
{"@t":"2026-01-02T08:25:10.2414274Z","@mt":"Background Task Excute  >> [UPDATE_EXCHANGE_RATE]","Member":"RunJobSafe()","SourceFile":"BackgroundTaskService.cs:166"}
{"@t":"2026-01-02T08:25:41.1590608Z","@mt":"Background Task Excute  >> [SENT_CEMS_TX_RESULT]","Member":"RunJobSafe()","SourceFile":"BackgroundTaskService.cs:166"}
{"@t":"2026-01-02T08:25:41.2200009Z","@mt":"Background Task Excute  >> [UPDATE_EXCHANGE_RATE]","Member":"RunJobSafe()","SourceFile":"BackgroundTaskService.cs:166"}
{"@t":"2026-01-02T08:26:12.1527614Z","@mt":"Background Task Excute  >> [SENT_CEMS_TX_RESULT]","Member":"RunJobSafe()","SourceFile":"BackgroundTaskService.cs:166"}
{"@t":"2026-01-02T08:26:12.2190759Z","@mt":"Background Task Excute  >> [UPDATE_EXCHANGE_RATE]","Member":"RunJobSafe()","SourceFile":"BackgroundTaskService.cs:166"}
{"@t":"2026-01-02T08:26:43.1597824Z","@mt":"Background Task Excute  >> [SENT_CEMS_TX_RESULT]","Member":"RunJobSafe()","SourceFile":"BackgroundTaskService.cs:166"}
{"@t":"2026-01-02T08:26:43.2122514Z","@mt":"Background Task Excute  >> [UPDATE_EXCHANGE_RATE]","Member":"RunJobSafe()","SourceFile":"BackgroundTaskService.cs:166"}
{"@t":"2026-01-02T08:27:14.1547937Z","@mt":"Background Task Excute  >> [SENT_CEMS_TX_RESULT]","Member":"RunJobSafe()","SourceFile":"BackgroundTaskService.cs:166"}
{"@t":"2026-01-02T08:27:14.2494502Z","@mt":"Background Task Excute  >> [UPDATE_EXCHANGE_RATE]","Member":"RunJobSafe()","SourceFile":"BackgroundTaskService.cs:166"}
{"@t":"2026-01-02T08:27:45.1532430Z","@mt":"Background Task Excute  >> [SENT_CEMS_TX_RESULT]","Member":"RunJobSafe()","SourceFile":"BackgroundTaskService.cs:166"}
{"@t":"2026-01-02T08:27:45.2052764Z","@mt":"Background Task Excute  >> [UPDATE_EXCHANGE_RATE]","Member":"RunJobSafe()","SourceFile":"BackgroundTaskService.cs:166"}
{"@t":"2026-01-02T08:28:16.1503384Z","@mt":"Background Task Excute  >> [SENT_CEMS_TX_RESULT]","Member":"RunJobSafe()","SourceFile":"BackgroundTaskService.cs:166"}
{"@t":"2026-01-02T08:28:16.2017173Z","@mt":"Background Task Excute  >> [UPDATE_EXCHANGE_RATE]","Member":"RunJobSafe()","SourceFile":"BackgroundTaskService.cs:166"}
{"@t":"2026-01-02T08:28:47.1549539Z","@mt":"Background Task Excute  >> [SENT_CEMS_TX_RESULT]","Member":"RunJobSafe()","SourceFile":"BackgroundTaskService.cs:166"}
{"@t":"2026-01-02T08:28:47.2134600Z","@mt":"Background Task Excute  >> [UPDATE_EXCHANGE_RATE]","Member":"RunJobSafe()","SourceFile":"BackgroundTaskService.cs:166"}
{"@t":"2026-01-02T08:29:18.1549848Z","@mt":"Background Task Excute  >> [SENT_CEMS_TX_RESULT]","Member":"RunJobSafe()","SourceFile":"BackgroundTaskService.cs:166"}
{"@t":"2026-01-02T08:29:18.2884814Z","@mt":"Background Task Excute  >> [UPDATE_EXCHANGE_RATE]","Member":"RunJobSafe()","SourceFile":"BackgroundTaskService.cs:166"}
{"@t":"2026-01-02T08:29:49.1513728Z","@mt":"Background Task Excute  >> [SENT_CEMS_TX_RESULT]","Member":"RunJobSafe()","SourceFile":"BackgroundTaskService.cs:166"}
{"@t":"2026-01-02T08:29:49.1995868Z","@mt":"Background Task Excute  >> [UPDATE_EXCHANGE_RATE]","Member":"RunJobSafe()","SourceFile":"BackgroundTaskService.cs:166"}
{"@t":"2026-01-02T08:30:20.1669846Z","@mt":"Background Task Excute  >> [SENT_CEMS_TX_RESULT]","Member":"RunJobSafe()","SourceFile":"BackgroundTaskService.cs:166"}
{"@t":"2026-01-02T08:30:20.2457038Z","@mt":"Background Task Excute  >> [UPDATE_EXCHANGE_RATE]","Member":"RunJobSafe()","SourceFile":"BackgroundTaskService.cs:166"}
{"@t":"2026-01-02T08:30:51.1513489Z","@mt":"Background Task Excute  >> [SENT_CEMS_TX_RESULT]","Member":"RunJobSafe()","SourceFile":"BackgroundTaskService.cs:166"}
{"@t":"2026-01-02T08:30:51.2020811Z","@mt":"Background Task Excute  >> [UPDATE_EXCHANGE_RATE]","Member":"RunJobSafe()","SourceFile":"BackgroundTaskService.cs:166"}
{"@t":"2026-01-02T08:31:22.1497892Z","@mt":"Background Task Excute  >> [SENT_CEMS_TX_RESULT]","Member":"RunJobSafe()","SourceFile":"BackgroundTaskService.cs:166"}
{"@t":"2026-01-02T08:31:22.2410951Z","@mt":"Background Task Excute  >> [UPDATE_EXCHANGE_RATE]","Member":"RunJobSafe()","SourceFile":"BackgroundTaskService.cs:166"}
{"@t":"2026-01-02T08:31:53.1581412Z","@mt":"Background Task Excute  >> [SENT_CEMS_TX_RESULT]","Member":"RunJobSafe()","SourceFile":"BackgroundTaskService.cs:166"}
{"@t":"2026-01-02T08:31:53.2089196Z","@mt":"Background Task Excute  >> [UPDATE_EXCHANGE_RATE]","Member":"RunJobSafe()","SourceFile":"BackgroundTaskService.cs:166"}
{"@t":"2026-01-02T08:32:24.1515120Z","@mt":"Background Task Excute  >> [SENT_CEMS_TX_RESULT]","Member":"RunJobSafe()","SourceFile":"BackgroundTaskService.cs:166"}
{"@t":"2026-01-02T08:32:24.2063000Z","@mt":"Background Task Excute  >> [UPDATE_EXCHANGE_RATE]","Member":"RunJobSafe()","SourceFile":"BackgroundTaskService.cs:166"}
{"@t":"2026-01-02T08:32:55.1521579Z","@mt":"Background Task Excute  >> [SENT_CEMS_TX_RESULT]","Member":"RunJobSafe()","SourceFile":"BackgroundTaskService.cs:166"}
{"@t":"2026-01-02T08:32:55.2179444Z","@mt":"Background Task Excute  >> [UPDATE_EXCHANGE_RATE]","Member":"RunJobSafe()","SourceFile":"BackgroundTaskService.cs:166"}
{"@t":"2026-01-02T08:33:26.1573699Z","@mt":"Background Task Excute  >> [SENT_CEMS_TX_RESULT]","Member":"RunJobSafe()","SourceFile":"BackgroundTaskService.cs:166"}
{"@t":"2026-01-02T08:33:26.2409577Z","@mt":"Background Task Excute  >> [UPDATE_EXCHANGE_RATE]","Member":"RunJobSafe()","SourceFile":"BackgroundTaskService.cs:166"}
{"@t":"2026-01-02T08:33:57.1516580Z","@mt":"Background Task Excute  >> [SENT_CEMS_TX_RESULT]","Member":"RunJobSafe()","SourceFile":"BackgroundTaskService.cs:166"}
{"@t":"2026-01-02T08:33:57.2129009Z","@mt":"Background Task Excute  >> [UPDATE_EXCHANGE_RATE]","Member":"RunJobSafe()","SourceFile":"BackgroundTaskService.cs:166"}
{"@t":"2026-01-02T08:34:28.1571703Z","@mt":"Background Task Excute  >> [SENT_CEMS_TX_RESULT]","Member":"RunJobSafe()","SourceFile":"BackgroundTaskService.cs:166"}
{"@t":"2026-01-02T08:34:28.2150815Z","@mt":"Background Task Excute  >> [UPDATE_EXCHANGE_RATE]","Member":"RunJobSafe()","SourceFile":"BackgroundTaskService.cs:166"}
{"@t":"2026-01-02T08:34:59.1538105Z","@mt":"Background Task Excute  >> [SENT_CEMS_TX_RESULT]","Member":"RunJobSafe()","SourceFile":"BackgroundTaskService.cs:166"}
{"@t":"2026-01-02T08:34:59.2037343Z","@mt":"Background Task Excute  >> [UPDATE_EXCHANGE_RATE]","Member":"RunJobSafe()","SourceFile":"BackgroundTaskService.cs:166"}
{"@t":"2026-01-02T08:35:30.1542263Z","@mt":"Background Task Excute  >> [SENT_CEMS_TX_RESULT]","Member":"RunJobSafe()","SourceFile":"BackgroundTaskService.cs:166"}
{"@t":"2026-01-02T08:35:30.2429563Z","@mt":"Background Task Excute  >> [UPDATE_EXCHANGE_RATE]","Member":"RunJobSafe()","SourceFile":"BackgroundTaskService.cs:166"}
{"@t":"2026-01-02T08:36:01.1562116Z","@mt":"Background Task Excute  >> [SENT_CEMS_TX_RESULT]","Member":"RunJobSafe()","SourceFile":"BackgroundTaskService.cs:166"}
{"@t":"2026-01-02T08:36:01.2180092Z","@mt":"Background Task Excute  >> [UPDATE_EXCHANGE_RATE]","Member":"RunJobSafe()","SourceFile":"BackgroundTaskService.cs:166"}
{"@t":"2026-01-02T08:36:32.1670756Z","@mt":"Background Task Excute  >> [SENT_CEMS_TX_RESULT]","Member":"RunJobSafe()","SourceFile":"BackgroundTaskService.cs:166"}
{"@t":"2026-01-02T08:36:32.2121638Z","@mt":"Background Task Excute  >> [UPDATE_EXCHANGE_RATE]","Member":"RunJobSafe()","SourceFile":"BackgroundTaskService.cs:166"}
{"@t":"2026-01-02T08:37:03.1543454Z","@mt":"Background Task Excute  >> [SENT_CEMS_TX_RESULT]","Member":"RunJobSafe()","SourceFile":"BackgroundTaskService.cs:166"}
{"@t":"2026-01-02T08:37:03.2188329Z","@mt":"Background Task Excute  >> [UPDATE_EXCHANGE_RATE]","Member":"RunJobSafe()","SourceFile":"BackgroundTaskService.cs:166"}
{"@t":"2026-01-02T08:37:34.1544513Z","@mt":"Background Task Excute  >> [SENT_CEMS_TX_RESULT]","Member":"RunJobSafe()","SourceFile":"BackgroundTaskService.cs:166"}
{"@t":"2026-01-02T08:37:34.2427657Z","@mt":"Background Task Excute  >> [UPDATE_EXCHANGE_RATE]","Member":"RunJobSafe()","SourceFile":"BackgroundTaskService.cs:166"}
{"@t":"2026-01-02T08:38:05.1513665Z","@mt":"Background Task Excute  >> [SENT_CEMS_TX_RESULT]","Member":"RunJobSafe()","SourceFile":"BackgroundTaskService.cs:166"}
{"@t":"2026-01-02T08:38:05.2103854Z","@mt":"Background Task Excute  >> [UPDATE_EXCHANGE_RATE]","Member":"RunJobSafe()","SourceFile":"BackgroundTaskService.cs:166"}
{"@t":"2026-01-02T08:38:36.1593940Z","@mt":"Background Task Excute  >> [SENT_CEMS_TX_RESULT]","Member":"RunJobSafe()","SourceFile":"BackgroundTaskService.cs:166"}
{"@t":"2026-01-02T08:38:36.2227172Z","@mt":"Background Task Excute  >> [UPDATE_EXCHANGE_RATE]","Member":"RunJobSafe()","SourceFile":"BackgroundTaskService.cs:166"}
{"@t":"2026-01-02T08:39:07.1526664Z","@mt":"Background Task Excute  >> [SENT_CEMS_TX_RESULT]","Member":"RunJobSafe()","SourceFile":"BackgroundTaskService.cs:166"}
{"@t":"2026-01-02T08:39:07.2116564Z","@mt":"Background Task Excute  >> [UPDATE_EXCHANGE_RATE]","Member":"RunJobSafe()","SourceFile":"BackgroundTaskService.cs:166"}
{"@t":"2026-01-02T08:39:38.1576703Z","@mt":"Background Task Excute  >> [SENT_CEMS_TX_RESULT]","Member":"RunJobSafe()","SourceFile":"BackgroundTaskService.cs:166"}
{"@t":"2026-01-02T08:39:38.2540787Z","@mt":"Background Task Excute  >> [UPDATE_EXCHANGE_RATE]","Member":"RunJobSafe()","SourceFile":"BackgroundTaskService.cs:166"}
{"@t":"2026-01-02T08:40:09.1511555Z","@mt":"Background Task Excute  >> [SENT_CEMS_TX_RESULT]","Member":"RunJobSafe()","SourceFile":"BackgroundTaskService.cs:166"}
{"@t":"2026-01-02T08:40:09.2020609Z","@mt":"Background Task Excute  >> [UPDATE_EXCHANGE_RATE]","Member":"RunJobSafe()","SourceFile":"BackgroundTaskService.cs:166"}
{"@t":"2026-01-02T08:40:40.1600839Z","@mt":"Background Task Excute  >> [SENT_CEMS_TX_RESULT]","Member":"RunJobSafe()","SourceFile":"BackgroundTaskService.cs:166"}
{"@t":"2026-01-02T08:40:40.2342568Z","@mt":"Background Task Excute  >> [UPDATE_EXCHANGE_RATE]","Member":"RunJobSafe()","SourceFile":"BackgroundTaskService.cs:166"}
{"@t":"2026-01-02T08:41:11.2409846Z","@mt":"Background Task Excute  >> [SENT_CEMS_TX_RESULT]","Member":"RunJobSafe()","SourceFile":"BackgroundTaskService.cs:166"}
{"@t":"2026-01-02T08:41:11.2912049Z","@mt":"Background Task Excute  >> [UPDATE_EXCHANGE_RATE]","Member":"RunJobSafe()","SourceFile":"BackgroundTaskService.cs:166"}
{"@t":"2026-01-02T08:41:42.1614702Z","@mt":"Background Task Excute  >> [SENT_CEMS_TX_RESULT]","Member":"RunJobSafe()","SourceFile":"BackgroundTaskService.cs:166"}
{"@t":"2026-01-02T08:41:42.2663906Z","@mt":"Background Task Excute  >> [UPDATE_EXCHANGE_RATE]","Member":"RunJobSafe()","SourceFile":"BackgroundTaskService.cs:166"}
{"@t":"2026-01-02T08:42:13.1528975Z","@mt":"Background Task Excute  >> [SENT_CEMS_TX_RESULT]","Member":"RunJobSafe()","SourceFile":"BackgroundTaskService.cs:166"}
{"@t":"2026-01-02T08:42:13.2040193Z","@mt":"Background Task Excute  >> [UPDATE_EXCHANGE_RATE]","Member":"RunJobSafe()","SourceFile":"BackgroundTaskService.cs:166"}
{"@t":"2026-01-02T08:42:44.1528343Z","@mt":"Background Task Excute  >> [SENT_CEMS_TX_RESULT]","Member":"RunJobSafe()","SourceFile":"BackgroundTaskService.cs:166"}
{"@t":"2026-01-02T08:42:44.2064277Z","@mt":"Background Task Excute  >> [UPDATE_EXCHANGE_RATE]","Member":"RunJobSafe()","SourceFile":"BackgroundTaskService.cs:166"}
{"@t":"2026-01-02T08:43:15.1510605Z","@mt":"Background Task Excute  >> [SENT_CEMS_TX_RESULT]","Member":"RunJobSafe()","SourceFile":"BackgroundTaskService.cs:166"}
{"@t":"2026-01-02T08:43:15.2349860Z","@mt":"Background Task Excute  >> [UPDATE_EXCHANGE_RATE]","Member":"RunJobSafe()","SourceFile":"BackgroundTaskService.cs:166"}
{"@t":"2026-01-02T08:43:46.1529038Z","@mt":"Background Task Excute  >> [SENT_CEMS_TX_RESULT]","Member":"RunJobSafe()","SourceFile":"BackgroundTaskService.cs:166"}
{"@t":"2026-01-02T08:43:46.2448303Z","@mt":"Background Task Excute  >> [UPDATE_EXCHANGE_RATE]","Member":"RunJobSafe()","SourceFile":"BackgroundTaskService.cs:166"}
{"@t":"2026-01-02T08:44:17.1599721Z","@mt":"Background Task Excute  >> [SENT_CEMS_TX_RESULT]","Member":"RunJobSafe()","SourceFile":"BackgroundTaskService.cs:166"}
{"@t":"2026-01-02T08:44:17.2143451Z","@mt":"Background Task Excute  >> [UPDATE_EXCHANGE_RATE]","Member":"RunJobSafe()","SourceFile":"BackgroundTaskService.cs:166"}
{"@t":"2026-01-02T08:44:48.1511538Z","@mt":"Background Task Excute  >> [SENT_CEMS_TX_RESULT]","Member":"RunJobSafe()","SourceFile":"BackgroundTaskService.cs:166"}
{"@t":"2026-01-02T08:44:48.2029973Z","@mt":"Background Task Excute  >> [UPDATE_EXCHANGE_RATE]","Member":"RunJobSafe()","SourceFile":"BackgroundTaskService.cs:166"}
{"@t":"2026-01-02T08:45:19.1557462Z","@mt":"Background Task Excute  >> [SENT_CEMS_TX_RESULT]","Member":"RunJobSafe()","SourceFile":"BackgroundTaskService.cs:166"}
{"@t":"2026-01-02T08:45:19.2102970Z","@mt":"Background Task Excute  >> [UPDATE_EXCHANGE_RATE]","Member":"RunJobSafe()","SourceFile":"BackgroundTaskService.cs:166"}
{"@t":"2026-01-02T08:45:50.1548300Z","@mt":"Background Task Excute  >> [SENT_CEMS_TX_RESULT]","Member":"RunJobSafe()","SourceFile":"BackgroundTaskService.cs:166"}
{"@t":"2026-01-02T08:45:50.2441206Z","@mt":"Background Task Excute  >> [UPDATE_EXCHANGE_RATE]","Member":"RunJobSafe()","SourceFile":"BackgroundTaskService.cs:166"}
{"@t":"2026-01-02T08:46:21.1498641Z","@mt":"Background Task Excute  >> [SENT_CEMS_TX_RESULT]","Member":"RunJobSafe()","SourceFile":"BackgroundTaskService.cs:166"}
{"@t":"2026-01-02T08:46:21.1996310Z","@mt":"Background Task Excute  >> [UPDATE_EXCHANGE_RATE]","Member":"RunJobSafe()","SourceFile":"BackgroundTaskService.cs:166"}
{"@t":"2026-01-02T08:46:52.1547668Z","@mt":"Background Task Excute  >> [SENT_CEMS_TX_RESULT]","Member":"RunJobSafe()","SourceFile":"BackgroundTaskService.cs:166"}
{"@t":"2026-01-02T08:46:52.2118173Z","@mt":"Background Task Excute  >> [UPDATE_EXCHANGE_RATE]","Member":"RunJobSafe()","SourceFile":"BackgroundTaskService.cs:166"}
{"@t":"2026-01-02T08:47:23.1559344Z","@mt":"Background Task Excute  >> [SENT_CEMS_TX_RESULT]","Member":"RunJobSafe()","SourceFile":"BackgroundTaskService.cs:166"}
{"@t":"2026-01-02T08:47:23.2113119Z","@mt":"Background Task Excute  >> [UPDATE_EXCHANGE_RATE]","Member":"RunJobSafe()","SourceFile":"BackgroundTaskService.cs:166"}
{"@t":"2026-01-02T08:47:54.1516242Z","@mt":"Background Task Excute  >> [SENT_CEMS_TX_RESULT]","Member":"RunJobSafe()","SourceFile":"BackgroundTaskService.cs:166"}
{"@t":"2026-01-02T08:47:54.2679123Z","@mt":"Background Task Excute  >> [UPDATE_EXCHANGE_RATE]","Member":"RunJobSafe()","SourceFile":"BackgroundTaskService.cs:166"}
{"@t":"2026-01-02T08:48:25.1504953Z","@mt":"Background Task Excute  >> [SENT_CEMS_TX_RESULT]","Member":"RunJobSafe()","SourceFile":"BackgroundTaskService.cs:166"}
{"@t":"2026-01-02T08:48:25.2071867Z","@mt":"Background Task Excute  >> [UPDATE_EXCHANGE_RATE]","Member":"RunJobSafe()","SourceFile":"BackgroundTaskService.cs:166"}
{"@t":"2026-01-02T08:48:56.2437559Z","@mt":"Background Task Excute  >> [SENT_CEMS_TX_RESULT]","Member":"RunJobSafe()","SourceFile":"BackgroundTaskService.cs:166"}
{"@t":"2026-01-02T08:48:56.3001535Z","@mt":"Background Task Excute  >> [UPDATE_EXCHANGE_RATE]","Member":"RunJobSafe()","SourceFile":"BackgroundTaskService.cs:166"}
{"@t":"2026-01-02T08:49:27.1536316Z","@mt":"Background Task Excute  >> [SENT_CEMS_TX_RESULT]","Member":"RunJobSafe()","SourceFile":"BackgroundTaskService.cs:166"}
{"@t":"2026-01-02T08:49:27.2027079Z","@mt":"Background Task Excute  >> [UPDATE_EXCHANGE_RATE]","Member":"RunJobSafe()","SourceFile":"BackgroundTaskService.cs:166"}
{"@t":"2026-01-02T08:49:58.1569347Z","@mt":"Background Task Excute  >> [SENT_CEMS_TX_RESULT]","Member":"RunJobSafe()","SourceFile":"BackgroundTaskService.cs:166"}
{"@t":"2026-01-02T08:49:58.2512693Z","@mt":"Background Task Excute  >> [UPDATE_EXCHANGE_RATE]","Member":"RunJobSafe()","SourceFile":"BackgroundTaskService.cs:166"}
{"@t":"2026-01-02T08:50:29.1523417Z","@mt":"Background Task Excute  >> [SENT_CEMS_TX_RESULT]","Member":"RunJobSafe()","SourceFile":"BackgroundTaskService.cs:166"}
{"@t":"2026-01-02T08:50:29.2030964Z","@mt":"Background Task Excute  >> [UPDATE_EXCHANGE_RATE]","Member":"RunJobSafe()","SourceFile":"BackgroundTaskService.cs:166"}
{"@t":"2026-01-02T08:51:00.1612787Z","@mt":"Background Task Excute  >> [SENT_CEMS_TX_RESULT]","Member":"RunJobSafe()","SourceFile":"BackgroundTaskService.cs:166"}
{"@t":"2026-01-02T08:51:00.2172807Z","@mt":"Background Task Excute  >> [UPDATE_EXCHANGE_RATE]","Member":"RunJobSafe()","SourceFile":"BackgroundTaskService.cs:166"}
{"@t":"2026-01-02T08:51:31.1565652Z","@mt":"Background Task Excute  >> [SENT_CEMS_TX_RESULT]","Member":"RunJobSafe()","SourceFile":"BackgroundTaskService.cs:166"}
{"@t":"2026-01-02T08:51:31.2051113Z","@mt":"Background Task Excute  >> [UPDATE_EXCHANGE_RATE]","Member":"RunJobSafe()","SourceFile":"BackgroundTaskService.cs:166"}
{"@t":"2026-01-02T08:52:02.1517326Z","@mt":"Background Task Excute  >> [SENT_CEMS_TX_RESULT]","Member":"RunJobSafe()","SourceFile":"BackgroundTaskService.cs:166"}
{"@t":"2026-01-02T08:52:02.2639558Z","@mt":"Background Task Excute  >> [UPDATE_EXCHANGE_RATE]","Member":"RunJobSafe()","SourceFile":"BackgroundTaskService.cs:166"}
{"@t":"2026-01-02T08:52:33.1562258Z","@mt":"Background Task Excute  >> [SENT_CEMS_TX_RESULT]","Member":"RunJobSafe()","SourceFile":"BackgroundTaskService.cs:166"}
{"@t":"2026-01-02T08:52:33.2019746Z","@mt":"Background Task Excute  >> [UPDATE_EXCHANGE_RATE]","Member":"RunJobSafe()","SourceFile":"BackgroundTaskService.cs:166"}
{"@t":"2026-01-02T08:53:04.1998647Z","@mt":"Background Task Excute  >> [SENT_CEMS_TX_RESULT]","Member":"RunJobSafe()","SourceFile":"BackgroundTaskService.cs:166"}
{"@t":"2026-01-02T08:53:04.2995082Z","@mt":"Background Task Excute  >> [UPDATE_EXCHANGE_RATE]","Member":"RunJobSafe()","SourceFile":"BackgroundTaskService.cs:166"}
{"@t":"2026-01-02T08:53:35.1512603Z","@mt":"Background Task Excute  >> [SENT_CEMS_TX_RESULT]","Member":"RunJobSafe()","SourceFile":"BackgroundTaskService.cs:166"}
{"@t":"2026-01-02T08:53:35.2140622Z","@mt":"Background Task Excute  >> [UPDATE_EXCHANGE_RATE]","Member":"RunJobSafe()","SourceFile":"BackgroundTaskService.cs:166"}
{"@t":"2026-01-02T08:54:06.1577040Z","@mt":"Background Task Excute  >> [SENT_CEMS_TX_RESULT]","Member":"RunJobSafe()","SourceFile":"BackgroundTaskService.cs:166"}
{"@t":"2026-01-02T08:54:06.2673006Z","@mt":"Background Task Excute  >> [UPDATE_EXCHANGE_RATE]","Member":"RunJobSafe()","SourceFile":"BackgroundTaskService.cs:166"}
{"@t":"2026-01-02T08:54:37.1570738Z","@mt":"Background Task Excute  >> [SENT_CEMS_TX_RESULT]","Member":"RunJobSafe()","SourceFile":"BackgroundTaskService.cs:166"}
{"@t":"2026-01-02T08:54:37.2182853Z","@mt":"Background Task Excute  >> [UPDATE_EXCHANGE_RATE]","Member":"RunJobSafe()","SourceFile":"BackgroundTaskService.cs:166"}
{"@t":"2026-01-02T08:55:08.1512805Z","@mt":"Background Task Excute  >> [SENT_CEMS_TX_RESULT]","Member":"RunJobSafe()","SourceFile":"BackgroundTaskService.cs:166"}
{"@t":"2026-01-02T08:55:08.2050910Z","@mt":"Background Task Excute  >> [UPDATE_EXCHANGE_RATE]","Member":"RunJobSafe()","SourceFile":"BackgroundTaskService.cs:166"}
{"@t":"2026-01-02T08:55:39.1493673Z","@mt":"Background Task Excute  >> [SENT_CEMS_TX_RESULT]","Member":"RunJobSafe()","SourceFile":"BackgroundTaskService.cs:166"}
{"@t":"2026-01-02T08:55:39.2031812Z","@mt":"Background Task Excute  >> [UPDATE_EXCHANGE_RATE]","Member":"RunJobSafe()","SourceFile":"BackgroundTaskService.cs:166"}
{"@t":"2026-01-02T08:56:10.1514655Z","@mt":"Background Task Excute  >> [SENT_CEMS_TX_RESULT]","Member":"RunJobSafe()","SourceFile":"BackgroundTaskService.cs:166"}
{"@t":"2026-01-02T08:56:10.2571523Z","@mt":"Background Task Excute  >> [UPDATE_EXCHANGE_RATE]","Member":"RunJobSafe()","SourceFile":"BackgroundTaskService.cs:166"}
{"@t":"2026-01-02T08:56:41.1573045Z","@mt":"Background Task Excute  >> [SENT_CEMS_TX_RESULT]","Member":"RunJobSafe()","SourceFile":"BackgroundTaskService.cs:166"}
{"@t":"2026-01-02T08:56:41.2123392Z","@mt":"Background Task Excute  >> [UPDATE_EXCHANGE_RATE]","Member":"RunJobSafe()","SourceFile":"BackgroundTaskService.cs:166"}
{"@t":"2026-01-02T08:57:12.1534199Z","@mt":"Background Task Excute  >> [SENT_CEMS_TX_RESULT]","Member":"RunJobSafe()","SourceFile":"BackgroundTaskService.cs:166"}
{"@t":"2026-01-02T08:57:12.2107510Z","@mt":"Background Task Excute  >> [UPDATE_EXCHANGE_RATE]","Member":"RunJobSafe()","SourceFile":"BackgroundTaskService.cs:166"}
{"@t":"2026-01-02T08:57:43.1524396Z","@mt":"Background Task Excute  >> [SENT_CEMS_TX_RESULT]","Member":"RunJobSafe()","SourceFile":"BackgroundTaskService.cs:166"}
{"@t":"2026-01-02T08:57:43.2055285Z","@mt":"Background Task Excute  >> [UPDATE_EXCHANGE_RATE]","Member":"RunJobSafe()","SourceFile":"BackgroundTaskService.cs:166"}
{"@t":"2026-01-02T08:58:14.1594308Z","@mt":"Background Task Excute  >> [SENT_CEMS_TX_RESULT]","Member":"RunJobSafe()","SourceFile":"BackgroundTaskService.cs:166"}
{"@t":"2026-01-02T08:58:14.2538543Z","@mt":"Background Task Excute  >> [UPDATE_EXCHANGE_RATE]","Member":"RunJobSafe()","SourceFile":"BackgroundTaskService.cs:166"}
{"@t":"2026-01-02T08:58:45.1559183Z","@mt":"Background Task Excute  >> [SENT_CEMS_TX_RESULT]","Member":"RunJobSafe()","SourceFile":"BackgroundTaskService.cs:166"}
{"@t":"2026-01-02T08:58:45.2329371Z","@mt":"Background Task Excute  >> [UPDATE_EXCHANGE_RATE]","Member":"RunJobSafe()","SourceFile":"BackgroundTaskService.cs:166"}
{"@t":"2026-01-02T08:59:16.1579574Z","@mt":"Background Task Excute  >> [SENT_CEMS_TX_RESULT]","Member":"RunJobSafe()","SourceFile":"BackgroundTaskService.cs:166"}
{"@t":"2026-01-02T08:59:16.2091575Z","@mt":"Background Task Excute  >> [UPDATE_EXCHANGE_RATE]","Member":"RunJobSafe()","SourceFile":"BackgroundTaskService.cs:166"}
{"@t":"2026-01-02T08:59:47.1520313Z","@mt":"Background Task Excute  >> [SENT_CEMS_TX_RESULT]","Member":"RunJobSafe()","SourceFile":"BackgroundTaskService.cs:166"}
{"@t":"2026-01-02T08:59:47.2101851Z","@mt":"Background Task Excute  >> [UPDATE_EXCHANGE_RATE]","Member":"RunJobSafe()","SourceFile":"BackgroundTaskService.cs:166"}
{"@t":"2026-01-02T09:00:18.1500529Z","@mt":"Background Task Excute  >> [SENT_CEMS_TX_RESULT]","Member":"RunJobSafe()","SourceFile":"BackgroundTaskService.cs:166"}
{"@t":"2026-01-02T09:00:18.2685675Z","@mt":"Background Task Excute  >> [UPDATE_EXCHANGE_RATE]","Member":"RunJobSafe()","SourceFile":"BackgroundTaskService.cs:166"}
{"@t":"2026-01-02T09:00:49.4834059Z","@mt":"Background Task Excute  >> [SENT_CEMS_TX_RESULT]","Member":"RunJobSafe()","SourceFile":"BackgroundTaskService.cs:166"}
{"@t":"2026-01-02T09:00:49.8513563Z","@mt":"Background Task Excute  >> [UPDATE_EXCHANGE_RATE]","Member":"RunJobSafe()","SourceFile":"BackgroundTaskService.cs:166"}
{"@t":"2026-01-02T09:01:20.1539751Z","@mt":"Background Task Excute  >> [SENT_CEMS_TX_RESULT]","Member":"RunJobSafe()","SourceFile":"BackgroundTaskService.cs:166"}
{"@t":"2026-01-02T09:01:20.2082223Z","@mt":"Background Task Excute  >> [UPDATE_EXCHANGE_RATE]","Member":"RunJobSafe()","SourceFile":"BackgroundTaskService.cs:166"}
{"@t":"2026-01-02T09:01:51.1516368Z","@mt":"Background Task Excute  >> [SENT_CEMS_TX_RESULT]","Member":"RunJobSafe()","SourceFile":"BackgroundTaskService.cs:166"}
{"@t":"2026-01-02T09:01:51.2013433Z","@mt":"Background Task Excute  >> [UPDATE_EXCHANGE_RATE]","Member":"RunJobSafe()","SourceFile":"BackgroundTaskService.cs:166"}
{"@t":"2026-01-02T09:02:22.1885448Z","@mt":"Background Task Excute  >> [SENT_CEMS_TX_RESULT]","Member":"RunJobSafe()","SourceFile":"BackgroundTaskService.cs:166"}
{"@t":"2026-01-02T09:02:22.2881521Z","@mt":"Background Task Excute  >> [UPDATE_EXCHANGE_RATE]","Member":"RunJobSafe()","SourceFile":"BackgroundTaskService.cs:166"}
{"@t":"2026-01-02T09:02:53.1513302Z","@mt":"Background Task Excute  >> [SENT_CEMS_TX_RESULT]","Member":"RunJobSafe()","SourceFile":"BackgroundTaskService.cs:166"}
{"@t":"2026-01-02T09:02:53.2031060Z","@mt":"Background Task Excute  >> [UPDATE_EXCHANGE_RATE]","Member":"RunJobSafe()","SourceFile":"BackgroundTaskService.cs:166"}
{"@t":"2026-01-02T09:03:24.1527672Z","@mt":"Background Task Excute  >> [SENT_CEMS_TX_RESULT]","Member":"RunJobSafe()","SourceFile":"BackgroundTaskService.cs:166"}
{"@t":"2026-01-02T09:03:24.2065153Z","@mt":"Background Task Excute  >> [UPDATE_EXCHANGE_RATE]","Member":"RunJobSafe()","SourceFile":"BackgroundTaskService.cs:166"}
{"@t":"2026-01-02T09:03:55.1563593Z","@mt":"Background Task Excute  >> [SENT_CEMS_TX_RESULT]","Member":"RunJobSafe()","SourceFile":"BackgroundTaskService.cs:166"}
{"@t":"2026-01-02T09:03:55.2084993Z","@mt":"Background Task Excute  >> [UPDATE_EXCHANGE_RATE]","Member":"RunJobSafe()","SourceFile":"BackgroundTaskService.cs:166"}
