{"@t":"2026-01-07T06:44:39.3197345Z","@mt":"Failed to load 'Assets/LANGUAGE\\StringResources.ko.xaml' -> IOException: 'assets/language/stringresources.ko.xaml' 리소스가 없습니다.","@l":"Debug","Member":"LoadDictionaryForCulture()","SourceFile":"LocalizationService.cs:163"}
{"@t":"2026-01-07T06:44:39.3762631Z","@mt":"Failed to load 'Assets/LANGUAGE\\StringResources.xaml' -> IOException: 'assets/language/stringresources.xaml' 리소스가 없습니다.","@l":"Debug","Member":"LoadDictionaryForCulture()","SourceFile":"LocalizationService.cs:163"}
{"@t":"2026-01-07T06:44:40.1658883Z","@mt":"[Init] DB Connecting ...","Member":"Update()","SourceFile":"AppInitializer.cs:103"}
{"@t":"2026-01-07T06:44:40.9752851Z","@mt":"[Init] Cache Loading ...","Member":"Update()","SourceFile":"AppInitializer.cs:103"}
{"@t":"2026-01-07T06:44:41.9091656Z","@mt":"[Init] Language Loading ...","Member":"Update()","SourceFile":"AppInitializer.cs:103"}
{"@t":"2026-01-07T06:44:42.2130887Z","@mt":"[Init] Devices Loading...","Member":"Update()","SourceFile":"AppInitializer.cs:103"}
{"@t":"2026-01-07T06:44:42.2241269Z","@mt":"Supervisor attempt start. device={Device} type={DeviceType} driver={Driver}","Device":"신분증스캐너","DeviceType":"IDSCANNER","Driver":"COMBOSCAN2208","SourceContext":"KIOSK.Infrastructure.Management.Devices.DeviceSupervisor"}
{"@t":"2026-01-07T06:44:42.2326836Z","@mt":"Session start. device={Device} type={DeviceType} driver={Driver} comm={CommType} port={CommPort} param={CommParam}","Device":"신분증스캐너","DeviceType":"IDSCANNER","Driver":"COMBOSCAN2208","CommType":"PR22","CommPort":"NULL","CommParam":"NULL","SourceContext":"KIOSK.Infrastructure.Management.Devices.DeviceSupervisor"}
{"@t":"2026-01-07T06:44:44.6345838Z","@mt":"Transport opened. device={Device}","Device":"신분증스캐너","SourceContext":"KIOSK.Infrastructure.Management.Devices.DeviceSupervisor"}
{"@t":"2026-01-07T06:44:44.6420433Z","@mt":"Device initialized. device={Device}","Device":"신분증스캐너","SourceContext":"KIOSK.Infrastructure.Management.Devices.DeviceSupervisor"}
{"@t":"2026-01-07T06:44:44.6942286Z","@mt":"Supervisor attempt start. device={Device} type={DeviceType} driver={Driver}","Device":"영수증프린터","DeviceType":"PRINTER","Driver":"HMK-072","SourceContext":"KIOSK.Infrastructure.Management.Devices.DeviceSupervisor"}
{"@t":"2026-01-07T06:44:44.6969532Z","@mt":"Session start. device={Device} type={DeviceType} driver={Driver} comm={CommType} port={CommPort} param={CommParam}","Device":"영수증프린터","DeviceType":"PRINTER","Driver":"HMK-072","CommType":"SERIAL","CommPort":"COM3","CommParam":"19200,8,1,N","SourceContext":"KIOSK.Infrastructure.Management.Devices.DeviceSupervisor"}
{"@t":"2026-01-07T06:44:44.7758471Z","@mt":"Transport opened. device={Device}","Device":"영수증프린터","SourceContext":"KIOSK.Infrastructure.Management.Devices.DeviceSupervisor"}
{"@t":"2026-01-07T06:44:44.7915296Z","@mt":"Device initialized. device={Device}","Device":"영수증프린터","SourceContext":"KIOSK.Infrastructure.Management.Devices.DeviceSupervisor"}
{"@t":"2026-01-07T06:44:44.8056906Z","@mt":"Supervisor attempt start. device={Device} type={DeviceType} driver={Driver}","Device":"QR스캐너","DeviceType":"QR","Driver":"EM20-80","SourceContext":"KIOSK.Infrastructure.Management.Devices.DeviceSupervisor"}
{"@t":"2026-01-07T06:44:44.8083225Z","@mt":"Session start. device={Device} type={DeviceType} driver={Driver} comm={CommType} port={CommPort} param={CommParam}","Device":"QR스캐너","DeviceType":"QR","Driver":"EM20-80","CommType":"SERIAL","CommPort":"COM4","CommParam":"9600,8,1,N","SourceContext":"KIOSK.Infrastructure.Management.Devices.DeviceSupervisor"}
{"@t":"2026-01-07T06:44:45.0750318Z","@mt":"Transport open failed. device={Device} port={CommPort}","@l":"Error","@x":"System.OperationCanceledException: The operation was canceled.\r\n   at System.IO.Ports.SerialStream.InitializeDCB(Int32 baudRate, Parity parity, Int32 dataBits, StopBits stopBits, Boolean discardNull)\r\n   at System.IO.Ports.SerialStream..ctor(String portName, Int32 baudRate, Parity parity, Int32 dataBits, StopBits stopBits, Int32 readTimeout, Int32 writeTimeout, Handshake handshake, Boolean dtrEnable, Boolean rtsEnable, Boolean discardNull, Byte parityReplace)\r\n   at System.IO.Ports.SerialPort.Open()\r\n   at KIOSK.Device.Transport.TransportSerial.OpenAsync(CancellationToken ct) in C:\\Users\\niaci\\RiderProjects\\moenybox_devicecontroller\\KIOSK\\Infrastructure\\Devices\\Transport\\TransportSerial.cs:line 41\r\n   at KIOSK.Infrastructure.Management.Devices.SupervisorSession.StartAsync(CancellationToken ct) in C:\\Users\\niaci\\RiderProjects\\moenybox_devicecontroller\\KIOSK\\Infrastructure\\Management\\Devices\\SupervisorSession.cs:line 66","Device":"QR스캐너","CommPort":"COM4","SourceContext":"KIOSK.Infrastructure.Management.Devices.DeviceSupervisor"}
{"@t":"2026-01-07T06:44:45.5385598Z","@mt":"[Init] Audio Preloading...","Member":"Update()","SourceFile":"AppInitializer.cs:103"}
{"@t":"2026-01-07T06:44:45.5798094Z","@mt":"Cached audio loaded: Bill.wav (338696 bytes). Total cache bytes: 899056","Member":"GetOrLoadCachedSound()","SourceFile":"AudioPlayService.cs:119"}
{"@t":"2026-01-07T06:44:45.5798334Z","@mt":"Cached audio loaded: Coin.wav (560360 bytes). Total cache bytes: 899056","Member":"GetOrLoadCachedSound()","SourceFile":"AudioPlayService.cs:119"}
{"@t":"2026-01-07T06:44:45.5901956Z","@mt":"Cached audio loaded: Click.wav (175360 bytes). Total cache bytes: 1074416","Member":"GetOrLoadCachedSound()","SourceFile":"AudioPlayService.cs:119"}
{"@t":"2026-01-07T06:44:45.8971315Z","@mt":"[Init] Initialize Complete","Member":"Update()","SourceFile":"AppInitializer.cs:103"}
{"@t":"2026-01-07T06:44:45.9016113Z","@mt":"Host 시작 중...","SourceContext":"KIOSK.Infrastructure.Hosting.HostController"}
{"@t":"2026-01-07T06:44:45.9088198Z","@mt":"Hosting starting","@l":"Debug","EventId":{"Id":1,"Name":"Starting"},"SourceContext":"Microsoft.Extensions.Hosting.Internal.Host"}
{"@t":"2026-01-07T06:44:45.9208439Z","@mt":"BackgroundTaskService starting.","Member":"StartAsync()","SourceFile":"BackgroundTaskService.cs:47"}
{"@t":"2026-01-07T06:44:45.9252073Z","@mt":"BackgroundTaskService ExecuteAsync loop started.","Member":"ExecuteAsync()","SourceFile":"BackgroundTaskService.cs:75"}
{"@t":"2026-01-07T06:44:45.9308932Z","@mt":"Application started. Press Ctrl+C to shut down.","SourceContext":"Microsoft.Hosting.Lifetime"}
{"@t":"2026-01-07T06:44:45.9334414Z","@mt":"Hosting environment: {EnvName}","EnvName":"Production","SourceContext":"Microsoft.Hosting.Lifetime"}
{"@t":"2026-01-07T06:44:45.9355417Z","@mt":"Content root path: {ContentRoot}","ContentRoot":"C:\\Users\\niaci\\RiderProjects\\moenybox_devicecontroller\\KIOSK\\bin\\x86\\Debug\\net9.0-windows10.0.17763.0","SourceContext":"Microsoft.Hosting.Lifetime"}
{"@t":"2026-01-07T06:44:45.9384059Z","@mt":"Hosting started","@l":"Debug","EventId":{"Id":2,"Name":"Started"},"SourceContext":"Microsoft.Extensions.Hosting.Internal.Host"}
{"@t":"2026-01-07T06:44:45.9419228Z","@mt":"Host 시작 완료","SourceContext":"KIOSK.Infrastructure.Hosting.HostController"}
{"@t":"2026-01-07T06:44:46.9507761Z","@mt":"Background Task Excute  >> [SENT_CEMS_TX_RESULT]","Member":"RunJobSafe()","SourceFile":"BackgroundTaskService.cs:166"}
{"@t":"2026-01-07T06:44:46.9813093Z","@mt":"Start processing HTTP request {HttpMethod} {Uri}","HttpMethod":"GET","Uri":"https://stage-cems.moneybox.or.kr/api/cmdV2.php?*","EventId":{"Id":100,"Name":"RequestPipelineStart"},"SourceContext":"System.Net.Http.HttpClient.IApiGateway.LogicalHandler","Scope":["HTTP GET https://stage-cems.moneybox.or.kr/api/cmdV2.php?*"]}
{"@t":"2026-01-07T06:44:46.9925286Z","@mt":"{HttpHeadersLogValue:l}","@r":["Request Headers:\r\nIdempotency-Key: *\r\n"],"@l":"Verbose","Idempotency-Key":[""],"HttpHeadersLogValue":"Request Headers:\r\nIdempotency-Key: *\r\n","EventId":{"Id":102,"Name":"RequestPipelineRequestHeader"},"SourceContext":"System.Net.Http.HttpClient.IApiGateway.LogicalHandler","HttpMethod":"GET","Uri":"https://stage-cems.moneybox.or.kr/api/cmdV2.php?*","Scope":["HTTP GET https://stage-cems.moneybox.or.kr/api/cmdV2.php?*"]}
{"@t":"2026-01-07T06:44:46.9965597Z","@mt":"Sending HTTP request {HttpMethod} {Uri}","HttpMethod":"GET","Uri":"https://stage-cems.moneybox.or.kr/api/cmdV2.php?*","EventId":{"Id":100,"Name":"RequestStart"},"SourceContext":"System.Net.Http.HttpClient.IApiGateway.ClientHandler","Scope":["HTTP GET https://stage-cems.moneybox.or.kr/api/cmdV2.php?*"]}
{"@t":"2026-01-07T06:44:46.9994945Z","@mt":"{HttpHeadersLogValue:l}","@r":["Request Headers:\r\nIdempotency-Key: *\r\n"],"@l":"Verbose","Idempotency-Key":[""],"HttpHeadersLogValue":"Request Headers:\r\nIdempotency-Key: *\r\n","EventId":{"Id":102,"Name":"RequestHeader"},"SourceContext":"System.Net.Http.HttpClient.IApiGateway.ClientHandler","HttpMethod":"GET","Uri":"https://stage-cems.moneybox.or.kr/api/cmdV2.php?*","Scope":["HTTP GET https://stage-cems.moneybox.or.kr/api/cmdV2.php?*"]}
{"@t":"2026-01-07T06:44:47.1151597Z","@mt":"Received HTTP response headers after {ElapsedMilliseconds}ms - {StatusCode}","ElapsedMilliseconds":110.4166,"StatusCode":200,"EventId":{"Id":101,"Name":"RequestEnd"},"SourceContext":"System.Net.Http.HttpClient.IApiGateway.ClientHandler","HttpMethod":"GET","Uri":"https://stage-cems.moneybox.or.kr/api/cmdV2.php?*","Scope":["HTTP GET https://stage-cems.moneybox.or.kr/api/cmdV2.php?*"]}
{"@t":"2026-01-07T06:44:47.1212588Z","@mt":"{HttpHeadersLogValue:l}","@r":["Response Headers:\r\nDate: *\r\nTransfer-Encoding: *\r\nConnection: *\r\nSet-Cookie: *\r\nServer: *\r\nCache-Control: *\r\nPragma: *\r\nAccess-Control-Allow-Origin: *\r\nVary: *\r\nContent-Type: *\r\nExpires: *\r\n"],"@l":"Verbose","Date":["Wed, 07 Jan 2026 06:44:45 GMT"],"Transfer-Encoding":["chunked"],"Connection":["keep-alive"],"Set-Cookie":["AWSALB=tyQ7G7tszZuCZWs5D2U5sNZJEYtD5rcQZzT/ZPQrq0xpQ8fd40F21aO7RtQBG5SYv9o+xNJ+zxmZ8p0ypZMadYE95cIBzNPdKNENukuaJ3xT58fYzOlHFj+1pj4Y; Expires=Wed, 14 Jan 2026 06:44:45 GMT; Path=/","AWSALBCORS=tyQ7G7tszZuCZWs5D2U5sNZJEYtD5rcQZzT/ZPQrq0xpQ8fd40F21aO7RtQBG5SYv9o+xNJ+zxmZ8p0ypZMadYE95cIBzNPdKNENukuaJ3xT58fYzOlHFj+1pj4Y; Expires=Wed, 14 Jan 2026 06:44:45 GMT; Path=/; SameSite=None; Secure","PHPSESSID=024daa658c9030cccd28ea431a51798f; path=/"],"Server":["Apache/2.4.59","(Debian)"],"Cache-Control":["no-store, must-revalidate, no-cache"],"Pragma":["no-cache"],"Access-Control-Allow-Origin":["*"],"Vary":["Accept-Encoding"],"Content-Type":["text/html; charset=UTF-8"],"Expires":["Thu, 19 Nov 1981 08:52:00 GMT"],"HttpHeadersLogValue":"Response Headers:\r\nDate: *\r\nTransfer-Encoding: *\r\nConnection: *\r\nSet-Cookie: *\r\nServer: *\r\nCache-Control: *\r\nPragma: *\r\nAccess-Control-Allow-Origin: *\r\nVary: *\r\nContent-Type: *\r\nExpires: *\r\n","EventId":{"Id":103,"Name":"ResponseHeader"},"SourceContext":"System.Net.Http.HttpClient.IApiGateway.ClientHandler","HttpMethod":"GET","Uri":"https://stage-cems.moneybox.or.kr/api/cmdV2.php?*","Scope":["HTTP GET https://stage-cems.moneybox.or.kr/api/cmdV2.php?*"]}
{"@t":"2026-01-07T06:44:47.1255572Z","@mt":"End processing HTTP request after {ElapsedMilliseconds}ms - {StatusCode}","ElapsedMilliseconds":150.4644,"StatusCode":200,"EventId":{"Id":101,"Name":"RequestPipelineEnd"},"SourceContext":"System.Net.Http.HttpClient.IApiGateway.LogicalHandler","HttpMethod":"GET","Uri":"https://stage-cems.moneybox.or.kr/api/cmdV2.php?*","Scope":["HTTP GET https://stage-cems.moneybox.or.kr/api/cmdV2.php?*"]}
{"@t":"2026-01-07T06:44:47.1287758Z","@mt":"{HttpHeadersLogValue:l}","@r":["Response Headers:\r\nDate: *\r\nTransfer-Encoding: *\r\nConnection: *\r\nSet-Cookie: *\r\nServer: *\r\nCache-Control: *\r\nPragma: *\r\nAccess-Control-Allow-Origin: *\r\nVary: *\r\nContent-Type: *\r\nExpires: *\r\n"],"@l":"Verbose","Date":["Wed, 07 Jan 2026 06:44:45 GMT"],"Transfer-Encoding":["chunked"],"Connection":["keep-alive"],"Set-Cookie":["AWSALB=tyQ7G7tszZuCZWs5D2U5sNZJEYtD5rcQZzT/ZPQrq0xpQ8fd40F21aO7RtQBG5SYv9o+xNJ+zxmZ8p0ypZMadYE95cIBzNPdKNENukuaJ3xT58fYzOlHFj+1pj4Y; Expires=Wed, 14 Jan 2026 06:44:45 GMT; Path=/","AWSALBCORS=tyQ7G7tszZuCZWs5D2U5sNZJEYtD5rcQZzT/ZPQrq0xpQ8fd40F21aO7RtQBG5SYv9o+xNJ+zxmZ8p0ypZMadYE95cIBzNPdKNENukuaJ3xT58fYzOlHFj+1pj4Y; Expires=Wed, 14 Jan 2026 06:44:45 GMT; Path=/; SameSite=None; Secure","PHPSESSID=024daa658c9030cccd28ea431a51798f; path=/"],"Server":["Apache/2.4.59","(Debian)"],"Cache-Control":["no-store, must-revalidate, no-cache"],"Pragma":["no-cache"],"Access-Control-Allow-Origin":["*"],"Vary":["Accept-Encoding"],"Content-Type":["text/html; charset=UTF-8"],"Expires":["Thu, 19 Nov 1981 08:52:00 GMT"],"HttpHeadersLogValue":"Response Headers:\r\nDate: *\r\nTransfer-Encoding: *\r\nConnection: *\r\nSet-Cookie: *\r\nServer: *\r\nCache-Control: *\r\nPragma: *\r\nAccess-Control-Allow-Origin: *\r\nVary: *\r\nContent-Type: *\r\nExpires: *\r\n","EventId":{"Id":103,"Name":"RequestPipelineResponseHeader"},"SourceContext":"System.Net.Http.HttpClient.IApiGateway.LogicalHandler","HttpMethod":"GET","Uri":"https://stage-cems.moneybox.or.kr/api/cmdV2.php?*","Scope":["HTTP GET https://stage-cems.moneybox.or.kr/api/cmdV2.php?*"]}
{"@t":"2026-01-07T06:44:47.1732700Z","@mt":"Background Task Excute  >> [UPDATE_EXCHANGE_RATE]","Member":"RunJobSafe()","SourceFile":"BackgroundTaskService.cs:166"}
{"@t":"2026-01-07T06:44:47.3034018Z","@mt":"Play Audio (sync): Click.wav","Member":"Play()","SourceFile":"AudioPlayService.cs:184"}
{"@t":"2026-01-07T06:44:47.3387846Z","@mt":"Start -> Language via Next","Member":".ctor()","SourceFile":"ExchangeSellStateMachine.cs:41"}
{"@t":"2026-01-07T06:44:48.2991860Z","@mt":"Language -> Currency via Next","Member":".ctor()","SourceFile":"ExchangeSellStateMachine.cs:41"}
{"@t":"2026-01-07T06:44:49.4313228Z","@mt":"Currency -> Exit via Exit","Member":".ctor()","SourceFile":"ExchangeSellStateMachine.cs:41"}
{"@t":"2026-01-07T06:44:50.0978452Z","@mt":"Play Audio (sync): Click.wav","Member":"Play()","SourceFile":"AudioPlayService.cs:184"}
{"@t":"2026-01-07T06:44:50.1187637Z","@mt":"Start -> Language via Next","Member":".ctor()","SourceFile":"GtfStateMachine.cs:52"}
{"@t":"2026-01-07T06:44:50.1303254Z","@mt":"Start processing HTTP request {HttpMethod} {Uri}","HttpMethod":"POST","Uri":"https://localhost:7054/operation/initial","EventId":{"Id":100,"Name":"RequestPipelineStart"},"SourceContext":"System.Net.Http.HttpClient.IApiGateway.LogicalHandler","Scope":["HTTP POST https://localhost:7054/operation/initial"]}
{"@t":"2026-01-07T06:44:50.1335170Z","@mt":"{HttpHeadersLogValue:l}","@r":["Request Headers:\r\nIdempotency-Key: *\r\nContent-Type: *\r\n"],"@l":"Verbose","Idempotency-Key":["Initial"],"Content-Type":["application/json; charset=utf-8"],"HttpHeadersLogValue":"Request Headers:\r\nIdempotency-Key: *\r\nContent-Type: *\r\n","EventId":{"Id":102,"Name":"RequestPipelineRequestHeader"},"SourceContext":"System.Net.Http.HttpClient.IApiGateway.LogicalHandler","HttpMethod":"POST","Uri":"https://localhost:7054/operation/initial","Scope":["HTTP POST https://localhost:7054/operation/initial"]}
{"@t":"2026-01-07T06:44:50.1360646Z","@mt":"Sending HTTP request {HttpMethod} {Uri}","HttpMethod":"POST","Uri":"https://localhost:7054/operation/initial","EventId":{"Id":100,"Name":"RequestStart"},"SourceContext":"System.Net.Http.HttpClient.IApiGateway.ClientHandler","Scope":["HTTP POST https://localhost:7054/operation/initial"]}
{"@t":"2026-01-07T06:44:50.1379651Z","@mt":"{HttpHeadersLogValue:l}","@r":["Request Headers:\r\nIdempotency-Key: *\r\nContent-Type: *\r\n"],"@l":"Verbose","Idempotency-Key":["Initial"],"Content-Type":["application/json; charset=utf-8"],"HttpHeadersLogValue":"Request Headers:\r\nIdempotency-Key: *\r\nContent-Type: *\r\n","EventId":{"Id":102,"Name":"RequestHeader"},"SourceContext":"System.Net.Http.HttpClient.IApiGateway.ClientHandler","HttpMethod":"POST","Uri":"https://localhost:7054/operation/initial","Scope":["HTTP POST https://localhost:7054/operation/initial"]}
{"@t":"2026-01-07T06:44:51.6740219Z","@mt":"Failed to load 'Assets/LANGUAGE\\StringResources.ru-RU.xaml' -> IOException: 'assets/language/stringresources.ru-ru.xaml' 리소스가 없습니다.","@l":"Debug","Member":"LoadDictionaryForCulture()","SourceFile":"LocalizationService.cs:163"}
{"@t":"2026-01-07T06:44:51.7004993Z","@mt":"Failed to load 'Assets/LANGUAGE\\StringResources.ru.xaml' -> IOException: 'assets/language/stringresources.ru.xaml' 리소스가 없습니다.","@l":"Debug","Member":"LoadDictionaryForCulture()","SourceFile":"LocalizationService.cs:163"}
{"@t":"2026-01-07T06:44:51.7250250Z","@mt":"Failed to load 'Assets/LANGUAGE\\StringResources.xaml' -> IOException: 'assets/language/stringresources.xaml' 리소스가 없습니다.","@l":"Debug","Member":"LoadDictionaryForCulture()","SourceFile":"LocalizationService.cs:163"}
{"@t":"2026-01-07T06:44:51.7499525Z","@mt":"Failed to load 'Assets/LANGUAGE\\StringResources.ru.xaml' -> IOException: 'assets/language/stringresources.ru.xaml' 리소스가 없습니다.","@l":"Debug","Member":"LoadDictionaryForCulture()","SourceFile":"LocalizationService.cs:163"}
{"@t":"2026-01-07T06:44:51.7756704Z","@mt":"Failed to load 'Assets/LANGUAGE\\StringResources.xaml' -> IOException: 'assets/language/stringresources.xaml' 리소스가 없습니다.","@l":"Debug","Member":"LoadDictionaryForCulture()","SourceFile":"LocalizationService.cs:163"}
{"@t":"2026-01-07T06:44:51.8041770Z","@mt":"Failed to load 'Assets/LANGUAGE\\StringResources.en.xaml' -> IOException: 'assets/language/stringresources.en.xaml' 리소스가 없습니다.","@l":"Debug","Member":"LoadDictionaryForCulture()","SourceFile":"LocalizationService.cs:163"}
{"@t":"2026-01-07T06:44:51.8306877Z","@mt":"Failed to load 'Assets/LANGUAGE\\StringResources.xaml' -> IOException: 'assets/language/stringresources.xaml' 리소스가 없습니다.","@l":"Debug","Member":"LoadDictionaryForCulture()","SourceFile":"LocalizationService.cs:163"}
{"@t":"2026-01-07T06:44:51.8353481Z","@mt":"Language -> IdScanConsent via Next","Member":".ctor()","SourceFile":"GtfStateMachine.cs:52"}
{"@t":"2026-01-07T06:44:53.4823311Z","@mt":"IdScanConsent -> Exit via Exit","Member":".ctor()","SourceFile":"GtfStateMachine.cs:52"}
{"@t":"2026-01-07T06:44:54.4624058Z","@mt":"Play Audio (sync): Click.wav","Member":"Play()","SourceFile":"AudioPlayService.cs:184"}
{"@t":"2026-01-07T06:44:54.4646259Z","@mt":"Start -> Language via Next","Member":".ctor()","SourceFile":"ExchangeSellStateMachine.cs:41"}
{"@t":"2026-01-07T06:44:55.2399099Z","@mt":"Supervisor attempt start. device={Device} type={DeviceType} driver={Driver}","Device":"QR스캐너","DeviceType":"QR","Driver":"EM20-80","SourceContext":"KIOSK.Infrastructure.Management.Devices.DeviceSupervisor"}
{"@t":"2026-01-07T06:44:55.2420595Z","@mt":"Session start. device={Device} type={DeviceType} driver={Driver} comm={CommType} port={CommPort} param={CommParam}","Device":"QR스캐너","DeviceType":"QR","Driver":"EM20-80","CommType":"SERIAL","CommPort":"COM4","CommParam":"9600,8,1,N","SourceContext":"KIOSK.Infrastructure.Management.Devices.DeviceSupervisor"}
{"@t":"2026-01-07T06:44:55.3208019Z","@mt":"Transport opened. device={Device}","Device":"QR스캐너","SourceContext":"KIOSK.Infrastructure.Management.Devices.DeviceSupervisor"}
{"@t":"2026-01-07T06:44:55.3411942Z","@mt":"Device initialized. device={Device}","Device":"QR스캐너","SourceContext":"KIOSK.Infrastructure.Management.Devices.DeviceSupervisor"}
{"@t":"2026-01-07T06:44:55.3720083Z","@mt":"Language -> Currency via Next","Member":".ctor()","SourceFile":"ExchangeSellStateMachine.cs:41"}
{"@t":"2026-01-07T06:44:56.1161363Z","@mt":"Currency -> Terms via Next","Member":".ctor()","SourceFile":"ExchangeSellStateMachine.cs:41"}
{"@t":"2026-01-07T06:45:14.5435138Z","@mt":"Terms -> Exit via Exit","Member":".ctor()","SourceFile":"ExchangeSellStateMachine.cs:41"}
