{"@t":"2025-12-03T23:57:01.7018964Z","@mt":"Background Task Excute  >> [SENT_CEMS_TX_RESULT]","Member":"RunJobSafe()","SourceFile":"BackgroundTaskService.cs:166"}
{"@t":"2025-12-03T23:57:01.7391990Z","@mt":"Background Task Excute  >> [UPDATE_EXCHANGE_RATE]","Member":"RunJobSafe()","SourceFile":"BackgroundTaskService.cs:166"}
{"@t":"2025-12-04T08:20:44.9105579Z","@mt":"BackgroundTaskService starting.","Member":"StartAsync()","SourceFile":"BackgroundTaskService.cs:47"}
{"@t":"2025-12-04T08:20:44.9476957Z","@mt":"BackgroundTaskService ExecuteAsync loop started.","Member":"ExecuteAsync()","SourceFile":"BackgroundTaskService.cs:75"}
{"@t":"2025-12-04T08:20:44.9584507Z","@mt":"App host started.","Member":"StartAsync()","SourceFile":"AppBootstrapper.cs:73"}
{"@t":"2025-12-04T08:20:44.9694567Z","@mt":"Loaded resource candidate: Assets/LANGUAGE\\StringResources.ko-KR.xaml","Member":"LoadForCulture()","SourceFile":"LocalizationService.cs:127"}
{"@t":"2025-12-04T08:20:46.2150296Z","@mt":"Background Task Failed >> [UPDATE_EXCHANGE_RATE]","@l":"Error","@x":"System.InvalidOperationException: sp_get_server_info 에 SERVER_NAME='CEMS' 레코드가 없습니다.\r\n   at KIOSK.Services.DataBase.ApiConfigFieldRepository.GetRequired(String serverName) in C:\\Users\\niaci\\RiderProjects\\MONEYBOX_2\\KIOSK\\Services\\DataBase\\ApiConfigFieldRepository.cs:line 48\r\n   at KIOSK.Composition.Modules.BootstrapExtensions.<>c.<AddServices>b__1_1(IServiceProvider sp) in C:\\Users\\niaci\\RiderProjects\\MONEYBOX_2\\KIOSK\\Composition\\Modules\\BootstrapExtensions.cs:line 167\r\n   at Microsoft.Extensions.DependencyInjection.ServiceLookup.CallSiteRuntimeResolver.VisitFactory(FactoryCallSite factoryCallSite, RuntimeResolverContext context)\r\n   at Microsoft.Extensions.DependencyInjection.ServiceLookup.CallSiteVisitor`2.VisitCallSiteMain(ServiceCallSite callSite, TArgument argument)\r\n   at Microsoft.Extensions.DependencyInjection.ServiceLookup.CallSiteRuntimeResolver.VisitRootCache(ServiceCallSite callSite, RuntimeResolverContext context)\r\n   at Microsoft.Extensions.DependencyInjection.ServiceLookup.CallSiteVisitor`2.VisitCallSite(ServiceCallSite callSite, TArgument argument)\r\n   at Microsoft.Extensions.DependencyInjection.ServiceLookup.CallSiteRuntimeResolver.VisitConstructor(ConstructorCallSite constructorCallSite, RuntimeResolverContext context)\r\n   at Microsoft.Extensions.DependencyInjection.ServiceLookup.CallSiteVisitor`2.VisitCallSiteMain(ServiceCallSite callSite, TArgument argument)\r\n   at Microsoft.Extensions.DependencyInjection.ServiceLookup.CallSiteRuntimeResolver.VisitCache(ServiceCallSite callSite, RuntimeResolverContext context, ServiceProviderEngineScope serviceProviderEngine, RuntimeResolverLock lockType)\r\n   at Microsoft.Extensions.DependencyInjection.ServiceLookup.CallSiteRuntimeResolver.VisitScopeCache(ServiceCallSite callSite, RuntimeResolverContext context)\r\n   at Microsoft.Extensions.DependencyInjection.ServiceLookup.CallSiteVisitor`2.VisitCallSite(ServiceCallSite callSite, TArgument argument)\r\n   at Microsoft.Extensions.DependencyInjection.ServiceLookup.CallSiteRuntimeResolver.VisitConstructor(ConstructorCallSite constructorCallSite, RuntimeResolverContext context)\r\n   at Microsoft.Extensions.DependencyInjection.ServiceLookup.CallSiteVisitor`2.VisitCallSiteMain(ServiceCallSite callSite, TArgument argument)\r\n   at Microsoft.Extensions.DependencyInjection.ServiceLookup.CallSiteRuntimeResolver.VisitCache(ServiceCallSite callSite, RuntimeResolverContext context, ServiceProviderEngineScope serviceProviderEngine, RuntimeResolverLock lockType)\r\n   at Microsoft.Extensions.DependencyInjection.ServiceLookup.CallSiteRuntimeResolver.VisitScopeCache(ServiceCallSite callSite, RuntimeResolverContext context)\r\n   at Microsoft.Extensions.DependencyInjection.ServiceLookup.CallSiteVisitor`2.VisitCallSite(ServiceCallSite callSite, TArgument argument)\r\n   at Microsoft.Extensions.DependencyInjection.ServiceLookup.CallSiteRuntimeResolver.Resolve(ServiceCallSite callSite, ServiceProviderEngineScope scope)\r\n   at Microsoft.Extensions.DependencyInjection.ServiceLookup.DynamicServiceProviderEngine.<>c__DisplayClass2_0.<RealizeService>b__0(ServiceProviderEngineScope scope)\r\n   at Microsoft.Extensions.DependencyInjection.ServiceProvider.GetService(ServiceIdentifier serviceIdentifier, ServiceProviderEngineScope serviceProviderEngineScope)\r\n   at Microsoft.Extensions.DependencyInjection.ServiceLookup.ServiceProviderEngineScope.GetService(Type serviceType)\r\n   at Microsoft.Extensions.DependencyInjection.ServiceProviderServiceExtensions.GetRequiredService(IServiceProvider provider, Type serviceType)\r\n   at Microsoft.Extensions.DependencyInjection.ServiceProviderServiceExtensions.GetRequiredService[T](IServiceProvider provider)\r\n   at KIOSK.Composition.Modules.BootstrapExtensions.<>c.<<AddBackgroundServices>b__2_1>d.MoveNext() in C:\\Users\\niaci\\RiderProjects\\MONEYBOX_2\\KIOSK\\Composition\\Modules\\BootstrapExtensions.cs:line 282\r\n--- End of stack trace from previous location ---\r\n   at KIOSK.Services.BackgroundTaskService.RunJobSafe(BackgroundTaskDescriptor job, CancellationToken ct) in C:\\Users\\niaci\\RiderProjects\\MONEYBOX_2\\KIOSK\\Services\\BackgroundTaskService.cs:line 164","Member":"RunJobSafe()","SourceFile":"BackgroundTaskService.cs:174"}
{"@t":"2025-12-04T08:20:46.8511565Z","@mt":"Init Database Successed","Member":"InitializeDatabaseAsync()","SourceFile":"BootstrapService.cs:162"}
{"@t":"2025-12-04T08:20:46.8540144Z","@mt":"Init Localization Successed: ko-KR","Member":"InitializeLocationAsync()","SourceFile":"BootstrapService.cs:182"}
{"@t":"2025-12-04T08:20:46.8579440Z","@mt":"Background Task Excute  >> [SENT_CEMS_TX_RESULT]","Member":"RunJobSafe()","SourceFile":"BackgroundTaskService.cs:166"}
{"@t":"2025-12-04T08:20:46.9407606Z","@mt":"Cached audio loaded: Bill.wav (338696 bytes). Total cache bytes: 338696","Member":"GetOrLoadCachedSound()","SourceFile":"AudioPlayService.cs:119"}
{"@t":"2025-12-04T08:20:46.9418983Z","@mt":"Cached audio loaded: Coin.wav (560360 bytes). Total cache bytes: 899056","Member":"GetOrLoadCachedSound()","SourceFile":"AudioPlayService.cs:119"}
{"@t":"2025-12-04T08:20:46.9453127Z","@mt":"Cached audio loaded: Click.wav (175360 bytes). Total cache bytes: 1074416","Member":"GetOrLoadCachedSound()","SourceFile":"AudioPlayService.cs:119"}
{"@t":"2025-12-04T08:20:48.2904985Z","@mt":"Background Task Excute  >> [UPDATE_EXCHANGE_RATE]","Member":"RunJobSafe()","SourceFile":"BackgroundTaskService.cs:166"}
{"@t":"2025-12-04T08:20:56.9565784Z","@mt":"Background Task Excute  >> [SENT_CEMS_TX_RESULT]","Member":"RunJobSafe()","SourceFile":"BackgroundTaskService.cs:166"}
{"@t":"2025-12-04T08:20:58.9958260Z","@mt":"Background Task Excute  >> [UPDATE_EXCHANGE_RATE]","Member":"RunJobSafe()","SourceFile":"BackgroundTaskService.cs:166"}
{"@t":"2025-12-04T08:55:20.1337991Z","@mt":"BackgroundTaskService starting.","Member":"StartAsync()","SourceFile":"BackgroundTaskService.cs:47"}
{"@t":"2025-12-04T08:55:20.1719329Z","@mt":"BackgroundTaskService ExecuteAsync loop started.","Member":"ExecuteAsync()","SourceFile":"BackgroundTaskService.cs:75"}
{"@t":"2025-12-04T08:55:20.1806225Z","@mt":"App host started.","Member":"StartAsync()","SourceFile":"AppBootstrapper.cs:73"}
{"@t":"2025-12-04T08:55:20.1842039Z","@mt":"Loaded resource candidate: Assets/LANGUAGE\\StringResources.ko-KR.xaml","Member":"LoadForCulture()","SourceFile":"LocalizationService.cs:127"}
{"@t":"2025-12-04T08:55:21.5946095Z","@mt":"Init Database Successed","Member":"InitializeDatabaseAsync()","SourceFile":"BootstrapService.cs:162"}
{"@t":"2025-12-04T08:55:21.6135941Z","@mt":"Background Task Excute  >> [SENT_CEMS_TX_RESULT]","Member":"RunJobSafe()","SourceFile":"BackgroundTaskService.cs:166"}
{"@t":"2025-12-04T08:55:21.6917561Z","@mt":"Init Localization Successed: ko-KR","Member":"InitializeLocationAsync()","SourceFile":"BootstrapService.cs:182"}
{"@t":"2025-12-04T08:55:21.7470564Z","@mt":"Cached audio loaded: Bill.wav (338696 bytes). Total cache bytes: 899056","Member":"GetOrLoadCachedSound()","SourceFile":"AudioPlayService.cs:119"}
{"@t":"2025-12-04T08:55:21.7470564Z","@mt":"Cached audio loaded: Coin.wav (560360 bytes). Total cache bytes: 899056","Member":"GetOrLoadCachedSound()","SourceFile":"AudioPlayService.cs:119"}
{"@t":"2025-12-04T08:55:21.7513886Z","@mt":"Cached audio loaded: Click.wav (175360 bytes). Total cache bytes: 1074416","Member":"GetOrLoadCachedSound()","SourceFile":"AudioPlayService.cs:119"}
{"@t":"2025-12-04T08:55:22.6119552Z","@mt":"Skipped UPDATE_EXCHANGE_RATE because previous run is still executing.","@l":"Debug","Member":"RunJobSafe()","SourceFile":"BackgroundTaskService.cs:151"}
{"@t":"2025-12-04T08:55:22.6813627Z","@mt":"Background Task Excute  >> [UPDATE_EXCHANGE_RATE]","Member":"RunJobSafe()","SourceFile":"BackgroundTaskService.cs:166"}
{"@t":"2025-12-04T08:55:32.1804666Z","@mt":"Background Task Excute  >> [SENT_CEMS_TX_RESULT]","Member":"RunJobSafe()","SourceFile":"BackgroundTaskService.cs:166"}
{"@t":"2025-12-04T08:55:33.2111797Z","@mt":"Background Task Excute  >> [UPDATE_EXCHANGE_RATE]","Member":"RunJobSafe()","SourceFile":"BackgroundTaskService.cs:166"}
{"@t":"2025-12-04T08:55:43.1803642Z","@mt":"Background Task Excute  >> [SENT_CEMS_TX_RESULT]","Member":"RunJobSafe()","SourceFile":"BackgroundTaskService.cs:166"}
{"@t":"2025-12-04T08:55:57.1260518Z","@mt":"Background Task Excute  >> [SENT_CEMS_TX_RESULT]","Member":"RunJobSafe()","SourceFile":"BackgroundTaskService.cs:166"}
{"@t":"2025-12-04T08:55:57.1296806Z","@mt":"Skipped UPDATE_EXCHANGE_RATE because previous run is still executing.","@l":"Debug","Member":"RunJobSafe()","SourceFile":"BackgroundTaskService.cs:151"}
{"@t":"2025-12-04T08:55:57.1609909Z","@mt":"Background Task Excute  >> [UPDATE_EXCHANGE_RATE]","Member":"RunJobSafe()","SourceFile":"BackgroundTaskService.cs:166"}
{"@t":"2025-12-04T08:56:07.8045687Z","@mt":"Background Task Excute  >> [SENT_CEMS_TX_RESULT]","Member":"RunJobSafe()","SourceFile":"BackgroundTaskService.cs:166"}
{"@t":"2025-12-04T08:56:07.8387077Z","@mt":"Background Task Excute  >> [UPDATE_EXCHANGE_RATE]","Member":"RunJobSafe()","SourceFile":"BackgroundTaskService.cs:166"}
{"@t":"2025-12-04T08:56:17.8896957Z","@mt":"Background Task Excute  >> [SENT_CEMS_TX_RESULT]","Member":"RunJobSafe()","SourceFile":"BackgroundTaskService.cs:166"}
{"@t":"2025-12-04T08:56:17.9211705Z","@mt":"Background Task Excute  >> [UPDATE_EXCHANGE_RATE]","Member":"RunJobSafe()","SourceFile":"BackgroundTaskService.cs:166"}
{"@t":"2025-12-04T08:56:41.2618479Z","@mt":"Background Task Excute  >> [SENT_CEMS_TX_RESULT]","Member":"RunJobSafe()","SourceFile":"BackgroundTaskService.cs:166"}
{"@t":"2025-12-04T08:56:41.2642616Z","@mt":"Skipped UPDATE_EXCHANGE_RATE because previous run is still executing.","@l":"Debug","Member":"RunJobSafe()","SourceFile":"BackgroundTaskService.cs:151"}
{"@t":"2025-12-04T08:56:41.2971279Z","@mt":"Background Task Excute  >> [UPDATE_EXCHANGE_RATE]","Member":"RunJobSafe()","SourceFile":"BackgroundTaskService.cs:166"}
{"@t":"2025-12-04T08:56:52.2624720Z","@mt":"Background Task Excute  >> [SENT_CEMS_TX_RESULT]","Member":"RunJobSafe()","SourceFile":"BackgroundTaskService.cs:166"}
{"@t":"2025-12-04T08:56:52.2957769Z","@mt":"Background Task Excute  >> [UPDATE_EXCHANGE_RATE]","Member":"RunJobSafe()","SourceFile":"BackgroundTaskService.cs:166"}
