{"@t":"2025-12-05T00:26:28.8926562Z","@mt":"BackgroundTaskService starting.","Member":"StartAsync()","SourceFile":"BackgroundTaskService.cs:47"}
{"@t":"2025-12-05T00:26:28.9289830Z","@mt":"BackgroundTaskService ExecuteAsync loop started.","Member":"ExecuteAsync()","SourceFile":"BackgroundTaskService.cs:75"}
{"@t":"2025-12-05T00:26:28.9375854Z","@mt":"App host started.","Member":"StartAsync()","SourceFile":"AppBootstrapper.cs:73"}
{"@t":"2025-12-05T00:26:28.9516698Z","@mt":"Loaded resource candidate: Assets/LANGUAGE\\StringResources.ko-KR.xaml","Member":"LoadForCulture()","SourceFile":"LocalizationService.cs:127"}
{"@t":"2025-12-05T00:26:30.1736675Z","@mt":"Background Task Failed >> [UPDATE_EXCHANGE_RATE]","@l":"Error","@x":"System.InvalidOperationException: sp_get_server_info 에 SERVER_NAME='CEMS' 레코드가 없습니다.\r\n   at KIOSK.Services.DataBase.ApiConfigFieldRepository.GetRequired(String serverName) in C:\\Users\\niaci\\RiderProjects\\MONEYBOX_2\\KIOSK\\Services\\DataBase\\ApiConfigFieldRepository.cs:line 48\r\n   at KIOSK.Composition.Modules.BootstrapExtensions.<>c.<AddServices>b__1_1(IServiceProvider sp) in C:\\Users\\niaci\\RiderProjects\\MONEYBOX_2\\KIOSK\\Composition\\Modules\\BootstrapExtensions.cs:line 167\r\n   at Microsoft.Extensions.DependencyInjection.ServiceLookup.CallSiteRuntimeResolver.VisitFactory(FactoryCallSite factoryCallSite, RuntimeResolverContext context)\r\n   at Microsoft.Extensions.DependencyInjection.ServiceLookup.CallSiteVisitor`2.VisitCallSiteMain(ServiceCallSite callSite, TArgument argument)\r\n   at Microsoft.Extensions.DependencyInjection.ServiceLookup.CallSiteRuntimeResolver.VisitRootCache(ServiceCallSite callSite, RuntimeResolverContext context)\r\n   at Microsoft.Extensions.DependencyInjection.ServiceLookup.CallSiteVisitor`2.VisitCallSite(ServiceCallSite callSite, TArgument argument)\r\n   at Microsoft.Extensions.DependencyInjection.ServiceLookup.CallSiteRuntimeResolver.VisitConstructor(ConstructorCallSite constructorCallSite, RuntimeResolverContext context)\r\n   at Microsoft.Extensions.DependencyInjection.ServiceLookup.CallSiteVisitor`2.VisitCallSiteMain(ServiceCallSite callSite, TArgument argument)\r\n   at Microsoft.Extensions.DependencyInjection.ServiceLookup.CallSiteRuntimeResolver.VisitCache(ServiceCallSite callSite, RuntimeResolverContext context, ServiceProviderEngineScope serviceProviderEngine, RuntimeResolverLock lockType)\r\n   at Microsoft.Extensions.DependencyInjection.ServiceLookup.CallSiteRuntimeResolver.VisitScopeCache(ServiceCallSite callSite, RuntimeResolverContext context)\r\n   at Microsoft.Extensions.DependencyInjection.ServiceLookup.CallSiteVisitor`2.VisitCallSite(ServiceCallSite callSite, TArgument argument)\r\n   at Microsoft.Extensions.DependencyInjection.ServiceLookup.CallSiteRuntimeResolver.VisitConstructor(ConstructorCallSite constructorCallSite, RuntimeResolverContext context)\r\n   at Microsoft.Extensions.DependencyInjection.ServiceLookup.CallSiteVisitor`2.VisitCallSiteMain(ServiceCallSite callSite, TArgument argument)\r\n   at Microsoft.Extensions.DependencyInjection.ServiceLookup.CallSiteRuntimeResolver.VisitCache(ServiceCallSite callSite, RuntimeResolverContext context, ServiceProviderEngineScope serviceProviderEngine, RuntimeResolverLock lockType)\r\n   at Microsoft.Extensions.DependencyInjection.ServiceLookup.CallSiteRuntimeResolver.VisitScopeCache(ServiceCallSite callSite, RuntimeResolverContext context)\r\n   at Microsoft.Extensions.DependencyInjection.ServiceLookup.CallSiteVisitor`2.VisitCallSite(ServiceCallSite callSite, TArgument argument)\r\n   at Microsoft.Extensions.DependencyInjection.ServiceLookup.CallSiteRuntimeResolver.Resolve(ServiceCallSite callSite, ServiceProviderEngineScope scope)\r\n   at Microsoft.Extensions.DependencyInjection.ServiceLookup.DynamicServiceProviderEngine.<>c__DisplayClass2_0.<RealizeService>b__0(ServiceProviderEngineScope scope)\r\n   at Microsoft.Extensions.DependencyInjection.ServiceProvider.GetService(ServiceIdentifier serviceIdentifier, ServiceProviderEngineScope serviceProviderEngineScope)\r\n   at Microsoft.Extensions.DependencyInjection.ServiceLookup.ServiceProviderEngineScope.GetService(Type serviceType)\r\n   at Microsoft.Extensions.DependencyInjection.ServiceProviderServiceExtensions.GetRequiredService(IServiceProvider provider, Type serviceType)\r\n   at Microsoft.Extensions.DependencyInjection.ServiceProviderServiceExtensions.GetRequiredService[T](IServiceProvider provider)\r\n   at KIOSK.Composition.Modules.BootstrapExtensions.<>c.<<AddBackgroundServices>b__2_1>d.MoveNext() in C:\\Users\\niaci\\RiderProjects\\MONEYBOX_2\\KIOSK\\Composition\\Modules\\BootstrapExtensions.cs:line 282\r\n--- End of stack trace from previous location ---\r\n   at KIOSK.Services.BackgroundTaskService.RunJobSafe(BackgroundTaskDescriptor job, CancellationToken ct) in C:\\Users\\niaci\\RiderProjects\\MONEYBOX_2\\KIOSK\\Services\\BackgroundTaskService.cs:line 164","Member":"RunJobSafe()","SourceFile":"BackgroundTaskService.cs:174"}
{"@t":"2025-12-05T00:26:30.8063600Z","@mt":"Init Database Successed","Member":"InitializeDatabaseAsync()","SourceFile":"BootstrapService.cs:152"}
{"@t":"2025-12-05T00:26:30.8090291Z","@mt":"Init Localization Successed: ko-KR","Member":"InitializeLocationAsync()","SourceFile":"BootstrapService.cs:172"}
{"@t":"2025-12-05T00:26:32.0438845Z","@mt":"Background Task Excute  >> [SENT_CEMS_TX_RESULT]","Member":"RunJobSafe()","SourceFile":"BackgroundTaskService.cs:166"}
{"@t":"2025-12-05T00:26:32.1442676Z","@mt":"Cached audio loaded: Bill.wav (338696 bytes). Total cache bytes: 899056","Member":"GetOrLoadCachedSound()","SourceFile":"AudioPlayService.cs:119"}
{"@t":"2025-12-05T00:26:32.1442676Z","@mt":"Cached audio loaded: Coin.wav (560360 bytes). Total cache bytes: 899056","Member":"GetOrLoadCachedSound()","SourceFile":"AudioPlayService.cs:119"}
{"@t":"2025-12-05T00:26:32.1503611Z","@mt":"Cached audio loaded: Click.wav (175360 bytes). Total cache bytes: 1074416","Member":"GetOrLoadCachedSound()","SourceFile":"AudioPlayService.cs:119"}
{"@t":"2025-12-05T00:26:33.4373855Z","@mt":"Skipped UPDATE_EXCHANGE_RATE because previous run is still executing.","@l":"Debug","Member":"RunJobSafe()","SourceFile":"BackgroundTaskService.cs:151"}
{"@t":"2025-12-05T00:26:33.5204406Z","@mt":"Background Task Excute  >> [UPDATE_EXCHANGE_RATE]","Member":"RunJobSafe()","SourceFile":"BackgroundTaskService.cs:166"}
{"@t":"2025-12-05T00:26:42.9372615Z","@mt":"Background Task Excute  >> [SENT_CEMS_TX_RESULT]","Member":"RunJobSafe()","SourceFile":"BackgroundTaskService.cs:166"}
{"@t":"2025-12-05T00:26:43.9700900Z","@mt":"Background Task Excute  >> [UPDATE_EXCHANGE_RATE]","Member":"RunJobSafe()","SourceFile":"BackgroundTaskService.cs:166"}
{"@t":"2025-12-05T00:26:53.9561012Z","@mt":"Background Task Excute  >> [SENT_CEMS_TX_RESULT]","Member":"RunJobSafe()","SourceFile":"BackgroundTaskService.cs:166"}
{"@t":"2025-12-05T00:26:54.5794325Z","@mt":"Play Audio (sync): Click.wav","Member":"Play()","SourceFile":"AudioPlayService.cs:184"}
{"@t":"2025-12-05T00:26:54.6854840Z","@mt":"Start -> Language via Next","Member":".ctor()","SourceFile":"GtfStateMachine.cs:66"}
{"@t":"2025-12-05T00:26:54.9661301Z","@mt":"Background Task Excute  >> [UPDATE_EXCHANGE_RATE]","Member":"RunJobSafe()","SourceFile":"BackgroundTaskService.cs:166"}
{"@t":"2025-12-05T00:27:04.9379881Z","@mt":"Background Task Excute  >> [SENT_CEMS_TX_RESULT]","Member":"RunJobSafe()","SourceFile":"BackgroundTaskService.cs:166"}
{"@t":"2025-12-05T00:27:05.9643377Z","@mt":"Background Task Excute  >> [UPDATE_EXCHANGE_RATE]","Member":"RunJobSafe()","SourceFile":"BackgroundTaskService.cs:166"}
{"@t":"2025-12-05T00:27:14.1605305Z","@mt":"Language -> IdScanConsent via Next","Member":".ctor()","SourceFile":"GtfStateMachine.cs:66"}
{"@t":"2025-12-05T00:27:15.0889464Z","@mt":"IdScanConsent -> IdScanGuide via Next","Member":".ctor()","SourceFile":"GtfStateMachine.cs:66"}
{"@t":"2025-12-05T00:27:15.9374398Z","@mt":"Background Task Excute  >> [SENT_CEMS_TX_RESULT]","Member":"RunJobSafe()","SourceFile":"BackgroundTaskService.cs:166"}
{"@t":"2025-12-05T00:27:16.9627197Z","@mt":"Background Task Excute  >> [UPDATE_EXCHANGE_RATE]","Member":"RunJobSafe()","SourceFile":"BackgroundTaskService.cs:166"}
{"@t":"2025-12-05T00:27:21.5838908Z","@mt":"IdScanGuide -> Exit via Exit","Member":".ctor()","SourceFile":"GtfStateMachine.cs:66"}
{"@t":"2025-12-05T00:27:26.9393205Z","@mt":"Background Task Excute  >> [SENT_CEMS_TX_RESULT]","Member":"RunJobSafe()","SourceFile":"BackgroundTaskService.cs:166"}
{"@t":"2025-12-05T00:27:27.9742058Z","@mt":"Background Task Excute  >> [UPDATE_EXCHANGE_RATE]","Member":"RunJobSafe()","SourceFile":"BackgroundTaskService.cs:166"}
{"@t":"2025-12-05T00:27:37.9369022Z","@mt":"Background Task Excute  >> [SENT_CEMS_TX_RESULT]","Member":"RunJobSafe()","SourceFile":"BackgroundTaskService.cs:166"}
{"@t":"2025-12-05T00:27:38.9624689Z","@mt":"Background Task Excute  >> [UPDATE_EXCHANGE_RATE]","Member":"RunJobSafe()","SourceFile":"BackgroundTaskService.cs:166"}
{"@t":"2025-12-05T00:27:48.9391116Z","@mt":"Background Task Excute  >> [SENT_CEMS_TX_RESULT]","Member":"RunJobSafe()","SourceFile":"BackgroundTaskService.cs:166"}
{"@t":"2025-12-05T00:27:49.9628081Z","@mt":"Background Task Excute  >> [UPDATE_EXCHANGE_RATE]","Member":"RunJobSafe()","SourceFile":"BackgroundTaskService.cs:166"}
{"@t":"2025-12-05T00:27:59.9376618Z","@mt":"Background Task Excute  >> [SENT_CEMS_TX_RESULT]","Member":"RunJobSafe()","SourceFile":"BackgroundTaskService.cs:166"}
{"@t":"2025-12-05T00:28:00.9614441Z","@mt":"Background Task Excute  >> [UPDATE_EXCHANGE_RATE]","Member":"RunJobSafe()","SourceFile":"BackgroundTaskService.cs:166"}
{"@t":"2025-12-05T00:28:08.9712257Z","@mt":"Play Audio (sync): Click.wav","Member":"Play()","SourceFile":"AudioPlayService.cs:184"}
{"@t":"2025-12-05T00:28:08.9735074Z","@mt":"Start -> Language via Next","Member":".ctor()","SourceFile":"GtfStateMachine.cs:66"}
{"@t":"2025-12-05T00:28:09.4193946Z","@mt":"Language -> IdScanConsent via Next","Member":".ctor()","SourceFile":"GtfStateMachine.cs:66"}
{"@t":"2025-12-05T00:28:10.0192376Z","@mt":"IdScanConsent -> IdScanGuide via Next","Member":".ctor()","SourceFile":"GtfStateMachine.cs:66"}
{"@t":"2025-12-05T00:28:10.9375045Z","@mt":"Background Task Excute  >> [SENT_CEMS_TX_RESULT]","Member":"RunJobSafe()","SourceFile":"BackgroundTaskService.cs:166"}
{"@t":"2025-12-05T00:28:11.9629843Z","@mt":"Background Task Excute  >> [UPDATE_EXCHANGE_RATE]","Member":"RunJobSafe()","SourceFile":"BackgroundTaskService.cs:166"}
{"@t":"2025-12-05T00:28:21.7638820Z","@mt":"IdScanGuide -> Exit via Exit","Member":".ctor()","SourceFile":"GtfStateMachine.cs:66"}
{"@t":"2025-12-05T00:28:21.9372305Z","@mt":"Background Task Excute  >> [SENT_CEMS_TX_RESULT]","Member":"RunJobSafe()","SourceFile":"BackgroundTaskService.cs:166"}
{"@t":"2025-12-05T00:28:22.9627323Z","@mt":"Background Task Excute  >> [UPDATE_EXCHANGE_RATE]","Member":"RunJobSafe()","SourceFile":"BackgroundTaskService.cs:166"}
{"@t":"2025-12-05T02:26:21.5793229Z","@mt":"BackgroundTaskService starting.","Member":"StartAsync()","SourceFile":"BackgroundTaskService.cs:47"}
{"@t":"2025-12-05T02:26:21.6204642Z","@mt":"BackgroundTaskService ExecuteAsync loop started.","Member":"ExecuteAsync()","SourceFile":"BackgroundTaskService.cs:75"}
{"@t":"2025-12-05T02:26:21.6335834Z","@mt":"App host started.","Member":"StartAsync()","SourceFile":"AppBootstrapper.cs:76"}
{"@t":"2025-12-05T02:26:21.6460434Z","@mt":"Loaded resource candidate: Assets/LANGUAGE\\StringResources.ko-KR.xaml","Member":"LoadForCulture()","SourceFile":"LocalizationService.cs:127"}
{"@t":"2025-12-05T02:32:31.9844384Z","@mt":"App host started.","Member":"StartAsync()","SourceFile":"AppBootstrapper.cs:75"}
{"@t":"2025-12-05T02:32:32.0243221Z","@mt":"Loaded resource candidate: Assets/LANGUAGE\\StringResources.ko-KR.xaml","Member":"LoadForCulture()","SourceFile":"LocalizationService.cs:127"}
{"@t":"2025-12-05T02:32:33.4775309Z","@mt":"Init Database Successed","Member":"InitializeDatabaseAsync()","SourceFile":"BootstrapService.cs:167"}
{"@t":"2025-12-05T02:32:33.4816513Z","@mt":"Init Localization Successed: ko-KR","Member":"InitializeLocationAsync()","SourceFile":"BootstrapService.cs:187"}
{"@t":"2025-12-05T02:32:36.9370851Z","@mt":"Cached audio loaded: Bill.wav (338696 bytes). Total cache bytes: 899056","Member":"GetOrLoadCachedSound()","SourceFile":"AudioPlayService.cs:119"}
{"@t":"2025-12-05T02:32:36.9370949Z","@mt":"Cached audio loaded: Coin.wav (560360 bytes). Total cache bytes: 899056","Member":"GetOrLoadCachedSound()","SourceFile":"AudioPlayService.cs:119"}
{"@t":"2025-12-05T02:32:36.9414322Z","@mt":"Cached audio loaded: Click.wav (175360 bytes). Total cache bytes: 1074416","Member":"GetOrLoadCachedSound()","SourceFile":"AudioPlayService.cs:119"}
{"@t":"2025-12-05T02:32:36.9555356Z","@mt":"BackgroundTaskService starting.","Member":"StartAsync()","SourceFile":"BackgroundTaskService.cs:47"}
{"@t":"2025-12-05T02:32:36.9587403Z","@mt":"BackgroundTaskService ExecuteAsync loop started.","Member":"ExecuteAsync()","SourceFile":"BackgroundTaskService.cs:75"}
{"@t":"2025-12-05T02:32:38.0939371Z","@mt":"Background Task Excute  >> [SENT_CEMS_TX_RESULT]","Member":"RunJobSafe()","SourceFile":"BackgroundTaskService.cs:166"}
{"@t":"2025-12-05T02:32:38.2752569Z","@mt":"Background Task Excute  >> [UPDATE_EXCHANGE_RATE]","Member":"RunJobSafe()","SourceFile":"BackgroundTaskService.cs:166"}
{"@t":"2025-12-05T02:32:42.3702692Z","@mt":"Play Audio (sync): Click.wav","Member":"Play()","SourceFile":"AudioPlayService.cs:184"}
{"@t":"2025-12-05T02:32:42.4668637Z","@mt":"Start -> Language via Next","Member":".ctor()","SourceFile":"ExchangeSellStateMachine.cs:51"}
{"@t":"2025-12-05T02:32:43.3654884Z","@mt":"Language -> Currency via Next","Member":".ctor()","SourceFile":"ExchangeSellStateMachine.cs:51"}
{"@t":"2025-12-05T02:32:44.6173093Z","@mt":"Currency -> Exit via Exit","Member":".ctor()","SourceFile":"ExchangeSellStateMachine.cs:51"}
{"@t":"2025-12-05T02:32:48.9685270Z","@mt":"Background Task Excute  >> [SENT_CEMS_TX_RESULT]","Member":"RunJobSafe()","SourceFile":"BackgroundTaskService.cs:166"}
{"@t":"2025-12-05T02:32:49.0401442Z","@mt":"Background Task Excute  >> [UPDATE_EXCHANGE_RATE]","Member":"RunJobSafe()","SourceFile":"BackgroundTaskService.cs:166"}
{"@t":"2025-12-05T02:32:59.9674428Z","@mt":"Background Task Excute  >> [SENT_CEMS_TX_RESULT]","Member":"RunJobSafe()","SourceFile":"BackgroundTaskService.cs:166"}
{"@t":"2025-12-05T02:33:00.0002811Z","@mt":"Background Task Excute  >> [UPDATE_EXCHANGE_RATE]","Member":"RunJobSafe()","SourceFile":"BackgroundTaskService.cs:166"}
{"@t":"2025-12-05T02:33:10.9665399Z","@mt":"Background Task Excute  >> [SENT_CEMS_TX_RESULT]","Member":"RunJobSafe()","SourceFile":"BackgroundTaskService.cs:166"}
{"@t":"2025-12-05T02:33:10.9988101Z","@mt":"Background Task Excute  >> [UPDATE_EXCHANGE_RATE]","Member":"RunJobSafe()","SourceFile":"BackgroundTaskService.cs:166"}
{"@t":"2025-12-05T02:33:26.7680696Z","@mt":"Loaded resource candidate: Assets/LANGUAGE\\StringResources.ko-KR.xaml","Member":"LoadForCulture()","SourceFile":"LocalizationService.cs:127"}
{"@t":"2025-12-05T02:33:28.1974341Z","@mt":"Init Database Successed","Member":"InitializeDatabaseAsync()","SourceFile":"BootstrapService.cs:167"}
{"@t":"2025-12-05T02:33:28.2024736Z","@mt":"Init Localization Successed: ko-KR","Member":"InitializeLocationAsync()","SourceFile":"BootstrapService.cs:187"}
{"@t":"2025-12-05T02:33:30.6677659Z","@mt":"Cached audio loaded: Bill.wav (338696 bytes). Total cache bytes: 899056","Member":"GetOrLoadCachedSound()","SourceFile":"AudioPlayService.cs:119"}
{"@t":"2025-12-05T02:33:30.6677658Z","@mt":"Cached audio loaded: Coin.wav (560360 bytes). Total cache bytes: 899056","Member":"GetOrLoadCachedSound()","SourceFile":"AudioPlayService.cs:119"}
{"@t":"2025-12-05T02:33:30.6722454Z","@mt":"Cached audio loaded: Click.wav (175360 bytes). Total cache bytes: 1074416","Member":"GetOrLoadCachedSound()","SourceFile":"AudioPlayService.cs:119"}
{"@t":"2025-12-05T02:33:30.6868697Z","@mt":"BackgroundTaskService starting.","Member":"StartAsync()","SourceFile":"BackgroundTaskService.cs:47"}
{"@t":"2025-12-05T02:33:30.6899170Z","@mt":"BackgroundTaskService ExecuteAsync loop started.","Member":"ExecuteAsync()","SourceFile":"BackgroundTaskService.cs:75"}
{"@t":"2025-12-05T02:33:30.6943535Z","@mt":"App host started.","Member":"StartAsync()","SourceFile":"AppBootstrapper.cs:80"}
{"@t":"2025-12-05T02:33:34.1423078Z","@mt":"Background Task Excute  >> [SENT_CEMS_TX_RESULT]","Member":"RunJobSafe()","SourceFile":"BackgroundTaskService.cs:166"}
{"@t":"2025-12-05T02:33:34.5622813Z","@mt":"Background Task Excute  >> [UPDATE_EXCHANGE_RATE]","Member":"RunJobSafe()","SourceFile":"BackgroundTaskService.cs:166"}
{"@t":"2025-12-05T02:33:45.1043508Z","@mt":"Background Task Excute  >> [SENT_CEMS_TX_RESULT]","Member":"RunJobSafe()","SourceFile":"BackgroundTaskService.cs:166"}
{"@t":"2025-12-05T02:33:45.1663453Z","@mt":"Background Task Excute  >> [UPDATE_EXCHANGE_RATE]","Member":"RunJobSafe()","SourceFile":"BackgroundTaskService.cs:166"}
{"@t":"2025-12-05T02:33:56.1026965Z","@mt":"Background Task Excute  >> [SENT_CEMS_TX_RESULT]","Member":"RunJobSafe()","SourceFile":"BackgroundTaskService.cs:166"}
{"@t":"2025-12-05T02:33:56.1470536Z","@mt":"Background Task Excute  >> [UPDATE_EXCHANGE_RATE]","Member":"RunJobSafe()","SourceFile":"BackgroundTaskService.cs:166"}
{"@t":"2025-12-05T02:34:07.1039965Z","@mt":"Background Task Excute  >> [SENT_CEMS_TX_RESULT]","Member":"RunJobSafe()","SourceFile":"BackgroundTaskService.cs:166"}
{"@t":"2025-12-05T02:34:07.1456680Z","@mt":"Background Task Excute  >> [UPDATE_EXCHANGE_RATE]","Member":"RunJobSafe()","SourceFile":"BackgroundTaskService.cs:166"}
{"@t":"2025-12-05T02:34:18.1047823Z","@mt":"Background Task Excute  >> [SENT_CEMS_TX_RESULT]","Member":"RunJobSafe()","SourceFile":"BackgroundTaskService.cs:166"}
{"@t":"2025-12-05T02:34:18.1444530Z","@mt":"Background Task Excute  >> [UPDATE_EXCHANGE_RATE]","Member":"RunJobSafe()","SourceFile":"BackgroundTaskService.cs:166"}
{"@t":"2025-12-05T02:34:29.1028813Z","@mt":"Background Task Excute  >> [SENT_CEMS_TX_RESULT]","Member":"RunJobSafe()","SourceFile":"BackgroundTaskService.cs:166"}
{"@t":"2025-12-05T02:34:29.1588468Z","@mt":"Background Task Excute  >> [UPDATE_EXCHANGE_RATE]","Member":"RunJobSafe()","SourceFile":"BackgroundTaskService.cs:166"}
{"@t":"2025-12-05T02:34:40.1019009Z","@mt":"Background Task Excute  >> [SENT_CEMS_TX_RESULT]","Member":"RunJobSafe()","SourceFile":"BackgroundTaskService.cs:166"}
{"@t":"2025-12-05T02:34:40.1401513Z","@mt":"Background Task Excute  >> [UPDATE_EXCHANGE_RATE]","Member":"RunJobSafe()","SourceFile":"BackgroundTaskService.cs:166"}
{"@t":"2025-12-05T02:34:51.1047141Z","@mt":"Background Task Excute  >> [SENT_CEMS_TX_RESULT]","Member":"RunJobSafe()","SourceFile":"BackgroundTaskService.cs:166"}
{"@t":"2025-12-05T02:34:51.1430466Z","@mt":"Background Task Excute  >> [UPDATE_EXCHANGE_RATE]","Member":"RunJobSafe()","SourceFile":"BackgroundTaskService.cs:166"}
{"@t":"2025-12-05T02:35:02.1029068Z","@mt":"Background Task Excute  >> [SENT_CEMS_TX_RESULT]","Member":"RunJobSafe()","SourceFile":"BackgroundTaskService.cs:166"}
{"@t":"2025-12-05T02:35:02.1608790Z","@mt":"Background Task Excute  >> [UPDATE_EXCHANGE_RATE]","Member":"RunJobSafe()","SourceFile":"BackgroundTaskService.cs:166"}
{"@t":"2025-12-05T02:35:13.1030417Z","@mt":"Background Task Excute  >> [SENT_CEMS_TX_RESULT]","Member":"RunJobSafe()","SourceFile":"BackgroundTaskService.cs:166"}
{"@t":"2025-12-05T02:35:13.1402646Z","@mt":"Background Task Excute  >> [UPDATE_EXCHANGE_RATE]","Member":"RunJobSafe()","SourceFile":"BackgroundTaskService.cs:166"}
{"@t":"2025-12-05T02:35:24.1024436Z","@mt":"Background Task Excute  >> [SENT_CEMS_TX_RESULT]","Member":"RunJobSafe()","SourceFile":"BackgroundTaskService.cs:166"}
{"@t":"2025-12-05T02:35:24.1460713Z","@mt":"Background Task Excute  >> [UPDATE_EXCHANGE_RATE]","Member":"RunJobSafe()","SourceFile":"BackgroundTaskService.cs:166"}
{"@t":"2025-12-05T02:35:35.1029142Z","@mt":"Background Task Excute  >> [SENT_CEMS_TX_RESULT]","Member":"RunJobSafe()","SourceFile":"BackgroundTaskService.cs:166"}
{"@t":"2025-12-05T02:35:35.1591472Z","@mt":"Background Task Excute  >> [UPDATE_EXCHANGE_RATE]","Member":"RunJobSafe()","SourceFile":"BackgroundTaskService.cs:166"}
{"@t":"2025-12-05T02:36:06.4543711Z","@mt":"Loaded resource candidate: Assets/LANGUAGE\\StringResources.ko-KR.xaml","Member":"LoadForCulture()","SourceFile":"LocalizationService.cs:127"}
{"@t":"2025-12-05T02:36:07.9210261Z","@mt":"Init Database Successed","Member":"InitializeDatabaseAsync()","SourceFile":"BootstrapService.cs:167"}
{"@t":"2025-12-05T02:36:07.9240040Z","@mt":"Init Localization Successed: ko-KR","Member":"InitializeLocationAsync()","SourceFile":"BootstrapService.cs:187"}
{"@t":"2025-12-05T02:36:10.3518910Z","@mt":"Cached audio loaded: Bill.wav (338696 bytes). Total cache bytes: 899056","Member":"GetOrLoadCachedSound()","SourceFile":"AudioPlayService.cs:119"}
{"@t":"2025-12-05T02:36:10.3518911Z","@mt":"Cached audio loaded: Coin.wav (560360 bytes). Total cache bytes: 899056","Member":"GetOrLoadCachedSound()","SourceFile":"AudioPlayService.cs:119"}
{"@t":"2025-12-05T02:36:10.3559290Z","@mt":"Cached audio loaded: Click.wav (175360 bytes). Total cache bytes: 1074416","Member":"GetOrLoadCachedSound()","SourceFile":"AudioPlayService.cs:119"}
{"@t":"2025-12-05T02:36:10.3695289Z","@mt":"BackgroundTaskService starting.","Member":"StartAsync()","SourceFile":"BackgroundTaskService.cs:47"}
{"@t":"2025-12-05T02:36:10.3722232Z","@mt":"BackgroundTaskService ExecuteAsync loop started.","Member":"ExecuteAsync()","SourceFile":"BackgroundTaskService.cs:75"}
{"@t":"2025-12-05T02:36:10.3771927Z","@mt":"App host started.","Member":"StartAsync()","SourceFile":"AppBootstrapper.cs:80"}
{"@t":"2025-12-05T02:36:11.1815003Z","@mt":"App display started","Member":"StartAsync()","SourceFile":"AppBootstrapper.cs:87"}
{"@t":"2025-12-05T02:36:11.3997321Z","@mt":"Background Task Excute  >> [SENT_CEMS_TX_RESULT]","Member":"RunJobSafe()","SourceFile":"BackgroundTaskService.cs:166"}
{"@t":"2025-12-05T02:36:11.7216722Z","@mt":"Background Task Excute  >> [UPDATE_EXCHANGE_RATE]","Member":"RunJobSafe()","SourceFile":"BackgroundTaskService.cs:166"}
{"@t":"2025-12-05T02:36:12.8627569Z","@mt":"Play Audio (sync): Click.wav","Member":"Play()","SourceFile":"AudioPlayService.cs:184"}
{"@t":"2025-12-05T02:36:12.9023139Z","@mt":"Start -> Language via Next","Member":".ctor()","SourceFile":"ExchangeSellStateMachine.cs:51"}
{"@t":"2025-12-05T02:36:13.9054061Z","@mt":"Language -> Currency via Next","Member":".ctor()","SourceFile":"ExchangeSellStateMachine.cs:51"}
{"@t":"2025-12-05T02:36:16.7622506Z","@mt":"Currency -> Exit via Exit","Member":".ctor()","SourceFile":"ExchangeSellStateMachine.cs:51"}
{"@t":"2025-12-05T02:36:18.8698702Z","@mt":"Play Audio (sync): Click.wav","Member":"Play()","SourceFile":"AudioPlayService.cs:184"}
{"@t":"2025-12-05T02:36:18.8918846Z","@mt":"Start -> Language via Next","Member":".ctor()","SourceFile":"GtfStateMachine.cs:66"}
{"@t":"2025-12-05T02:36:20.9984110Z","@mt":"Language -> Exit via Exit","Member":".ctor()","SourceFile":"GtfStateMachine.cs:66"}
{"@t":"2025-12-05T02:36:22.3789062Z","@mt":"Background Task Excute  >> [SENT_CEMS_TX_RESULT]","Member":"RunJobSafe()","SourceFile":"BackgroundTaskService.cs:166"}
{"@t":"2025-12-05T02:36:22.4223092Z","@mt":"Background Task Excute  >> [UPDATE_EXCHANGE_RATE]","Member":"RunJobSafe()","SourceFile":"BackgroundTaskService.cs:166"}
{"@t":"2025-12-05T02:36:33.3787452Z","@mt":"Background Task Excute  >> [SENT_CEMS_TX_RESULT]","Member":"RunJobSafe()","SourceFile":"BackgroundTaskService.cs:166"}
{"@t":"2025-12-05T02:36:33.4191791Z","@mt":"Background Task Excute  >> [UPDATE_EXCHANGE_RATE]","Member":"RunJobSafe()","SourceFile":"BackgroundTaskService.cs:166"}
{"@t":"2025-12-05T02:36:34.7750795Z","@mt":"Play Audio (sync): Click.wav","Member":"Play()","SourceFile":"AudioPlayService.cs:184"}
{"@t":"2025-12-05T02:36:34.7774391Z","@mt":"Start -> Language via Next","Member":".ctor()","SourceFile":"GtfStateMachine.cs:66"}
{"@t":"2025-12-05T02:36:37.0411409Z","@mt":"Language -> Exit via Exit","Member":".ctor()","SourceFile":"GtfStateMachine.cs:66"}
{"@t":"2025-12-05T02:36:44.3786607Z","@mt":"Background Task Excute  >> [SENT_CEMS_TX_RESULT]","Member":"RunJobSafe()","SourceFile":"BackgroundTaskService.cs:166"}
{"@t":"2025-12-05T02:36:44.4192448Z","@mt":"Background Task Excute  >> [UPDATE_EXCHANGE_RATE]","Member":"RunJobSafe()","SourceFile":"BackgroundTaskService.cs:166"}
{"@t":"2025-12-05T02:36:44.6076348Z","@mt":"Play Audio (sync): Click.wav","Member":"Play()","SourceFile":"AudioPlayService.cs:184"}
{"@t":"2025-12-05T02:36:44.6101126Z","@mt":"Start -> Language via Next","Member":".ctor()","SourceFile":"ExchangeSellStateMachine.cs:51"}
{"@t":"2025-12-05T02:36:45.9735100Z","@mt":"Language -> Exit via Exit","Member":".ctor()","SourceFile":"ExchangeSellStateMachine.cs:51"}
{"@t":"2025-12-05T02:36:47.0155506Z","@mt":"Play Audio (sync): Click.wav","Member":"Play()","SourceFile":"AudioPlayService.cs:184"}
{"@t":"2025-12-05T02:36:47.0192897Z","@mt":"Start -> Language via Next","Member":".ctor()","SourceFile":"GtfStateMachine.cs:66"}
{"@t":"2025-12-05T02:36:49.0864394Z","@mt":"Language -> Exit via Exit","Member":".ctor()","SourceFile":"GtfStateMachine.cs:66"}
{"@t":"2025-12-05T02:36:54.7809693Z","@mt":"Play Audio (sync): Click.wav","Member":"Play()","SourceFile":"AudioPlayService.cs:184"}
{"@t":"2025-12-05T02:36:54.7830560Z","@mt":"Start -> Language via Next","Member":".ctor()","SourceFile":"GtfStateMachine.cs:66"}
{"@t":"2025-12-05T02:36:55.3791837Z","@mt":"Background Task Excute  >> [SENT_CEMS_TX_RESULT]","Member":"RunJobSafe()","SourceFile":"BackgroundTaskService.cs:166"}
{"@t":"2025-12-05T02:36:55.4200197Z","@mt":"Background Task Excute  >> [UPDATE_EXCHANGE_RATE]","Member":"RunJobSafe()","SourceFile":"BackgroundTaskService.cs:166"}
{"@t":"2025-12-05T02:36:56.1584939Z","@mt":"Language -> Exit via Exit","Member":".ctor()","SourceFile":"GtfStateMachine.cs:66"}
{"@t":"2025-12-05T02:36:57.1265135Z","@mt":"Play Audio (sync): Click.wav","Member":"Play()","SourceFile":"AudioPlayService.cs:184"}
{"@t":"2025-12-05T02:36:57.1300014Z","@mt":"Start -> Language via Next","Member":".ctor()","SourceFile":"ExchangeSellStateMachine.cs:51"}
{"@t":"2025-12-05T02:36:58.9715613Z","@mt":"Language -> Exit via Exit","Member":".ctor()","SourceFile":"ExchangeSellStateMachine.cs:51"}
{"@t":"2025-12-05T02:37:06.3779814Z","@mt":"Background Task Excute  >> [SENT_CEMS_TX_RESULT]","Member":"RunJobSafe()","SourceFile":"BackgroundTaskService.cs:166"}
{"@t":"2025-12-05T02:37:06.4206363Z","@mt":"Background Task Excute  >> [UPDATE_EXCHANGE_RATE]","Member":"RunJobSafe()","SourceFile":"BackgroundTaskService.cs:166"}
{"@t":"2025-12-05T02:37:17.3806069Z","@mt":"Background Task Excute  >> [SENT_CEMS_TX_RESULT]","Member":"RunJobSafe()","SourceFile":"BackgroundTaskService.cs:166"}
{"@t":"2025-12-05T02:37:17.4321233Z","@mt":"Background Task Excute  >> [UPDATE_EXCHANGE_RATE]","Member":"RunJobSafe()","SourceFile":"BackgroundTaskService.cs:166"}
{"@t":"2025-12-05T02:37:28.3804777Z","@mt":"Background Task Excute  >> [SENT_CEMS_TX_RESULT]","Member":"RunJobSafe()","SourceFile":"BackgroundTaskService.cs:166"}
{"@t":"2025-12-05T02:37:28.4198144Z","@mt":"Background Task Excute  >> [UPDATE_EXCHANGE_RATE]","Member":"RunJobSafe()","SourceFile":"BackgroundTaskService.cs:166"}
{"@t":"2025-12-05T02:37:39.3787072Z","@mt":"Background Task Excute  >> [SENT_CEMS_TX_RESULT]","Member":"RunJobSafe()","SourceFile":"BackgroundTaskService.cs:166"}
{"@t":"2025-12-05T02:37:39.4156848Z","@mt":"Background Task Excute  >> [UPDATE_EXCHANGE_RATE]","Member":"RunJobSafe()","SourceFile":"BackgroundTaskService.cs:166"}
{"@t":"2025-12-05T02:37:50.3787833Z","@mt":"Background Task Excute  >> [SENT_CEMS_TX_RESULT]","Member":"RunJobSafe()","SourceFile":"BackgroundTaskService.cs:166"}
{"@t":"2025-12-05T02:37:50.4164114Z","@mt":"Background Task Excute  >> [UPDATE_EXCHANGE_RATE]","Member":"RunJobSafe()","SourceFile":"BackgroundTaskService.cs:166"}
{"@t":"2025-12-05T02:38:01.3803454Z","@mt":"Background Task Excute  >> [SENT_CEMS_TX_RESULT]","Member":"RunJobSafe()","SourceFile":"BackgroundTaskService.cs:166"}
{"@t":"2025-12-05T02:38:01.4189661Z","@mt":"Background Task Excute  >> [UPDATE_EXCHANGE_RATE]","Member":"RunJobSafe()","SourceFile":"BackgroundTaskService.cs:166"}
{"@t":"2025-12-05T02:38:12.3799283Z","@mt":"Background Task Excute  >> [SENT_CEMS_TX_RESULT]","Member":"RunJobSafe()","SourceFile":"BackgroundTaskService.cs:166"}
{"@t":"2025-12-05T02:38:12.4466656Z","@mt":"Background Task Excute  >> [UPDATE_EXCHANGE_RATE]","Member":"RunJobSafe()","SourceFile":"BackgroundTaskService.cs:166"}
{"@t":"2025-12-05T02:38:12.9376199Z","@mt":"Play Audio (sync): Click.wav","Member":"Play()","SourceFile":"AudioPlayService.cs:184"}
{"@t":"2025-12-05T02:38:12.9398155Z","@mt":"Start -> Language via Next","Member":".ctor()","SourceFile":"GtfStateMachine.cs:66"}
{"@t":"2025-12-05T02:38:14.3276649Z","@mt":"Language -> IdScanConsent via Next","Member":".ctor()","SourceFile":"GtfStateMachine.cs:66"}
{"@t":"2025-12-05T02:38:16.0003374Z","@mt":"IdScanConsent -> IdScanGuide via Next","Member":".ctor()","SourceFile":"GtfStateMachine.cs:66"}
{"@t":"2025-12-05T02:38:23.3802483Z","@mt":"Background Task Excute  >> [SENT_CEMS_TX_RESULT]","Member":"RunJobSafe()","SourceFile":"BackgroundTaskService.cs:166"}
{"@t":"2025-12-05T02:38:23.4139983Z","@mt":"Background Task Excute  >> [UPDATE_EXCHANGE_RATE]","Member":"RunJobSafe()","SourceFile":"BackgroundTaskService.cs:166"}
{"@t":"2025-12-05T02:38:25.0757754Z","@mt":"IdScanGuide -> IdScanProcess via Next","Member":".ctor()","SourceFile":"GtfStateMachine.cs:66"}
{"@t":"2025-12-05T02:38:28.2950641Z","@mt":"IdScanProcess -> RefundMethodSelect via Next","Member":".ctor()","SourceFile":"GtfStateMachine.cs:66"}
{"@t":"2025-12-05T02:38:34.2181474Z","@mt":"RefundMethodSelect -> Exit via Exit","Member":".ctor()","SourceFile":"GtfStateMachine.cs:66"}
{"@t":"2025-12-05T02:38:34.3800736Z","@mt":"Background Task Excute  >> [SENT_CEMS_TX_RESULT]","Member":"RunJobSafe()","SourceFile":"BackgroundTaskService.cs:166"}
{"@t":"2025-12-05T02:38:34.4181069Z","@mt":"Background Task Excute  >> [UPDATE_EXCHANGE_RATE]","Member":"RunJobSafe()","SourceFile":"BackgroundTaskService.cs:166"}
{"@t":"2025-12-05T02:38:45.3788927Z","@mt":"Background Task Excute  >> [SENT_CEMS_TX_RESULT]","Member":"RunJobSafe()","SourceFile":"BackgroundTaskService.cs:166"}
{"@t":"2025-12-05T02:38:45.4336984Z","@mt":"Background Task Excute  >> [UPDATE_EXCHANGE_RATE]","Member":"RunJobSafe()","SourceFile":"BackgroundTaskService.cs:166"}
{"@t":"2025-12-05T02:38:56.3786724Z","@mt":"Background Task Excute  >> [SENT_CEMS_TX_RESULT]","Member":"RunJobSafe()","SourceFile":"BackgroundTaskService.cs:166"}
{"@t":"2025-12-05T02:38:56.4133177Z","@mt":"Background Task Excute  >> [UPDATE_EXCHANGE_RATE]","Member":"RunJobSafe()","SourceFile":"BackgroundTaskService.cs:166"}
{"@t":"2025-12-05T02:39:07.3793380Z","@mt":"Background Task Excute  >> [SENT_CEMS_TX_RESULT]","Member":"RunJobSafe()","SourceFile":"BackgroundTaskService.cs:166"}
{"@t":"2025-12-05T02:39:07.4213195Z","@mt":"Background Task Excute  >> [UPDATE_EXCHANGE_RATE]","Member":"RunJobSafe()","SourceFile":"BackgroundTaskService.cs:166"}
{"@t":"2025-12-05T02:39:18.3788122Z","@mt":"Background Task Excute  >> [SENT_CEMS_TX_RESULT]","Member":"RunJobSafe()","SourceFile":"BackgroundTaskService.cs:166"}
{"@t":"2025-12-05T02:39:18.4102073Z","@mt":"Background Task Excute  >> [UPDATE_EXCHANGE_RATE]","Member":"RunJobSafe()","SourceFile":"BackgroundTaskService.cs:166"}
{"@t":"2025-12-05T02:39:29.3788550Z","@mt":"Background Task Excute  >> [SENT_CEMS_TX_RESULT]","Member":"RunJobSafe()","SourceFile":"BackgroundTaskService.cs:166"}
{"@t":"2025-12-05T02:39:29.4105155Z","@mt":"Background Task Excute  >> [UPDATE_EXCHANGE_RATE]","Member":"RunJobSafe()","SourceFile":"BackgroundTaskService.cs:166"}
{"@t":"2025-12-05T02:39:40.3789945Z","@mt":"Background Task Excute  >> [SENT_CEMS_TX_RESULT]","Member":"RunJobSafe()","SourceFile":"BackgroundTaskService.cs:166"}
{"@t":"2025-12-05T02:39:40.4129783Z","@mt":"Background Task Excute  >> [UPDATE_EXCHANGE_RATE]","Member":"RunJobSafe()","SourceFile":"BackgroundTaskService.cs:166"}
{"@t":"2025-12-05T02:39:51.3798476Z","@mt":"Background Task Excute  >> [SENT_CEMS_TX_RESULT]","Member":"RunJobSafe()","SourceFile":"BackgroundTaskService.cs:166"}
{"@t":"2025-12-05T02:39:51.4105920Z","@mt":"Background Task Excute  >> [UPDATE_EXCHANGE_RATE]","Member":"RunJobSafe()","SourceFile":"BackgroundTaskService.cs:166"}
{"@t":"2025-12-05T02:40:02.3848691Z","@mt":"Background Task Excute  >> [SENT_CEMS_TX_RESULT]","Member":"RunJobSafe()","SourceFile":"BackgroundTaskService.cs:166"}
{"@t":"2025-12-05T02:40:02.4155419Z","@mt":"Background Task Excute  >> [UPDATE_EXCHANGE_RATE]","Member":"RunJobSafe()","SourceFile":"BackgroundTaskService.cs:166"}
{"@t":"2025-12-05T02:40:13.3801321Z","@mt":"Background Task Excute  >> [SENT_CEMS_TX_RESULT]","Member":"RunJobSafe()","SourceFile":"BackgroundTaskService.cs:166"}
{"@t":"2025-12-05T02:40:13.4394618Z","@mt":"Background Task Excute  >> [UPDATE_EXCHANGE_RATE]","Member":"RunJobSafe()","SourceFile":"BackgroundTaskService.cs:166"}
{"@t":"2025-12-05T02:40:24.3794959Z","@mt":"Background Task Excute  >> [SENT_CEMS_TX_RESULT]","Member":"RunJobSafe()","SourceFile":"BackgroundTaskService.cs:166"}
{"@t":"2025-12-05T02:40:24.4171358Z","@mt":"Background Task Excute  >> [UPDATE_EXCHANGE_RATE]","Member":"RunJobSafe()","SourceFile":"BackgroundTaskService.cs:166"}
{"@t":"2025-12-05T02:40:35.3785487Z","@mt":"Background Task Excute  >> [SENT_CEMS_TX_RESULT]","Member":"RunJobSafe()","SourceFile":"BackgroundTaskService.cs:166"}
{"@t":"2025-12-05T02:40:35.4198618Z","@mt":"Background Task Excute  >> [UPDATE_EXCHANGE_RATE]","Member":"RunJobSafe()","SourceFile":"BackgroundTaskService.cs:166"}
{"@t":"2025-12-05T02:40:46.3789646Z","@mt":"Background Task Excute  >> [SENT_CEMS_TX_RESULT]","Member":"RunJobSafe()","SourceFile":"BackgroundTaskService.cs:166"}
{"@t":"2025-12-05T02:40:46.4189961Z","@mt":"Background Task Excute  >> [UPDATE_EXCHANGE_RATE]","Member":"RunJobSafe()","SourceFile":"BackgroundTaskService.cs:166"}
