{"@t":"2025-12-01T01:11:00.0431919Z","@mt":"BackgroundTaskService starting.","Member":"StartAsync()","SourceFile":"BackgroundTaskService.cs:46"}
{"@t":"2025-12-01T01:11:00.1233093Z","@mt":"BackgroundTaskService ExecuteAsync loop started.","Member":"ExecuteAsync()","SourceFile":"BackgroundTaskService.cs:74"}
{"@t":"2025-12-01T01:11:00.1383671Z","@mt":"App host started.","Member":"StartAsync()","SourceFile":"AppBootstrapper.cs:76"}
{"@t":"2025-12-01T01:11:00.1451534Z","@mt":"Loaded resource candidate: Assets/LANGUAGE\\StringResources.ko-KR.xaml","Member":"LoadForCulture()","SourceFile":"LocalizationService.cs:126"}
{"@t":"2025-12-01T01:11:01.5176870Z","@mt":"Background Task Failed >> [UPDATE_EXCHANGE_RATE]","@l":"Error","@x":"System.InvalidOperationException: sp_get_server_info 에 SERVER_NAME='CEMS' 레코드가 없습니다.\r\n   at KIOSK.Services.DataBase.ApiConfigFieldService.GetRequired(String serverName) in C:\\Users\\niaci\\RiderProjects\\MONEYBOX_2\\KIOSK\\Services\\DataBase\\ApiConfigFieldService.cs:line 47\r\n   at KIOSK.Bootstrap.Modules.BootstrapExtensions.<>c.<AddServices>b__1_1(IServiceProvider sp) in C:\\Users\\niaci\\RiderProjects\\MONEYBOX_2\\KIOSK\\Bootstrap\\Modules\\BootstrapExtensions.cs:line 140\r\n   at Microsoft.Extensions.DependencyInjection.ServiceLookup.CallSiteRuntimeResolver.VisitFactory(FactoryCallSite factoryCallSite, RuntimeResolverContext context)\r\n   at Microsoft.Extensions.DependencyInjection.ServiceLookup.CallSiteVisitor`2.VisitCallSiteMain(ServiceCallSite callSite, TArgument argument)\r\n   at Microsoft.Extensions.DependencyInjection.ServiceLookup.CallSiteRuntimeResolver.VisitRootCache(ServiceCallSite callSite, RuntimeResolverContext context)\r\n   at Microsoft.Extensions.DependencyInjection.ServiceLookup.CallSiteVisitor`2.VisitCallSite(ServiceCallSite callSite, TArgument argument)\r\n   at Microsoft.Extensions.DependencyInjection.ServiceLookup.CallSiteRuntimeResolver.VisitConstructor(ConstructorCallSite constructorCallSite, RuntimeResolverContext context)\r\n   at Microsoft.Extensions.DependencyInjection.ServiceLookup.CallSiteVisitor`2.VisitCallSiteMain(ServiceCallSite callSite, TArgument argument)\r\n   at Microsoft.Extensions.DependencyInjection.ServiceLookup.CallSiteRuntimeResolver.VisitCache(ServiceCallSite callSite, RuntimeResolverContext context, ServiceProviderEngineScope serviceProviderEngine, RuntimeResolverLock lockType)\r\n   at Microsoft.Extensions.DependencyInjection.ServiceLookup.CallSiteRuntimeResolver.VisitScopeCache(ServiceCallSite callSite, RuntimeResolverContext context)\r\n   at Microsoft.Extensions.DependencyInjection.ServiceLookup.CallSiteVisitor`2.VisitCallSite(ServiceCallSite callSite, TArgument argument)\r\n   at Microsoft.Extensions.DependencyInjection.ServiceLookup.CallSiteRuntimeResolver.VisitConstructor(ConstructorCallSite constructorCallSite, RuntimeResolverContext context)\r\n   at Microsoft.Extensions.DependencyInjection.ServiceLookup.CallSiteVisitor`2.VisitCallSiteMain(ServiceCallSite callSite, TArgument argument)\r\n   at Microsoft.Extensions.DependencyInjection.ServiceLookup.CallSiteRuntimeResolver.VisitCache(ServiceCallSite callSite, RuntimeResolverContext context, ServiceProviderEngineScope serviceProviderEngine, RuntimeResolverLock lockType)\r\n   at Microsoft.Extensions.DependencyInjection.ServiceLookup.CallSiteRuntimeResolver.VisitScopeCache(ServiceCallSite callSite, RuntimeResolverContext context)\r\n   at Microsoft.Extensions.DependencyInjection.ServiceLookup.CallSiteVisitor`2.VisitCallSite(ServiceCallSite callSite, TArgument argument)\r\n   at Microsoft.Extensions.DependencyInjection.ServiceLookup.CallSiteRuntimeResolver.Resolve(ServiceCallSite callSite, ServiceProviderEngineScope scope)\r\n   at Microsoft.Extensions.DependencyInjection.ServiceLookup.DynamicServiceProviderEngine.<>c__DisplayClass2_0.<RealizeService>b__0(ServiceProviderEngineScope scope)\r\n   at Microsoft.Extensions.DependencyInjection.ServiceProvider.GetService(ServiceIdentifier serviceIdentifier, ServiceProviderEngineScope serviceProviderEngineScope)\r\n   at Microsoft.Extensions.DependencyInjection.ServiceLookup.ServiceProviderEngineScope.GetService(Type serviceType)\r\n   at Microsoft.Extensions.DependencyInjection.ServiceProviderServiceExtensions.GetRequiredService(IServiceProvider provider, Type serviceType)\r\n   at Microsoft.Extensions.DependencyInjection.ServiceProviderServiceExtensions.GetRequiredService[T](IServiceProvider provider)\r\n   at KIOSK.Bootstrap.Modules.BootstrapExtensions.<>c.<<AddBackgroundServices>b__2_1>d.MoveNext() in C:\\Users\\niaci\\RiderProjects\\MONEYBOX_2\\KIOSK\\Bootstrap\\Modules\\BootstrapExtensions.cs:line 260\r\n--- End of stack trace from previous location ---\r\n   at KIOSK.Services.BackgroundTaskService.RunJobSafe(BackgroundTaskDescriptor job, CancellationToken ct) in C:\\Users\\niaci\\RiderProjects\\MONEYBOX_2\\KIOSK\\Services\\BackgroundTaskService.cs:line 163","Member":"RunJobSafe()","SourceFile":"BackgroundTaskService.cs:173"}
{"@t":"2025-12-01T01:11:02.1724361Z","@mt":"Init Database Successed","Member":"InitializeDatabaseAsync()","SourceFile":"BootstrapService.cs:206"}
{"@t":"2025-12-01T01:11:02.1759658Z","@mt":"Skipped SENT_CEMS_TX_RESULT because previous run is still executing.","@l":"Debug","Member":"RunJobSafe()","SourceFile":"BackgroundTaskService.cs:150"}
{"@t":"2025-12-01T01:11:02.2673833Z","@mt":"Init Localization Successed: ko-KR","Member":"InitializeLocationAsync()","SourceFile":"BootstrapService.cs:226"}
{"@t":"2025-12-01T01:11:05.8846978Z","@mt":"Background Task Excute  >> [SENT_CEMS_TX_RESULT]","Member":"RunJobSafe()","SourceFile":"BackgroundTaskService.cs:165"}
{"@t":"2025-12-01T01:11:05.9107865Z","@mt":"Skipped UPDATE_EXCHANGE_RATE because previous run is still executing.","@l":"Debug","Member":"RunJobSafe()","SourceFile":"BackgroundTaskService.cs:150"}
{"@t":"2025-12-01T01:11:05.9943402Z","@mt":"Cached audio loaded: Coin.wav (560360 bytes). Total cache bytes: 899056","Member":"GetOrLoadCachedSound()","SourceFile":"AudioPlayService.cs:118"}
{"@t":"2025-12-01T01:11:05.9943385Z","@mt":"Cached audio loaded: Bill.wav (338696 bytes). Total cache bytes: 899056","Member":"GetOrLoadCachedSound()","SourceFile":"AudioPlayService.cs:118"}
{"@t":"2025-12-01T01:11:06.0005382Z","@mt":"Cached audio loaded: Click.wav (175360 bytes). Total cache bytes: 1074416","Member":"GetOrLoadCachedSound()","SourceFile":"AudioPlayService.cs:118"}
{"@t":"2025-12-01T01:11:07.3858690Z","@mt":"Skipped UPDATE_EXCHANGE_RATE because previous run is still executing.","@l":"Debug","Member":"RunJobSafe()","SourceFile":"BackgroundTaskService.cs:150"}
{"@t":"2025-12-01T01:11:07.3892966Z","@mt":"Background Task Excute  >> [UPDATE_EXCHANGE_RATE]","Member":"RunJobSafe()","SourceFile":"BackgroundTaskService.cs:165"}
{"@t":"2025-12-01T01:11:16.1327351Z","@mt":"Background Task Excute  >> [SENT_CEMS_TX_RESULT]","Member":"RunJobSafe()","SourceFile":"BackgroundTaskService.cs:165"}
{"@t":"2025-12-01T01:11:18.1637343Z","@mt":"Background Task Excute  >> [UPDATE_EXCHANGE_RATE]","Member":"RunJobSafe()","SourceFile":"BackgroundTaskService.cs:165"}
{"@t":"2025-12-01T01:11:27.1326391Z","@mt":"Background Task Excute  >> [SENT_CEMS_TX_RESULT]","Member":"RunJobSafe()","SourceFile":"BackgroundTaskService.cs:165"}
{"@t":"2025-12-01T01:11:29.1586870Z","@mt":"Background Task Excute  >> [UPDATE_EXCHANGE_RATE]","Member":"RunJobSafe()","SourceFile":"BackgroundTaskService.cs:165"}
{"@t":"2025-12-01T01:11:34.9318944Z","@mt":"Play Audio (sync): Click.wav","Member":"Play()","SourceFile":"AudioPlayService.cs:183"}
{"@t":"2025-12-01T01:11:35.0363186Z","@mt":"Start -> Language via Next","Member":".ctor()","SourceFile":"GtfStateMachine.cs:57"}
{"@t":"2025-12-01T01:11:38.0059169Z","@mt":"Language -> Exit via Exit","Member":".ctor()","SourceFile":"GtfStateMachine.cs:57"}
{"@t":"2025-12-01T01:11:38.1735956Z","@mt":"Background Task Excute  >> [SENT_CEMS_TX_RESULT]","Member":"RunJobSafe()","SourceFile":"BackgroundTaskService.cs:165"}
{"@t":"2025-12-01T01:11:38.8673255Z","@mt":"Play Audio (sync): Click.wav","Member":"Play()","SourceFile":"AudioPlayService.cs:183"}
{"@t":"2025-12-01T01:11:38.8852597Z","@mt":"Start -> Language via Next","Member":".ctor()","SourceFile":"ExchangeSellStateMachine.cs:44"}
{"@t":"2025-12-01T01:11:39.9631760Z","@mt":"Language -> Exit via Exit","Member":".ctor()","SourceFile":"ExchangeSellStateMachine.cs:44"}
{"@t":"2025-12-01T01:11:40.1563451Z","@mt":"Background Task Excute  >> [UPDATE_EXCHANGE_RATE]","Member":"RunJobSafe()","SourceFile":"BackgroundTaskService.cs:165"}
{"@t":"2025-12-01T01:11:43.9149120Z","@mt":"Play Audio (sync): Click.wav","Member":"Play()","SourceFile":"AudioPlayService.cs:183"}
{"@t":"2025-12-01T01:11:43.9183180Z","@mt":"Start -> Language via Next","Member":".ctor()","SourceFile":"GtfStateMachine.cs:57"}
{"@t":"2025-12-01T01:11:44.9885649Z","@mt":"Language -> Exit via Exit","Member":".ctor()","SourceFile":"GtfStateMachine.cs:57"}
{"@t":"2025-12-01T01:11:45.6392605Z","@mt":"Play Audio (sync): Click.wav","Member":"Play()","SourceFile":"AudioPlayService.cs:183"}
{"@t":"2025-12-01T01:11:45.6420084Z","@mt":"Start -> Language via Next","Member":".ctor()","SourceFile":"ExchangeSellStateMachine.cs:44"}
{"@t":"2025-12-01T01:11:47.0895886Z","@mt":"Language -> Currency via Next","Member":".ctor()","SourceFile":"ExchangeSellStateMachine.cs:44"}
{"@t":"2025-12-01T01:11:48.1766631Z","@mt":"Currency -> Language via Previous","Member":".ctor()","SourceFile":"ExchangeSellStateMachine.cs:44"}
{"@t":"2025-12-01T01:11:48.8509176Z","@mt":"Language -> Exit via Exit","Member":".ctor()","SourceFile":"ExchangeSellStateMachine.cs:44"}
{"@t":"2025-12-01T01:11:49.1329370Z","@mt":"Background Task Excute  >> [SENT_CEMS_TX_RESULT]","Member":"RunJobSafe()","SourceFile":"BackgroundTaskService.cs:165"}
{"@t":"2025-12-01T01:11:50.0581422Z","@mt":"Play Audio (sync): Click.wav","Member":"Play()","SourceFile":"AudioPlayService.cs:183"}
{"@t":"2025-12-01T01:11:50.0609887Z","@mt":"Start -> Language via Next","Member":".ctor()","SourceFile":"GtfStateMachine.cs:57"}
{"@t":"2025-12-01T01:11:51.1597939Z","@mt":"Background Task Excute  >> [UPDATE_EXCHANGE_RATE]","Member":"RunJobSafe()","SourceFile":"BackgroundTaskService.cs:165"}
{"@t":"2025-12-01T01:11:52.8281975Z","@mt":"Language -> IdScanConsent via Next","Member":".ctor()","SourceFile":"GtfStateMachine.cs:57"}
{"@t":"2025-12-01T01:11:55.6239973Z","@mt":"IdScanConsent -> Exit via Exit","Member":".ctor()","SourceFile":"GtfStateMachine.cs:57"}
{"@t":"2025-12-01T01:12:00.1333981Z","@mt":"Background Task Excute  >> [SENT_CEMS_TX_RESULT]","Member":"RunJobSafe()","SourceFile":"BackgroundTaskService.cs:165"}
{"@t":"2025-12-01T01:12:02.1581716Z","@mt":"Background Task Excute  >> [UPDATE_EXCHANGE_RATE]","Member":"RunJobSafe()","SourceFile":"BackgroundTaskService.cs:165"}
{"@t":"2025-12-01T01:12:11.1318783Z","@mt":"Background Task Excute  >> [SENT_CEMS_TX_RESULT]","Member":"RunJobSafe()","SourceFile":"BackgroundTaskService.cs:165"}
{"@t":"2025-12-01T01:12:13.1570814Z","@mt":"Background Task Excute  >> [UPDATE_EXCHANGE_RATE]","Member":"RunJobSafe()","SourceFile":"BackgroundTaskService.cs:165"}
{"@t":"2025-12-01T01:12:22.1324409Z","@mt":"Background Task Excute  >> [SENT_CEMS_TX_RESULT]","Member":"RunJobSafe()","SourceFile":"BackgroundTaskService.cs:165"}
{"@t":"2025-12-01T01:12:24.1595568Z","@mt":"Background Task Excute  >> [UPDATE_EXCHANGE_RATE]","Member":"RunJobSafe()","SourceFile":"BackgroundTaskService.cs:165"}
{"@t":"2025-12-01T01:12:33.1330475Z","@mt":"Background Task Excute  >> [SENT_CEMS_TX_RESULT]","Member":"RunJobSafe()","SourceFile":"BackgroundTaskService.cs:165"}
{"@t":"2025-12-01T01:12:35.1572168Z","@mt":"Background Task Excute  >> [UPDATE_EXCHANGE_RATE]","Member":"RunJobSafe()","SourceFile":"BackgroundTaskService.cs:165"}
{"@t":"2025-12-01T01:12:44.1327227Z","@mt":"Background Task Excute  >> [SENT_CEMS_TX_RESULT]","Member":"RunJobSafe()","SourceFile":"BackgroundTaskService.cs:165"}
